<?xml version="1.0" encoding="UTF-8"?>
<!-- Generated by org.testng.reporters.JUnitXMLReporter -->
<testsuite ignored="0" hostname="archroot" failures="2" tests="5" name="Cart Tests" time="148.028" errors="0" timestamp="2025-12-07T13:31:09 EET">
  <testcase classname="tests.CartTest" name="verifyAddRemoveItemFromCart" time="7.408"/>
  <testcase classname="tests.CartTest" name="verifyAddRemoveItemFromCart" time="6.125">
    <failure type="java.lang.AssertionError" message="The following asserts failed:
	User : &amp;apos;problem_user&amp;apos;, The product: Sauce Labs Bolt T-Shirt, Add to Cart test failed: badge count did not decrease expected [true] but found [false],
	User : &amp;apos;problem_user&amp;apos;, The product: Sauce Labs Bolt T-Shirt name does not match the expected name. expected [Sauce Labs Bolt T-Shirt] but found [Sauce Labs Bike Light],
	User : &amp;apos;problem_user&amp;apos;, The product: Sauce Labs Bolt T-Shirt description does not match the expected description. expected [Get your testing superhero on with the Sauce Labs bolt T-shirt. From American Apparel, 100% ringspun combed cotton, heather gray with red bolt.] but found [A red light isn&amp;apos;t the desired state in testing but it sure helps when riding your bike at night. Water-resistant with 3 lighting modes, 1 AAA battery included.],
	User : &amp;apos;problem_user&amp;apos;,The product: Sauce Labs Bolt T-Shirt price does not match the expected price. expected [$15.99] but found [$9.99],
	User : &amp;apos;problem_user&amp;apos;, The product: Sauce Labs Fleece Jacket, Add to Cart test failed: badge count did not decrease expected [true] but found [false],
	User : &amp;apos;problem_user&amp;apos;, The product: Sauce Labs Fleece Jacket name does not match the expected name. expected [Sauce Labs Fleece Jacket] but found [Sauce Labs Bike Light],
	User : &amp;apos;problem_user&amp;apos;, The product: Sauce Labs Fleece Jacket description does not match the expected description. expected [It&amp;apos;s not every day that you come across a midweight quarter-zip fleece jacket capable of handling everything from a relaxing day outdoors to a busy day at the office.] but found [A red light isn&amp;apos;t the desired state in testing but it sure helps when riding your bike at night. Water-resistant with 3 lighting modes, 1 AAA battery included.],
	User : &amp;apos;problem_user&amp;apos;,The product: Sauce Labs Fleece Jacket price does not match the expected price. expected [$49.99] but found [$9.99],
	User : &amp;apos;problem_user&amp;apos;, The product: Test.allTheThings() T-Shirt (Red), Add to Cart test failed: badge count did not decrease expected [true] but found [false],
	User : &amp;apos;problem_user&amp;apos;, The product: Test.allTheThings() T-Shirt (Red) name does not match the expected name. expected [Test.allTheThings() T-Shirt (Red)] but found [Sauce Labs Onesie],
	User : &amp;apos;problem_user&amp;apos;, The product: Test.allTheThings() T-Shirt (Red) description does not match the expected description. expected [This classic Sauce Labs t-shirt is perfect to wear when cozying up to your keyboard to automate a few tests. Super-soft and comfy ringspun combed cotton.] but found [Rib snap infant onesie for the junior automation engineer in development. Reinforced 3-snap bottom closure, two-needle hemmed sleeved and bottom won&amp;apos;t unravel.],
	User : &amp;apos;problem_user&amp;apos;,The product: Test.allTheThings() T-Shirt (Red) price does not match the expected price. expected [$15.99] but found [$7.99],
	User : &amp;apos;problem_user&amp;apos;, The product: Sauce Labs Backpack, Add to Cart test failed: badge count did not decrease expected [true] but found [false],
	User : &amp;apos;problem_user&amp;apos;, The product Sauce Labs Backpack was not removed from the cart. expected [false] but found [true],
	User : &amp;apos;problem_user&amp;apos;, The product: Sauce Labs Bike Light, Add to Cart test failed: badge count did not decrease expected [true] but found [false],
	User : &amp;apos;problem_user&amp;apos;, The product Sauce Labs Bike Light was not removed from the cart. expected [false] but found [true],
	User : &amp;apos;problem_user&amp;apos;, The product: Sauce Labs Bolt T-Shirt, Add to Cart test failed: badge count did not decrease expected [true] but found [false],
	User : &amp;apos;problem_user&amp;apos;, The product: Sauce Labs Fleece Jacket, Add to Cart test failed: badge count did not decrease expected [true] but found [false],
	User : &amp;apos;problem_user&amp;apos;, The product: Sauce Labs Onesie, Add to Cart test failed: badge count did not decrease expected [true] but found [false],
	User : &amp;apos;problem_user&amp;apos;, The product Sauce Labs Onesie was not removed from the cart. expected [false] but found [true],
	User : &amp;apos;problem_user&amp;apos;, The product: Test.allTheThings() T-Shirt (Red), Add to Cart test failed: badge count did not decrease expected [true] but found [false]">
      <![CDATA[java.lang.AssertionError: The following asserts failed:
User : 'problem_user', The product: Sauce Labs Bolt T-Shirt, Add to Cart test failed: badge count did not decrease expected [true] but found [false],
User : 'problem_user', The product: Sauce Labs Bolt T-Shirt name does not match the expected name. expected [Sauce Labs Bolt T-Shirt] but found [Sauce Labs Bike Light],
User : 'problem_user', The product: Sauce Labs Bolt T-Shirt description does not match the expected description. expected [Get your testing superhero on with the Sauce Labs bolt T-shirt. From American Apparel, 100% ringspun combed cotton, heather gray with red bolt.] but found [A red light isn't the desired state in testing but it sure helps when riding your bike at night. Water-resistant with 3 lighting modes, 1 AAA battery included.],
User : 'problem_user',The product: Sauce Labs Bolt T-Shirt price does not match the expected price. expected [$15.99] but found [$9.99],
User : 'problem_user', The product: Sauce Labs Fleece Jacket, Add to Cart test failed: badge count did not decrease expected [true] but found [false],
User : 'problem_user', The product: Sauce Labs Fleece Jacket name does not match the expected name. expected [Sauce Labs Fleece Jacket] but found [Sauce Labs Bike Light],
User : 'problem_user', The product: Sauce Labs Fleece Jacket description does not match the expected description. expected [It's not every day that you come across a midweight quarter-zip fleece jacket capable of handling everything from a relaxing day outdoors to a busy day at the office.] but found [A red light isn't the desired state in testing but it sure helps when riding your bike at night. Water-resistant with 3 lighting modes, 1 AAA battery included.],
User : 'problem_user',The product: Sauce Labs Fleece Jacket price does not match the expected price. expected [$49.99] but found [$9.99],
User : 'problem_user', The product: Test.allTheThings() T-Shirt (Red), Add to Cart test failed: badge count did not decrease expected [true] but found [false],
User : 'problem_user', The product: Test.allTheThings() T-Shirt (Red) name does not match the expected name. expected [Test.allTheThings() T-Shirt (Red)] but found [Sauce Labs Onesie],
User : 'problem_user', The product: Test.allTheThings() T-Shirt (Red) description does not match the expected description. expected [This classic Sauce Labs t-shirt is perfect to wear when cozying up to your keyboard to automate a few tests. Super-soft and comfy ringspun combed cotton.] but found [Rib snap infant onesie for the junior automation engineer in development. Reinforced 3-snap bottom closure, two-needle hemmed sleeved and bottom won't unravel.],
User : 'problem_user',The product: Test.allTheThings() T-Shirt (Red) price does not match the expected price. expected [$15.99] but found [$7.99],
User : 'problem_user', The product: Sauce Labs Backpack, Add to Cart test failed: badge count did not decrease expected [true] but found [false],
User : 'problem_user', The product Sauce Labs Backpack was not removed from the cart. expected [false] but found [true],
User : 'problem_user', The product: Sauce Labs Bike Light, Add to Cart test failed: badge count did not decrease expected [true] but found [false],
User : 'problem_user', The product Sauce Labs Bike Light was not removed from the cart. expected [false] but found [true],
User : 'problem_user', The product: Sauce Labs Bolt T-Shirt, Add to Cart test failed: badge count did not decrease expected [true] but found [false],
User : 'problem_user', The product: Sauce Labs Fleece Jacket, Add to Cart test failed: badge count did not decrease expected [true] but found [false],
User : 'problem_user', The product: Sauce Labs Onesie, Add to Cart test failed: badge count did not decrease expected [true] but found [false],
User : 'problem_user', The product Sauce Labs Onesie was not removed from the cart. expected [false] but found [true],
User : 'problem_user', The product: Test.allTheThings() T-Shirt (Red), Add to Cart test failed: badge count did not decrease expected [true] but found [false]
at tests.CartTest.verifyAddRemoveItemFromCart(CartTest.java:128)
at java.base/java.util.ArrayList.forEach(ArrayList.java:1604)
at java.base/java.util.concurrent.FutureTask.run(FutureTask.java:328)
at java.base/java.util.concurrent.ThreadPoolExecutor.runWorker(ThreadPoolExecutor.java:1090)
at java.base/java.util.concurrent.ThreadPoolExecutor$Worker.run(ThreadPoolExecutor.java:614)
at java.base/java.lang.Thread.run(Thread.java:1474)
... Removed 17 stack frames]]>
    </failure>
  </testcase> <!-- verifyAddRemoveItemFromCart -->
  <testcase classname="tests.CartTest" name="verifyAddRemoveItemFromCart" time="71.305"/>
  <testcase classname="tests.CartTest" name="verifyAddRemoveItemFromCart" time="9.517">
    <failure type="java.lang.AssertionError" message="The following asserts failed:
	User : &amp;apos;error_user&amp;apos;, The product: Sauce Labs Bolt T-Shirt, Add to Cart test failed: badge count did not decrease expected [true] but found [false],
	User : &amp;apos;error_user&amp;apos;, The product: Sauce Labs Bolt T-Shirt name does not match the expected name. expected [Sauce Labs Bolt T-Shirt] but found [Sauce Labs Bike Light],
	User : &amp;apos;error_user&amp;apos;, The product: Sauce Labs Bolt T-Shirt description does not match the expected description. expected [Get your testing superhero on with the Sauce Labs bolt T-shirt. From American Apparel, 100% ringspun combed cotton, heather gray with red bolt.] but found [A red light isn&amp;apos;t the desired state in testing but it sure helps when riding your bike at night. Water-resistant with 3 lighting modes, 1 AAA battery included.],
	User : &amp;apos;error_user&amp;apos;,The product: Sauce Labs Bolt T-Shirt price does not match the expected price. expected [$15.99] but found [$9.99],
	User : &amp;apos;error_user&amp;apos;, The product: Sauce Labs Fleece Jacket, Add to Cart test failed: badge count did not decrease expected [true] but found [false],
	User : &amp;apos;error_user&amp;apos;, The product: Sauce Labs Fleece Jacket name does not match the expected name. expected [Sauce Labs Fleece Jacket] but found [Sauce Labs Bike Light],
	User : &amp;apos;error_user&amp;apos;, The product: Sauce Labs Fleece Jacket description does not match the expected description. expected [It&amp;apos;s not every day that you come across a midweight quarter-zip fleece jacket capable of handling everything from a relaxing day outdoors to a busy day at the office.] but found [A red light isn&amp;apos;t the desired state in testing but it sure helps when riding your bike at night. Water-resistant with 3 lighting modes, 1 AAA battery included.],
	User : &amp;apos;error_user&amp;apos;,The product: Sauce Labs Fleece Jacket price does not match the expected price. expected [$49.99] but found [$9.99],
	User : &amp;apos;error_user&amp;apos;, The product: Test.allTheThings() T-Shirt (Red), Add to Cart test failed: badge count did not decrease expected [true] but found [false],
	User : &amp;apos;error_user&amp;apos;, The product: Test.allTheThings() T-Shirt (Red) name does not match the expected name. expected [Test.allTheThings() T-Shirt (Red)] but found [Sauce Labs Onesie],
	User : &amp;apos;error_user&amp;apos;, The product: Test.allTheThings() T-Shirt (Red) description does not match the expected description. expected [This classic Sauce Labs t-shirt is perfect to wear when cozying up to your keyboard to automate a few tests. Super-soft and comfy ringspun combed cotton.] but found [Rib snap infant onesie for the junior automation engineer in development. Reinforced 3-snap bottom closure, two-needle hemmed sleeved and bottom won&amp;apos;t unravel.],
	User : &amp;apos;error_user&amp;apos;,The product: Test.allTheThings() T-Shirt (Red) price does not match the expected price. expected [$15.99] but found [$7.99],
	User : &amp;apos;error_user&amp;apos;, The product: Sauce Labs Backpack, Add to Cart test failed: badge count did not decrease expected [true] but found [false],
	User : &amp;apos;error_user&amp;apos;, The product Sauce Labs Backpack was not removed from the cart. expected [false] but found [true],
	User : &amp;apos;error_user&amp;apos;, The product: Sauce Labs Bike Light, Add to Cart test failed: badge count did not decrease expected [true] but found [false],
	User : &amp;apos;error_user&amp;apos;, The product Sauce Labs Bike Light was not removed from the cart. expected [false] but found [true],
	User : &amp;apos;error_user&amp;apos;, The product: Sauce Labs Bolt T-Shirt, Add to Cart test failed: badge count did not decrease expected [true] but found [false],
	User : &amp;apos;error_user&amp;apos;, The product: Sauce Labs Fleece Jacket, Add to Cart test failed: badge count did not decrease expected [true] but found [false],
	User : &amp;apos;error_user&amp;apos;, The product: Sauce Labs Onesie, Add to Cart test failed: badge count did not decrease expected [true] but found [false],
	User : &amp;apos;error_user&amp;apos;, The product Sauce Labs Onesie was not removed from the cart. expected [false] but found [true],
	User : &amp;apos;error_user&amp;apos;, The product: Test.allTheThings() T-Shirt (Red), Add to Cart test failed: badge count did not decrease expected [true] but found [false]">
      <![CDATA[java.lang.AssertionError: The following asserts failed:
User : 'error_user', The product: Sauce Labs Bolt T-Shirt, Add to Cart test failed: badge count did not decrease expected [true] but found [false],
User : 'error_user', The product: Sauce Labs Bolt T-Shirt name does not match the expected name. expected [Sauce Labs Bolt T-Shirt] but found [Sauce Labs Bike Light],
User : 'error_user', The product: Sauce Labs Bolt T-Shirt description does not match the expected description. expected [Get your testing superhero on with the Sauce Labs bolt T-shirt. From American Apparel, 100% ringspun combed cotton, heather gray with red bolt.] but found [A red light isn't the desired state in testing but it sure helps when riding your bike at night. Water-resistant with 3 lighting modes, 1 AAA battery included.],
User : 'error_user',The product: Sauce Labs Bolt T-Shirt price does not match the expected price. expected [$15.99] but found [$9.99],
User : 'error_user', The product: Sauce Labs Fleece Jacket, Add to Cart test failed: badge count did not decrease expected [true] but found [false],
User : 'error_user', The product: Sauce Labs Fleece Jacket name does not match the expected name. expected [Sauce Labs Fleece Jacket] but found [Sauce Labs Bike Light],
User : 'error_user', The product: Sauce Labs Fleece Jacket description does not match the expected description. expected [It's not every day that you come across a midweight quarter-zip fleece jacket capable of handling everything from a relaxing day outdoors to a busy day at the office.] but found [A red light isn't the desired state in testing but it sure helps when riding your bike at night. Water-resistant with 3 lighting modes, 1 AAA battery included.],
User : 'error_user',The product: Sauce Labs Fleece Jacket price does not match the expected price. expected [$49.99] but found [$9.99],
User : 'error_user', The product: Test.allTheThings() T-Shirt (Red), Add to Cart test failed: badge count did not decrease expected [true] but found [false],
User : 'error_user', The product: Test.allTheThings() T-Shirt (Red) name does not match the expected name. expected [Test.allTheThings() T-Shirt (Red)] but found [Sauce Labs Onesie],
User : 'error_user', The product: Test.allTheThings() T-Shirt (Red) description does not match the expected description. expected [This classic Sauce Labs t-shirt is perfect to wear when cozying up to your keyboard to automate a few tests. Super-soft and comfy ringspun combed cotton.] but found [Rib snap infant onesie for the junior automation engineer in development. Reinforced 3-snap bottom closure, two-needle hemmed sleeved and bottom won't unravel.],
User : 'error_user',The product: Test.allTheThings() T-Shirt (Red) price does not match the expected price. expected [$15.99] but found [$7.99],
User : 'error_user', The product: Sauce Labs Backpack, Add to Cart test failed: badge count did not decrease expected [true] but found [false],
User : 'error_user', The product Sauce Labs Backpack was not removed from the cart. expected [false] but found [true],
User : 'error_user', The product: Sauce Labs Bike Light, Add to Cart test failed: badge count did not decrease expected [true] but found [false],
User : 'error_user', The product Sauce Labs Bike Light was not removed from the cart. expected [false] but found [true],
User : 'error_user', The product: Sauce Labs Bolt T-Shirt, Add to Cart test failed: badge count did not decrease expected [true] but found [false],
User : 'error_user', The product: Sauce Labs Fleece Jacket, Add to Cart test failed: badge count did not decrease expected [true] but found [false],
User : 'error_user', The product: Sauce Labs Onesie, Add to Cart test failed: badge count did not decrease expected [true] but found [false],
User : 'error_user', The product Sauce Labs Onesie was not removed from the cart. expected [false] but found [true],
User : 'error_user', The product: Test.allTheThings() T-Shirt (Red), Add to Cart test failed: badge count did not decrease expected [true] but found [false]
at tests.CartTest.verifyAddRemoveItemFromCart(CartTest.java:128)
at java.base/java.util.ArrayList.forEach(ArrayList.java:1604)
at java.base/java.util.concurrent.FutureTask.run(FutureTask.java:328)
at java.base/java.util.concurrent.ThreadPoolExecutor.runWorker(ThreadPoolExecutor.java:1090)
at java.base/java.util.concurrent.ThreadPoolExecutor$Worker.run(ThreadPoolExecutor.java:614)
at java.base/java.lang.Thread.run(Thread.java:1474)
... Removed 17 stack frames]]>
    </failure>
  </testcase> <!-- verifyAddRemoveItemFromCart -->
  <testcase classname="tests.CartTest" name="verifyAddRemoveItemFromCart" time="6.446"/>
</testsuite> <!-- Cart Tests -->
