<html>
<head>
<title>TestNG:  Checkout Tests</title>
<link href="../testng.css" rel="stylesheet" type="text/css" />
<link href="../my-testng.css" rel="stylesheet" type="text/css" />

<style type="text/css">
.log { display: none;} 
.stack-trace { display: none;} 
</style>
<script type="text/javascript">
<!--
function flip(e) {
  current = e.style.display;
  if (current == 'block') {
    e.style.display = 'none';
    return 0;
  }
  else {
    e.style.display = 'block';
    return 1;
  }
}

function toggleBox(szDivId, elem, msg1, msg2)
{
  var res = -1;  if (document.getElementById) {
    res = flip(document.getElementById(szDivId));
  }
  else if (document.all) {
    // this is the way old msie versions work
    res = flip(document.all[szDivId]);
  }
  if(elem) {
    if(res == 0) elem.innerHTML = msg1; else elem.innerHTML = msg2;
  }

}

function toggleAllBoxes() {
  if (document.getElementsByTagName) {
    d = document.getElementsByTagName('div');
    for (i = 0; i < d.length; i++) {
      if (d[i].className == 'log') {
        flip(d[i]);
      }
    }
  }
}

// -->
</script>

</head>
<body>
<h2 align='center'>Checkout Tests</h2><table border='1' align="center">
<tr>
<td>Tests passed/Failed/Skipped:</td><td>3/2/0</td>
</tr><tr>
<td>Started on:</td><td>Sun Dec 07 13:29:04 EET 2025</td>
</tr>
<tr><td>Total time:</td><td>425 seconds (425303 ms)</td>
</tr><tr>
<td>Included groups:</td><td></td>
</tr><tr>
<td>Excluded groups:</td><td></td>
</tr>
</table><p/>
<small><i>(Hover the method name to see the test class name)</i></small><p/>
<table width='100%' border='1' class='invocation-failed'>
<tr><td colspan='4' align='center'><b>FAILED TESTS</b></td></tr>
<tr><td><b>Test method</b></td>
<td><b>Attribute(s)</b></td>
<td width="30%"><b>Exception</b></td>
<td width="10%"><b>Time (seconds)</b></td>
<td><b>Instance</b></td>
</tr>
<tr>
<td title='tests.CheckoutInfoTest.testCheckoutPage()'><b>testCheckoutPage</b><br>Test class: tests.CheckoutInfoTest<br>Parameters: error_user, secret_sauce</td>
<td><div><pre>java.lang.AssertionError: The following asserts failed:
	User : &apos;error_user&apos;, The error message is incorrect for the provided user details. First Name : John Last Name :  zip Code: 67890 expected [Error: Last Name is required] but found [],
	User : &apos;error_user&apos;, The error message is incorrect for the provided user details. First Name : John Last Name :  zip Code: 67890 expected [Error: Last Name is required] but found [],
	User : &apos;error_user&apos;, Product: &apos;Sauce Labs Bolt T-Shirt&apos;, name does not match the expected name. expected [Sauce Labs Bolt T-Shirt] but found [Sauce Labs Bike Light],
	User : &apos;error_user&apos;, The error message is incorrect for the provided user details. First Name : John Last Name :  zip Code: 67890 expected [Error: Last Name is required] but found [],
	User : &apos;error_user&apos;, Product: &apos;Sauce Labs Fleece Jacket&apos;, name does not match the expected name. expected [Sauce Labs Fleece Jacket] but found [Sauce Labs Bike Light],
	User : &apos;error_user&apos;, The error message is incorrect for the provided user details. First Name : John Last Name :  zip Code: 67890 expected [Error: Last Name is required] but found [],
	User : &apos;error_user&apos;, The error message is incorrect for the provided user details. First Name : John Last Name :  zip Code: 67890 expected [Error: Last Name is required] but found [],
	User : &apos;error_user&apos;, Product: &apos;Test.allTheThings() T-Shirt (Red)&apos;, name does not match the expected name. expected [Test.allTheThings() T-Shirt (Red)] but found [Sauce Labs Onesie],
	User : &apos;error_user&apos;, The error message is incorrect for the provided user details. First Name : John Last Name :  zip Code: 67890 expected [Error: Last Name is required] but found []
	at tests.CheckoutInfoTest.testCheckoutPage(CheckoutInfoTest.java:88)
	at java.base/java.util.ArrayList.forEach(ArrayList.java:1604)
	at java.base/java.util.concurrent.FutureTask.run(FutureTask.java:328)
	at java.base/java.util.concurrent.ThreadPoolExecutor.runWorker(ThreadPoolExecutor.java:1090)
	at java.base/java.util.concurrent.ThreadPoolExecutor$Worker.run(ThreadPoolExecutor.java:614)
	at java.base/java.lang.Thread.run(Thread.java:1474)
... Removed 17 stack frames</pre></div><a href='#' onClick='toggleBox("stack-trace413888377", this, "Click to show all stack frames", "Click to hide stack frames")'>Click to show all stack frames</a>
<div class='stack-trace' id='stack-trace413888377'><pre>java.lang.AssertionError: The following asserts failed:
	User : &apos;error_user&apos;, The error message is incorrect for the provided user details. First Name : John Last Name :  zip Code: 67890 expected [Error: Last Name is required] but found [],
	User : &apos;error_user&apos;, The error message is incorrect for the provided user details. First Name : John Last Name :  zip Code: 67890 expected [Error: Last Name is required] but found [],
	User : &apos;error_user&apos;, Product: &apos;Sauce Labs Bolt T-Shirt&apos;, name does not match the expected name. expected [Sauce Labs Bolt T-Shirt] but found [Sauce Labs Bike Light],
	User : &apos;error_user&apos;, The error message is incorrect for the provided user details. First Name : John Last Name :  zip Code: 67890 expected [Error: Last Name is required] but found [],
	User : &apos;error_user&apos;, Product: &apos;Sauce Labs Fleece Jacket&apos;, name does not match the expected name. expected [Sauce Labs Fleece Jacket] but found [Sauce Labs Bike Light],
	User : &apos;error_user&apos;, The error message is incorrect for the provided user details. First Name : John Last Name :  zip Code: 67890 expected [Error: Last Name is required] but found [],
	User : &apos;error_user&apos;, The error message is incorrect for the provided user details. First Name : John Last Name :  zip Code: 67890 expected [Error: Last Name is required] but found [],
	User : &apos;error_user&apos;, Product: &apos;Test.allTheThings() T-Shirt (Red)&apos;, name does not match the expected name. expected [Test.allTheThings() T-Shirt (Red)] but found [Sauce Labs Onesie],
	User : &apos;error_user&apos;, The error message is incorrect for the provided user details. First Name : John Last Name :  zip Code: 67890 expected [Error: Last Name is required] but found []
	at org.testng.asserts.SoftAssert.assertAll(SoftAssert.java:46)
	at org.testng.asserts.SoftAssert.assertAll(SoftAssert.java:30)
	at tests.CheckoutInfoTest.testCheckoutPage(CheckoutInfoTest.java:88)
	at java.base/jdk.internal.reflect.DirectMethodHandleAccessor.invoke(DirectMethodHandleAccessor.java:104)
	at java.base/java.lang.reflect.Method.invoke(Method.java:565)
	at org.testng.internal.invokers.MethodInvocationHelper.invokeMethod(MethodInvocationHelper.java:139)
	at org.testng.internal.invokers.TestInvoker.invokeMethod(TestInvoker.java:677)
	at org.testng.internal.invokers.TestInvoker.invokeTestMethod(TestInvoker.java:221)
	at org.testng.internal.invokers.MethodRunner.runInSequence(MethodRunner.java:50)
	at org.testng.internal.invokers.TestInvoker$MethodInvocationAgent.invoke(TestInvoker.java:969)
	at org.testng.internal.invokers.TestInvoker.invokeTestMethods(TestInvoker.java:194)
	at org.testng.internal.invokers.TestMethodWorker.invokeTestMethods(TestMethodWorker.java:148)
	at org.testng.internal.invokers.TestMethodWorker.run(TestMethodWorker.java:128)
	at java.base/java.util.ArrayList.forEach(ArrayList.java:1604)
	at org.testng.TestRunner.privateRun(TestRunner.java:829)
	at org.testng.TestRunner.run(TestRunner.java:602)
	at org.testng.SuiteRunner.runTest(SuiteRunner.java:437)
	at org.testng.SuiteRunner$SuiteWorker.run(SuiteRunner.java:475)
	at org.testng.internal.thread.ThreadUtil.lambda$execute$0(ThreadUtil.java:58)
	at java.base/java.util.concurrent.FutureTask.run(FutureTask.java:328)
	at java.base/java.util.concurrent.ThreadPoolExecutor.runWorker(ThreadPoolExecutor.java:1090)
	at java.base/java.util.concurrent.ThreadPoolExecutor$Worker.run(ThreadPoolExecutor.java:614)
	at java.base/java.lang.Thread.run(Thread.java:1474)
</pre></div></td>
<td>73</td>
<td>tests.CheckoutInfoTest@36546a22</td></tr>
<tr>
<td title='tests.CheckoutInfoTest.testCheckoutPage()'><b>testCheckoutPage</b><br>Test class: tests.CheckoutInfoTest<br>Parameters: problem_user, secret_sauce</td>
<td><div><pre>java.lang.AssertionError: The following asserts failed:
	User : &apos;problem_user&apos;, The error message is incorrect for the provided user details. First Name :  Last Name : Doe zip Code: 67890 expected [Error: First Name is required] but found [Error: Last Name is required],
	User : &apos;problem_user&apos;, The error message is incorrect for the provided user details. First Name : John Last Name : Doe zip Code:  expected [Error: Postal Code is required] but found [Error: Last Name is required],
	User : &apos;problem_user&apos;, The error message is incorrect for the provided user details. First Name : John Last Name : Doe zip Code: 12345 expected [] but found [Error: Last Name is required],
	User : &apos;problem_user&apos;, The error message is incorrect for the provided user details. First Name : J0hn Last Name : D@e zip Code: 123-45 expected [] but found [Error: Last Name is required],
	User : &apos;problem_user&apos;, The error message is incorrect for the provided user details. First Name : J Last Name : D zip Code: 1 expected [] but found [Error: Last Name is required],
	User : &apos;problem_user&apos;, The error message is incorrect for the provided user details. First Name : John@# Last Name : Doe$% zip Code: ABCDE expected [] but found [Error: Last Name is required],
	User : &apos;problem_user&apos;, The error message is incorrect for the provided user details. First Name :     Last Name :     zip Code:     expected [] but found [Error: Last Name is required],
	User : &apos;problem_user&apos;, The error message is incorrect for the provided user details. First Name : John Doe Last Name : Smith zip Code:  12345  expected [] but found [Error: Last Name is required],
	User : &apos;problem_user&apos;, The error message is incorrect for the provided user details. First Name : John123 Last Name : Doe456 zip Code: 001234 expected [] but found [Error: Last Name is required],
	User : &apos;problem_user&apos;, The error message is incorrect for the provided user details. First Name : JohnDoe Last Name : LongLastNameHereThatExceedsNormalLength zip Code: 123456789012345 expected [] but found [Error: Last Name is required],
	User : &apos;problem_user&apos;, The error message is incorrect for the provided user details. First Name : Jo$hn Last Name : Do^e zip Code: 12345! expected [] but found [Error: Last Name is required],
	User : &apos;problem_user&apos;, The error message is incorrect for the provided user details. First Name : J@hn Last Name : D#oe zip Code: 12-345 expected [] but found [Error: Last Name is required],
	User : &apos;problem_user&apos;, The error message is incorrect for the provided user details. First Name :  Last Name : Doe zip Code: 67890 expected [Error: First Name is required] but found [Error: Last Name is required],
	User : &apos;problem_user&apos;, The error message is incorrect for the provided user details. First Name : John Last Name : Doe zip Code:  expected [Error: Postal Code is required] but found [Error: Last Name is required],
	User : &apos;problem_user&apos;, The error message is incorrect for the provided user details. First Name : John Last Name : Doe zip Code: 12345 expected [] but found [Error: Last Name is required],
	User : &apos;problem_user&apos;, The error message is incorrect for the provided user details. First Name : J0hn Last Name : D@e zip Code: 123-45 expected [] but found [Error: Last Name is required],
	User : &apos;problem_user&apos;, The error message is incorrect for the provided user details. First Name : J Last Name : D zip Code: 1 expected [] but found [Error: Last Name is required],
	User : &apos;problem_user&apos;, The error message is incorrect for the provided user details. First Name : John@# Last Name : Doe$% zip Code: ABCDE expected [] but found [Error: Last Name is required],
	User : &apos;problem_user&apos;, The error message is incorrect for the provided user details. First Name :     Last Name :     zip Code:     expected [] but found [Error: Last Name is required],
	User : &apos;problem_user&apos;, The error message is incorrect for the provided user details. First Name : John Doe Last Name : Smith zip Code:  12345  expected [] but found [Error: Last Name is required],
	User : &apos;problem_user&apos;, The error message is incorrect for the provided user details. First Name : John123 Last Name : Doe456 zip Code: 001234 expected [] but found [Error: Last Name is required],
	User : &apos;problem_user&apos;, The error message is incorrect for the provided user details. First Name : JohnDoe Last Name : LongLastNameHereThatExceedsNormalLength zip Code: 123456789012345 expected [] but found [Error: Last Name is required],
	User : &apos;problem_user&apos;, The error message is incorrect for the provided user details. First Name : Jo$hn Last Name : Do^e zip Code: 12345! expected [] but found [Error: Last Name is required],
	User : &apos;problem_user&apos;, The error message is incorrect for the provided user details. First Name : J@hn Last Name : D#oe zip Code: 12-345 expected [] but found [Error: Last Name is required],
	User : &apos;problem_user&apos;, Product: &apos;Sauce Labs Bolt T-Shirt&apos;, name does not match the expected name. expected [Sauce Labs Bolt T-Shirt] but found [Sauce Labs Bike Light],
	User : &apos;problem_user&apos;, The error message is incorrect for the provided user details. First Name :  Last Name : Doe zip Code: 67890 expected [Error: First Name is required] but found [Error: Last Name is required],
	User : &apos;problem_user&apos;, The error message is incorrect for the provided user details. First Name : John Last Name : Doe zip Code:  expected [Error: Postal Code is required] but found [Error: Last Name is required],
	User : &apos;problem_user&apos;, The error message is incorrect for the provided user details. First Name : John Last Name : Doe zip Code: 12345 expected [] but found [Error: Last Name is required],
	User : &apos;problem_user&apos;, The error message is incorrect for the provided user details. First Name : J0hn Last Name : D@e zip Code: 123-45 expected [] but found [Error: Last Name is required],
	User : &apos;problem_user&apos;, The error message is incorrect for the provided user details. First Name : J Last Name : D zip Code: 1 expected [] but found [Error: Last Name is required],
	User : &apos;problem_user&apos;, The error message is incorrect for the provided user details. First Name : John@# Last Name : Doe$% zip Code: ABCDE expected [] but found [Error: Last Name is required],
	User : &apos;problem_user&apos;, The error message is incorrect for the provided user details. First Name :     Last Name :     zip Code:     expected [] but found [Error: Last Name is required],
	User : &apos;problem_user&apos;, The error message is incorrect for the provided user details. First Name : John Doe Last Name : Smith zip Code:  12345  expected [] but found [Error: Last Name is required],
	User : &apos;problem_user&apos;, The error message is incorrect for the provided user details. First Name : John123 Last Name : Doe456 zip Code: 001234 expected [] but found [Error: Last Name is required],
	User : &apos;problem_user&apos;, The error message is incorrect for the provided user details. First Name : JohnDoe Last Name : LongLastNameHereThatExceedsNormalLength zip Code: 123456789012345 expected [] but found [Error: Last Name is required],
	User : &apos;problem_user&apos;, The error message is incorrect for the provided user details. First Name : Jo$hn Last Name : Do^e zip Code: 12345! expected [] but found [Error: Last Name is required],
	User : &apos;problem_user&apos;, The error message is incorrect for the provided user details. First Name : J@hn Last Name : D#oe zip Code: 12-345 expected [] but found [Error: Last Name is required],
	User : &apos;problem_user&apos;, Product: &apos;Sauce Labs Fleece Jacket&apos;, name does not match the expected name. expected [Sauce Labs Fleece Jacket] but found [Sauce Labs Bike Light],
	User : &apos;problem_user&apos;, The error message is incorrect for the provided user details. First Name :  Last Name : Doe zip Code: 67890 expected [Error: First Name is required] but found [Error: Last Name is required],
	User : &apos;problem_user&apos;, The error message is incorrect for the provided user details. First Name : John Last Name : Doe zip Code:  expected [Error: Postal Code is required] but found [Error: Last Name is required],
	User : &apos;problem_user&apos;, The error message is incorrect for the provided user details. First Name : John Last Name : Doe zip Code: 12345 expected [] but found [Error: Last Name is required],
	User : &apos;problem_user&apos;, The error message is incorrect for the provided user details. First Name : J0hn Last Name : D@e zip Code: 123-45 expected [] but found [Error: Last Name is required],
	User : &apos;problem_user&apos;, The error message is incorrect for the provided user details. First Name : J Last Name : D zip Code: 1 expected [] but found [Error: Last Name is required],
	User : &apos;problem_user&apos;, The error message is incorrect for the provided user details. First Name : John@# Last Name : Doe$% zip Code: ABCDE expected [] but found [Error: Last Name is required],
	User : &apos;problem_user&apos;, The error message is incorrect for the provided user details. First Name :     Last Name :     zip Code:     expected [] but found [Error: Last Name is required],
	User : &apos;problem_user&apos;, The error message is incorrect for the provided user details. First Name : John Doe Last Name : Smith zip Code:  12345  expected [] but found [Error: Last Name is required],
	User : &apos;problem_user&apos;, The error message is incorrect for the provided user details. First Name : John123 Last Name : Doe456 zip Code: 001234 expected [] but found [Error: Last Name is required],
	User : &apos;problem_user&apos;, The error message is incorrect for the provided user details. First Name : JohnDoe Last Name : LongLastNameHereThatExceedsNormalLength zip Code: 123456789012345 expected [] but found [Error: Last Name is required],
	User : &apos;problem_user&apos;, The error message is incorrect for the provided user details. First Name : Jo$hn Last Name : Do^e zip Code: 12345! expected [] but found [Error: Last Name is required],
	User : &apos;problem_user&apos;, The error message is incorrect for the provided user details. First Name : J@hn Last Name : D#oe zip Code: 12-345 expected [] but found [Error: Last Name is required],
	User : &apos;problem_user&apos;, The error message is incorrect for the provided user details. First Name :  Last Name : Doe zip Code: 67890 expected [Error: First Name is required] but found [Error: Last Name is required],
	User : &apos;problem_user&apos;, The error message is incorrect for the provided user details. First Name : John Last Name : Doe zip Code:  expected [Error: Postal Code is required] but found [Error: Last Name is required],
	User : &apos;problem_user&apos;, The error message is incorrect for the provided user details. First Name : John Last Name : Doe zip Code: 12345 expected [] but found [Error: Last Name is required],
	User : &apos;problem_user&apos;, The error message is incorrect for the provided user details. First Name : J0hn Last Name : D@e zip Code: 123-45 expected [] but found [Error: Last Name is required],
	User : &apos;problem_user&apos;, The error message is incorrect for the provided user details. First Name : J Last Name : D zip Code: 1 expected [] but found [Error: Last Name is required],
	User : &apos;problem_user&apos;, The error message is incorrect for the provided user details. First Name : John@# Last Name : Doe$% zip Code: ABCDE expected [] but found [Error: Last Name is required],
	User : &apos;problem_user&apos;, The error message is incorrect for the provided user details. First Name :     Last Name :     zip Code:     expected [] but found [Error: Last Name is required],
	User : &apos;problem_user&apos;, The error message is incorrect for the provided user details. First Name : John Doe Last Name : Smith zip Code:  12345  expected [] but found [Error: Last Name is required],
	User : &apos;problem_user&apos;, The error message is incorrect for the provided user details. First Name : John123 Last Name : Doe456 zip Code: 001234 expected [] but found [Error: Last Name is required],
	User : &apos;problem_user&apos;, The error message is incorrect for the provided user details. First Name : JohnDoe Last Name : LongLastNameHereThatExceedsNormalLength zip Code: 123456789012345 expected [] but found [Error: Last Name is required],
	User : &apos;problem_user&apos;, The error message is incorrect for the provided user details. First Name : Jo$hn Last Name : Do^e zip Code: 12345! expected [] but found [Error: Last Name is required],
	User : &apos;problem_user&apos;, The error message is incorrect for the provided user details. First Name : J@hn Last Name : D#oe zip Code: 12-345 expected [] but found [Error: Last Name is required],
	User : &apos;problem_user&apos;, Product: &apos;Test.allTheThings() T-Shirt (Red)&apos;, name does not match the expected name. expected [Test.allTheThings() T-Shirt (Red)] but found [Sauce Labs Onesie],
	User : &apos;problem_user&apos;, The error message is incorrect for the provided user details. First Name :  Last Name : Doe zip Code: 67890 expected [Error: First Name is required] but found [Error: Last Name is required],
	User : &apos;problem_user&apos;, The error message is incorrect for the provided user details. First Name : John Last Name : Doe zip Code:  expected [Error: Postal Code is required] but found [Error: Last Name is required],
	User : &apos;problem_user&apos;, The error message is incorrect for the provided user details. First Name : John Last Name : Doe zip Code: 12345 expected [] but found [Error: Last Name is required],
	User : &apos;problem_user&apos;, The error message is incorrect for the provided user details. First Name : J0hn Last Name : D@e zip Code: 123-45 expected [] but found [Error: Last Name is required],
	User : &apos;problem_user&apos;, The error message is incorrect for the provided user details. First Name : J Last Name : D zip Code: 1 expected [] but found [Error: Last Name is required],
	User : &apos;problem_user&apos;, The error message is incorrect for the provided user details. First Name : John@# Last Name : Doe$% zip Code: ABCDE expected [] but found [Error: Last Name is required],
	User : &apos;problem_user&apos;, The error message is incorrect for the provided user details. First Name :     Last Name :     zip Code:     expected [] but found [Error: Last Name is required],
	User : &apos;problem_user&apos;, The error message is incorrect for the provided user details. First Name : John Doe Last Name : Smith zip Code:  12345  expected [] but found [Error: Last Name is required],
	User : &apos;problem_user&apos;, The error message is incorrect for the provided user details. First Name : John123 Last Name : Doe456 zip Code: 001234 expected [] but found [Error: Last Name is required],
	User : &apos;problem_user&apos;, The error message is incorrect for the provided user details. First Name : JohnDoe Last Name : LongLastNameHereThatExceedsNormalLength zip Code: 123456789012345 expected [] but found [Error: Last Name is required],
	User : &apos;problem_user&apos;, The error message is incorrect for the provided user details. First Name : Jo$hn Last Name : Do^e zip Code: 12345! expected [] but found [Error: Last Name is required],
	User : &apos;problem_user&apos;, The error message is incorrect for the provided user details. First Name : J@hn Last Name : D#oe zip Code: 12-345 expected [] but found [Error: Last Name is required]
	at tests.CheckoutInfoTest.testCheckoutPage(CheckoutInfoTest.java:88)
	at java.base/java.util.ArrayList.forEach(ArrayList.java:1604)
	at java.base/java.util.concurrent.FutureTask.run(FutureTask.java:328)
	at java.base/java.util.concurrent.ThreadPoolExecutor.runWorker(ThreadPoolExecutor.java:1090)
	at java.base/java.util.concurrent.ThreadPoolExecutor$Worker.run(ThreadPoolExecutor.java:614)
	at java.base/java.lang.Thread.run(Thread.java:1474)
... Removed 17 stack frames</pre></div><a href='#' onClick='toggleBox("stack-trace1534536025", this, "Click to show all stack frames", "Click to hide stack frames")'>Click to show all stack frames</a>
<div class='stack-trace' id='stack-trace1534536025'><pre>java.lang.AssertionError: The following asserts failed:
	User : &apos;problem_user&apos;, The error message is incorrect for the provided user details. First Name :  Last Name : Doe zip Code: 67890 expected [Error: First Name is required] but found [Error: Last Name is required],
	User : &apos;problem_user&apos;, The error message is incorrect for the provided user details. First Name : John Last Name : Doe zip Code:  expected [Error: Postal Code is required] but found [Error: Last Name is required],
	User : &apos;problem_user&apos;, The error message is incorrect for the provided user details. First Name : John Last Name : Doe zip Code: 12345 expected [] but found [Error: Last Name is required],
	User : &apos;problem_user&apos;, The error message is incorrect for the provided user details. First Name : J0hn Last Name : D@e zip Code: 123-45 expected [] but found [Error: Last Name is required],
	User : &apos;problem_user&apos;, The error message is incorrect for the provided user details. First Name : J Last Name : D zip Code: 1 expected [] but found [Error: Last Name is required],
	User : &apos;problem_user&apos;, The error message is incorrect for the provided user details. First Name : John@# Last Name : Doe$% zip Code: ABCDE expected [] but found [Error: Last Name is required],
	User : &apos;problem_user&apos;, The error message is incorrect for the provided user details. First Name :     Last Name :     zip Code:     expected [] but found [Error: Last Name is required],
	User : &apos;problem_user&apos;, The error message is incorrect for the provided user details. First Name : John Doe Last Name : Smith zip Code:  12345  expected [] but found [Error: Last Name is required],
	User : &apos;problem_user&apos;, The error message is incorrect for the provided user details. First Name : John123 Last Name : Doe456 zip Code: 001234 expected [] but found [Error: Last Name is required],
	User : &apos;problem_user&apos;, The error message is incorrect for the provided user details. First Name : JohnDoe Last Name : LongLastNameHereThatExceedsNormalLength zip Code: 123456789012345 expected [] but found [Error: Last Name is required],
	User : &apos;problem_user&apos;, The error message is incorrect for the provided user details. First Name : Jo$hn Last Name : Do^e zip Code: 12345! expected [] but found [Error: Last Name is required],
	User : &apos;problem_user&apos;, The error message is incorrect for the provided user details. First Name : J@hn Last Name : D#oe zip Code: 12-345 expected [] but found [Error: Last Name is required],
	User : &apos;problem_user&apos;, The error message is incorrect for the provided user details. First Name :  Last Name : Doe zip Code: 67890 expected [Error: First Name is required] but found [Error: Last Name is required],
	User : &apos;problem_user&apos;, The error message is incorrect for the provided user details. First Name : John Last Name : Doe zip Code:  expected [Error: Postal Code is required] but found [Error: Last Name is required],
	User : &apos;problem_user&apos;, The error message is incorrect for the provided user details. First Name : John Last Name : Doe zip Code: 12345 expected [] but found [Error: Last Name is required],
	User : &apos;problem_user&apos;, The error message is incorrect for the provided user details. First Name : J0hn Last Name : D@e zip Code: 123-45 expected [] but found [Error: Last Name is required],
	User : &apos;problem_user&apos;, The error message is incorrect for the provided user details. First Name : J Last Name : D zip Code: 1 expected [] but found [Error: Last Name is required],
	User : &apos;problem_user&apos;, The error message is incorrect for the provided user details. First Name : John@# Last Name : Doe$% zip Code: ABCDE expected [] but found [Error: Last Name is required],
	User : &apos;problem_user&apos;, The error message is incorrect for the provided user details. First Name :     Last Name :     zip Code:     expected [] but found [Error: Last Name is required],
	User : &apos;problem_user&apos;, The error message is incorrect for the provided user details. First Name : John Doe Last Name : Smith zip Code:  12345  expected [] but found [Error: Last Name is required],
	User : &apos;problem_user&apos;, The error message is incorrect for the provided user details. First Name : John123 Last Name : Doe456 zip Code: 001234 expected [] but found [Error: Last Name is required],
	User : &apos;problem_user&apos;, The error message is incorrect for the provided user details. First Name : JohnDoe Last Name : LongLastNameHereThatExceedsNormalLength zip Code: 123456789012345 expected [] but found [Error: Last Name is required],
	User : &apos;problem_user&apos;, The error message is incorrect for the provided user details. First Name : Jo$hn Last Name : Do^e zip Code: 12345! expected [] but found [Error: Last Name is required],
	User : &apos;problem_user&apos;, The error message is incorrect for the provided user details. First Name : J@hn Last Name : D#oe zip Code: 12-345 expected [] but found [Error: Last Name is required],
	User : &apos;problem_user&apos;, Product: &apos;Sauce Labs Bolt T-Shirt&apos;, name does not match the expected name. expected [Sauce Labs Bolt T-Shirt] but found [Sauce Labs Bike Light],
	User : &apos;problem_user&apos;, The error message is incorrect for the provided user details. First Name :  Last Name : Doe zip Code: 67890 expected [Error: First Name is required] but found [Error: Last Name is required],
	User : &apos;problem_user&apos;, The error message is incorrect for the provided user details. First Name : John Last Name : Doe zip Code:  expected [Error: Postal Code is required] but found [Error: Last Name is required],
	User : &apos;problem_user&apos;, The error message is incorrect for the provided user details. First Name : John Last Name : Doe zip Code: 12345 expected [] but found [Error: Last Name is required],
	User : &apos;problem_user&apos;, The error message is incorrect for the provided user details. First Name : J0hn Last Name : D@e zip Code: 123-45 expected [] but found [Error: Last Name is required],
	User : &apos;problem_user&apos;, The error message is incorrect for the provided user details. First Name : J Last Name : D zip Code: 1 expected [] but found [Error: Last Name is required],
	User : &apos;problem_user&apos;, The error message is incorrect for the provided user details. First Name : John@# Last Name : Doe$% zip Code: ABCDE expected [] but found [Error: Last Name is required],
	User : &apos;problem_user&apos;, The error message is incorrect for the provided user details. First Name :     Last Name :     zip Code:     expected [] but found [Error: Last Name is required],
	User : &apos;problem_user&apos;, The error message is incorrect for the provided user details. First Name : John Doe Last Name : Smith zip Code:  12345  expected [] but found [Error: Last Name is required],
	User : &apos;problem_user&apos;, The error message is incorrect for the provided user details. First Name : John123 Last Name : Doe456 zip Code: 001234 expected [] but found [Error: Last Name is required],
	User : &apos;problem_user&apos;, The error message is incorrect for the provided user details. First Name : JohnDoe Last Name : LongLastNameHereThatExceedsNormalLength zip Code: 123456789012345 expected [] but found [Error: Last Name is required],
	User : &apos;problem_user&apos;, The error message is incorrect for the provided user details. First Name : Jo$hn Last Name : Do^e zip Code: 12345! expected [] but found [Error: Last Name is required],
	User : &apos;problem_user&apos;, The error message is incorrect for the provided user details. First Name : J@hn Last Name : D#oe zip Code: 12-345 expected [] but found [Error: Last Name is required],
	User : &apos;problem_user&apos;, Product: &apos;Sauce Labs Fleece Jacket&apos;, name does not match the expected name. expected [Sauce Labs Fleece Jacket] but found [Sauce Labs Bike Light],
	User : &apos;problem_user&apos;, The error message is incorrect for the provided user details. First Name :  Last Name : Doe zip Code: 67890 expected [Error: First Name is required] but found [Error: Last Name is required],
	User : &apos;problem_user&apos;, The error message is incorrect for the provided user details. First Name : John Last Name : Doe zip Code:  expected [Error: Postal Code is required] but found [Error: Last Name is required],
	User : &apos;problem_user&apos;, The error message is incorrect for the provided user details. First Name : John Last Name : Doe zip Code: 12345 expected [] but found [Error: Last Name is required],
	User : &apos;problem_user&apos;, The error message is incorrect for the provided user details. First Name : J0hn Last Name : D@e zip Code: 123-45 expected [] but found [Error: Last Name is required],
	User : &apos;problem_user&apos;, The error message is incorrect for the provided user details. First Name : J Last Name : D zip Code: 1 expected [] but found [Error: Last Name is required],
	User : &apos;problem_user&apos;, The error message is incorrect for the provided user details. First Name : John@# Last Name : Doe$% zip Code: ABCDE expected [] but found [Error: Last Name is required],
	User : &apos;problem_user&apos;, The error message is incorrect for the provided user details. First Name :     Last Name :     zip Code:     expected [] but found [Error: Last Name is required],
	User : &apos;problem_user&apos;, The error message is incorrect for the provided user details. First Name : John Doe Last Name : Smith zip Code:  12345  expected [] but found [Error: Last Name is required],
	User : &apos;problem_user&apos;, The error message is incorrect for the provided user details. First Name : John123 Last Name : Doe456 zip Code: 001234 expected [] but found [Error: Last Name is required],
	User : &apos;problem_user&apos;, The error message is incorrect for the provided user details. First Name : JohnDoe Last Name : LongLastNameHereThatExceedsNormalLength zip Code: 123456789012345 expected [] but found [Error: Last Name is required],
	User : &apos;problem_user&apos;, The error message is incorrect for the provided user details. First Name : Jo$hn Last Name : Do^e zip Code: 12345! expected [] but found [Error: Last Name is required],
	User : &apos;problem_user&apos;, The error message is incorrect for the provided user details. First Name : J@hn Last Name : D#oe zip Code: 12-345 expected [] but found [Error: Last Name is required],
	User : &apos;problem_user&apos;, The error message is incorrect for the provided user details. First Name :  Last Name : Doe zip Code: 67890 expected [Error: First Name is required] but found [Error: Last Name is required],
	User : &apos;problem_user&apos;, The error message is incorrect for the provided user details. First Name : John Last Name : Doe zip Code:  expected [Error: Postal Code is required] but found [Error: Last Name is required],
	User : &apos;problem_user&apos;, The error message is incorrect for the provided user details. First Name : John Last Name : Doe zip Code: 12345 expected [] but found [Error: Last Name is required],
	User : &apos;problem_user&apos;, The error message is incorrect for the provided user details. First Name : J0hn Last Name : D@e zip Code: 123-45 expected [] but found [Error: Last Name is required],
	User : &apos;problem_user&apos;, The error message is incorrect for the provided user details. First Name : J Last Name : D zip Code: 1 expected [] but found [Error: Last Name is required],
	User : &apos;problem_user&apos;, The error message is incorrect for the provided user details. First Name : John@# Last Name : Doe$% zip Code: ABCDE expected [] but found [Error: Last Name is required],
	User : &apos;problem_user&apos;, The error message is incorrect for the provided user details. First Name :     Last Name :     zip Code:     expected [] but found [Error: Last Name is required],
	User : &apos;problem_user&apos;, The error message is incorrect for the provided user details. First Name : John Doe Last Name : Smith zip Code:  12345  expected [] but found [Error: Last Name is required],
	User : &apos;problem_user&apos;, The error message is incorrect for the provided user details. First Name : John123 Last Name : Doe456 zip Code: 001234 expected [] but found [Error: Last Name is required],
	User : &apos;problem_user&apos;, The error message is incorrect for the provided user details. First Name : JohnDoe Last Name : LongLastNameHereThatExceedsNormalLength zip Code: 123456789012345 expected [] but found [Error: Last Name is required],
	User : &apos;problem_user&apos;, The error message is incorrect for the provided user details. First Name : Jo$hn Last Name : Do^e zip Code: 12345! expected [] but found [Error: Last Name is required],
	User : &apos;problem_user&apos;, The error message is incorrect for the provided user details. First Name : J@hn Last Name : D#oe zip Code: 12-345 expected [] but found [Error: Last Name is required],
	User : &apos;problem_user&apos;, Product: &apos;Test.allTheThings() T-Shirt (Red)&apos;, name does not match the expected name. expected [Test.allTheThings() T-Shirt (Red)] but found [Sauce Labs Onesie],
	User : &apos;problem_user&apos;, The error message is incorrect for the provided user details. First Name :  Last Name : Doe zip Code: 67890 expected [Error: First Name is required] but found [Error: Last Name is required],
	User : &apos;problem_user&apos;, The error message is incorrect for the provided user details. First Name : John Last Name : Doe zip Code:  expected [Error: Postal Code is required] but found [Error: Last Name is required],
	User : &apos;problem_user&apos;, The error message is incorrect for the provided user details. First Name : John Last Name : Doe zip Code: 12345 expected [] but found [Error: Last Name is required],
	User : &apos;problem_user&apos;, The error message is incorrect for the provided user details. First Name : J0hn Last Name : D@e zip Code: 123-45 expected [] but found [Error: Last Name is required],
	User : &apos;problem_user&apos;, The error message is incorrect for the provided user details. First Name : J Last Name : D zip Code: 1 expected [] but found [Error: Last Name is required],
	User : &apos;problem_user&apos;, The error message is incorrect for the provided user details. First Name : John@# Last Name : Doe$% zip Code: ABCDE expected [] but found [Error: Last Name is required],
	User : &apos;problem_user&apos;, The error message is incorrect for the provided user details. First Name :     Last Name :     zip Code:     expected [] but found [Error: Last Name is required],
	User : &apos;problem_user&apos;, The error message is incorrect for the provided user details. First Name : John Doe Last Name : Smith zip Code:  12345  expected [] but found [Error: Last Name is required],
	User : &apos;problem_user&apos;, The error message is incorrect for the provided user details. First Name : John123 Last Name : Doe456 zip Code: 001234 expected [] but found [Error: Last Name is required],
	User : &apos;problem_user&apos;, The error message is incorrect for the provided user details. First Name : JohnDoe Last Name : LongLastNameHereThatExceedsNormalLength zip Code: 123456789012345 expected [] but found [Error: Last Name is required],
	User : &apos;problem_user&apos;, The error message is incorrect for the provided user details. First Name : Jo$hn Last Name : Do^e zip Code: 12345! expected [] but found [Error: Last Name is required],
	User : &apos;problem_user&apos;, The error message is incorrect for the provided user details. First Name : J@hn Last Name : D#oe zip Code: 12-345 expected [] but found [Error: Last Name is required]
	at org.testng.asserts.SoftAssert.assertAll(SoftAssert.java:46)
	at org.testng.asserts.SoftAssert.assertAll(SoftAssert.java:30)
	at tests.CheckoutInfoTest.testCheckoutPage(CheckoutInfoTest.java:88)
	at java.base/jdk.internal.reflect.DirectMethodHandleAccessor.invoke(DirectMethodHandleAccessor.java:104)
	at java.base/java.lang.reflect.Method.invoke(Method.java:565)
	at org.testng.internal.invokers.MethodInvocationHelper.invokeMethod(MethodInvocationHelper.java:139)
	at org.testng.internal.invokers.TestInvoker.invokeMethod(TestInvoker.java:677)
	at org.testng.internal.invokers.TestInvoker.invokeTestMethod(TestInvoker.java:221)
	at org.testng.internal.invokers.MethodRunner.runInSequence(MethodRunner.java:50)
	at org.testng.internal.invokers.TestInvoker$MethodInvocationAgent.invoke(TestInvoker.java:969)
	at org.testng.internal.invokers.TestInvoker.invokeTestMethods(TestInvoker.java:194)
	at org.testng.internal.invokers.TestMethodWorker.invokeTestMethods(TestMethodWorker.java:148)
	at org.testng.internal.invokers.TestMethodWorker.run(TestMethodWorker.java:128)
	at java.base/java.util.ArrayList.forEach(ArrayList.java:1604)
	at org.testng.TestRunner.privateRun(TestRunner.java:829)
	at org.testng.TestRunner.run(TestRunner.java:602)
	at org.testng.SuiteRunner.runTest(SuiteRunner.java:437)
	at org.testng.SuiteRunner$SuiteWorker.run(SuiteRunner.java:475)
	at org.testng.internal.thread.ThreadUtil.lambda$execute$0(ThreadUtil.java:58)
	at java.base/java.util.concurrent.FutureTask.run(FutureTask.java:328)
	at java.base/java.util.concurrent.ThreadPoolExecutor.runWorker(ThreadPoolExecutor.java:1090)
	at java.base/java.util.concurrent.ThreadPoolExecutor$Worker.run(ThreadPoolExecutor.java:614)
	at java.base/java.lang.Thread.run(Thread.java:1474)
</pre></div></td>
<td>83</td>
<td>tests.CheckoutInfoTest@36546a22</td></tr>
</table><p>
<table width='100%' border='1' class='invocation-passed'>
<tr><td colspan='4' align='center'><b>PASSED TESTS</b></td></tr>
<tr><td><b>Test method</b></td>
<td><b>Attribute(s)</b></td>
<td width="30%"><b>Exception</b></td>
<td width="10%"><b>Time (seconds)</b></td>
<td><b>Instance</b></td>
</tr>
<tr>
<td title='tests.CheckoutInfoTest.testCheckoutPage()'><b>testCheckoutPage</b><br>Test class: tests.CheckoutInfoTest<br>Parameters: visual_user, secret_sauce</td>
<td></td>
<td>50</td>
<td>tests.CheckoutInfoTest@36546a22</td></tr>
<tr>
<td title='tests.CheckoutInfoTest.testCheckoutPage()'><b>testCheckoutPage</b><br>Test class: tests.CheckoutInfoTest<br>Parameters: standard_user, secret_sauce</td>
<td></td>
<td>75</td>
<td>tests.CheckoutInfoTest@36546a22</td></tr>
<tr>
<td title='tests.CheckoutInfoTest.testCheckoutPage()'><b>testCheckoutPage</b><br>Test class: tests.CheckoutInfoTest<br>Parameters: performance_glitch_user, secret_sauce</td>
<td></td>
<td>97</td>
<td>tests.CheckoutInfoTest@36546a22</td></tr>
</table><p>
</body>
</html>