<?xml version="1.0" encoding="UTF-8"?>
<!-- Generated by org.testng.reporters.JUnitXMLReporter -->
<testsuite ignored="0" hostname="archroot" failures="2" tests="5" name="Checkout Tests" time="425.303" errors="0" timestamp="2025-12-07T13:36:09 EET">
  <testcase classname="tests.CheckoutInfoTest" name="testCheckoutPage" time="75.205"/>
  <testcase classname="tests.CheckoutInfoTest" name="testCheckoutPage" time="83.988">
    <failure type="java.lang.AssertionError" message="The following asserts failed:
	User : &amp;apos;problem_user&amp;apos;, The error message is incorrect for the provided user details. First Name :  Last Name : Doe zip Code: 67890 expected [Error: First Name is required] but found [Error: Last Name is required],
	User : &amp;apos;problem_user&amp;apos;, The error message is incorrect for the provided user details. First Name : John Last Name : Doe zip Code:  expected [Error: Postal Code is required] but found [Error: Last Name is required],
	User : &amp;apos;problem_user&amp;apos;, The error message is incorrect for the provided user details. First Name : John Last Name : Doe zip Code: 12345 expected [] but found [Error: Last Name is required],
	User : &amp;apos;problem_user&amp;apos;, The error message is incorrect for the provided user details. First Name : J0hn Last Name : D@e zip Code: 123-45 expected [] but found [Error: Last Name is required],
	User : &amp;apos;problem_user&amp;apos;, The error message is incorrect for the provided user details. First Name : J Last Name : D zip Code: 1 expected [] but found [Error: Last Name is required],
	User : &amp;apos;problem_user&amp;apos;, The error message is incorrect for the provided user details. First Name : John@# Last Name : Doe$% zip Code: ABCDE expected [] but found [Error: Last Name is required],
	User : &amp;apos;problem_user&amp;apos;, The error message is incorrect for the provided user details. First Name :     Last Name :     zip Code:     expected [] but found [Error: Last Name is required],
	User : &amp;apos;problem_user&amp;apos;, The error message is incorrect for the provided user details. First Name : John Doe Last Name : Smith zip Code:  12345  expected [] but found [Error: Last Name is required],
	User : &amp;apos;problem_user&amp;apos;, The error message is incorrect for the provided user details. First Name : John123 Last Name : Doe456 zip Code: 001234 expected [] but found [Error: Last Name is required],
	User : &amp;apos;problem_user&amp;apos;, The error message is incorrect for the provided user details. First Name : JohnDoe Last Name : LongLastNameHereThatExceedsNormalLength zip Code: 123456789012345 expected [] but found [Error: Last Name is required],
	User : &amp;apos;problem_user&amp;apos;, The error message is incorrect for the provided user details. First Name : Jo$hn Last Name : Do^e zip Code: 12345! expected [] but found [Error: Last Name is required],
	User : &amp;apos;problem_user&amp;apos;, The error message is incorrect for the provided user details. First Name : J@hn Last Name : D#oe zip Code: 12-345 expected [] but found [Error: Last Name is required],
	User : &amp;apos;problem_user&amp;apos;, The error message is incorrect for the provided user details. First Name :  Last Name : Doe zip Code: 67890 expected [Error: First Name is required] but found [Error: Last Name is required],
	User : &amp;apos;problem_user&amp;apos;, The error message is incorrect for the provided user details. First Name : John Last Name : Doe zip Code:  expected [Error: Postal Code is required] but found [Error: Last Name is required],
	User : &amp;apos;problem_user&amp;apos;, The error message is incorrect for the provided user details. First Name : John Last Name : Doe zip Code: 12345 expected [] but found [Error: Last Name is required],
	User : &amp;apos;problem_user&amp;apos;, The error message is incorrect for the provided user details. First Name : J0hn Last Name : D@e zip Code: 123-45 expected [] but found [Error: Last Name is required],
	User : &amp;apos;problem_user&amp;apos;, The error message is incorrect for the provided user details. First Name : J Last Name : D zip Code: 1 expected [] but found [Error: Last Name is required],
	User : &amp;apos;problem_user&amp;apos;, The error message is incorrect for the provided user details. First Name : John@# Last Name : Doe$% zip Code: ABCDE expected [] but found [Error: Last Name is required],
	User : &amp;apos;problem_user&amp;apos;, The error message is incorrect for the provided user details. First Name :     Last Name :     zip Code:     expected [] but found [Error: Last Name is required],
	User : &amp;apos;problem_user&amp;apos;, The error message is incorrect for the provided user details. First Name : John Doe Last Name : Smith zip Code:  12345  expected [] but found [Error: Last Name is required],
	User : &amp;apos;problem_user&amp;apos;, The error message is incorrect for the provided user details. First Name : John123 Last Name : Doe456 zip Code: 001234 expected [] but found [Error: Last Name is required],
	User : &amp;apos;problem_user&amp;apos;, The error message is incorrect for the provided user details. First Name : JohnDoe Last Name : LongLastNameHereThatExceedsNormalLength zip Code: 123456789012345 expected [] but found [Error: Last Name is required],
	User : &amp;apos;problem_user&amp;apos;, The error message is incorrect for the provided user details. First Name : Jo$hn Last Name : Do^e zip Code: 12345! expected [] but found [Error: Last Name is required],
	User : &amp;apos;problem_user&amp;apos;, The error message is incorrect for the provided user details. First Name : J@hn Last Name : D#oe zip Code: 12-345 expected [] but found [Error: Last Name is required],
	User : &amp;apos;problem_user&amp;apos;, Product: &amp;apos;Sauce Labs Bolt T-Shirt&amp;apos;, name does not match the expected name. expected [Sauce Labs Bolt T-Shirt] but found [Sauce Labs Bike Light],
	User : &amp;apos;problem_user&amp;apos;, The error message is incorrect for the provided user details. First Name :  Last Name : Doe zip Code: 67890 expected [Error: First Name is required] but found [Error: Last Name is required],
	User : &amp;apos;problem_user&amp;apos;, The error message is incorrect for the provided user details. First Name : John Last Name : Doe zip Code:  expected [Error: Postal Code is required] but found [Error: Last Name is required],
	User : &amp;apos;problem_user&amp;apos;, The error message is incorrect for the provided user details. First Name : John Last Name : Doe zip Code: 12345 expected [] but found [Error: Last Name is required],
	User : &amp;apos;problem_user&amp;apos;, The error message is incorrect for the provided user details. First Name : J0hn Last Name : D@e zip Code: 123-45 expected [] but found [Error: Last Name is required],
	User : &amp;apos;problem_user&amp;apos;, The error message is incorrect for the provided user details. First Name : J Last Name : D zip Code: 1 expected [] but found [Error: Last Name is required],
	User : &amp;apos;problem_user&amp;apos;, The error message is incorrect for the provided user details. First Name : John@# Last Name : Doe$% zip Code: ABCDE expected [] but found [Error: Last Name is required],
	User : &amp;apos;problem_user&amp;apos;, The error message is incorrect for the provided user details. First Name :     Last Name :     zip Code:     expected [] but found [Error: Last Name is required],
	User : &amp;apos;problem_user&amp;apos;, The error message is incorrect for the provided user details. First Name : John Doe Last Name : Smith zip Code:  12345  expected [] but found [Error: Last Name is required],
	User : &amp;apos;problem_user&amp;apos;, The error message is incorrect for the provided user details. First Name : John123 Last Name : Doe456 zip Code: 001234 expected [] but found [Error: Last Name is required],
	User : &amp;apos;problem_user&amp;apos;, The error message is incorrect for the provided user details. First Name : JohnDoe Last Name : LongLastNameHereThatExceedsNormalLength zip Code: 123456789012345 expected [] but found [Error: Last Name is required],
	User : &amp;apos;problem_user&amp;apos;, The error message is incorrect for the provided user details. First Name : Jo$hn Last Name : Do^e zip Code: 12345! expected [] but found [Error: Last Name is required],
	User : &amp;apos;problem_user&amp;apos;, The error message is incorrect for the provided user details. First Name : J@hn Last Name : D#oe zip Code: 12-345 expected [] but found [Error: Last Name is required],
	User : &amp;apos;problem_user&amp;apos;, Product: &amp;apos;Sauce Labs Fleece Jacket&amp;apos;, name does not match the expected name. expected [Sauce Labs Fleece Jacket] but found [Sauce Labs Bike Light],
	User : &amp;apos;problem_user&amp;apos;, The error message is incorrect for the provided user details. First Name :  Last Name : Doe zip Code: 67890 expected [Error: First Name is required] but found [Error: Last Name is required],
	User : &amp;apos;problem_user&amp;apos;, The error message is incorrect for the provided user details. First Name : John Last Name : Doe zip Code:  expected [Error: Postal Code is required] but found [Error: Last Name is required],
	User : &amp;apos;problem_user&amp;apos;, The error message is incorrect for the provided user details. First Name : John Last Name : Doe zip Code: 12345 expected [] but found [Error: Last Name is required],
	User : &amp;apos;problem_user&amp;apos;, The error message is incorrect for the provided user details. First Name : J0hn Last Name : D@e zip Code: 123-45 expected [] but found [Error: Last Name is required],
	User : &amp;apos;problem_user&amp;apos;, The error message is incorrect for the provided user details. First Name : J Last Name : D zip Code: 1 expected [] but found [Error: Last Name is required],
	User : &amp;apos;problem_user&amp;apos;, The error message is incorrect for the provided user details. First Name : John@# Last Name : Doe$% zip Code: ABCDE expected [] but found [Error: Last Name is required],
	User : &amp;apos;problem_user&amp;apos;, The error message is incorrect for the provided user details. First Name :     Last Name :     zip Code:     expected [] but found [Error: Last Name is required],
	User : &amp;apos;problem_user&amp;apos;, The error message is incorrect for the provided user details. First Name : John Doe Last Name : Smith zip Code:  12345  expected [] but found [Error: Last Name is required],
	User : &amp;apos;problem_user&amp;apos;, The error message is incorrect for the provided user details. First Name : John123 Last Name : Doe456 zip Code: 001234 expected [] but found [Error: Last Name is required],
	User : &amp;apos;problem_user&amp;apos;, The error message is incorrect for the provided user details. First Name : JohnDoe Last Name : LongLastNameHereThatExceedsNormalLength zip Code: 123456789012345 expected [] but found [Error: Last Name is required],
	User : &amp;apos;problem_user&amp;apos;, The error message is incorrect for the provided user details. First Name : Jo$hn Last Name : Do^e zip Code: 12345! expected [] but found [Error: Last Name is required],
	User : &amp;apos;problem_user&amp;apos;, The error message is incorrect for the provided user details. First Name : J@hn Last Name : D#oe zip Code: 12-345 expected [] but found [Error: Last Name is required],
	User : &amp;apos;problem_user&amp;apos;, The error message is incorrect for the provided user details. First Name :  Last Name : Doe zip Code: 67890 expected [Error: First Name is required] but found [Error: Last Name is required],
	User : &amp;apos;problem_user&amp;apos;, The error message is incorrect for the provided user details. First Name : John Last Name : Doe zip Code:  expected [Error: Postal Code is required] but found [Error: Last Name is required],
	User : &amp;apos;problem_user&amp;apos;, The error message is incorrect for the provided user details. First Name : John Last Name : Doe zip Code: 12345 expected [] but found [Error: Last Name is required],
	User : &amp;apos;problem_user&amp;apos;, The error message is incorrect for the provided user details. First Name : J0hn Last Name : D@e zip Code: 123-45 expected [] but found [Error: Last Name is required],
	User : &amp;apos;problem_user&amp;apos;, The error message is incorrect for the provided user details. First Name : J Last Name : D zip Code: 1 expected [] but found [Error: Last Name is required],
	User : &amp;apos;problem_user&amp;apos;, The error message is incorrect for the provided user details. First Name : John@# Last Name : Doe$% zip Code: ABCDE expected [] but found [Error: Last Name is required],
	User : &amp;apos;problem_user&amp;apos;, The error message is incorrect for the provided user details. First Name :     Last Name :     zip Code:     expected [] but found [Error: Last Name is required],
	User : &amp;apos;problem_user&amp;apos;, The error message is incorrect for the provided user details. First Name : John Doe Last Name : Smith zip Code:  12345  expected [] but found [Error: Last Name is required],
	User : &amp;apos;problem_user&amp;apos;, The error message is incorrect for the provided user details. First Name : John123 Last Name : Doe456 zip Code: 001234 expected [] but found [Error: Last Name is required],
	User : &amp;apos;problem_user&amp;apos;, The error message is incorrect for the provided user details. First Name : JohnDoe Last Name : LongLastNameHereThatExceedsNormalLength zip Code: 123456789012345 expected [] but found [Error: Last Name is required],
	User : &amp;apos;problem_user&amp;apos;, The error message is incorrect for the provided user details. First Name : Jo$hn Last Name : Do^e zip Code: 12345! expected [] but found [Error: Last Name is required],
	User : &amp;apos;problem_user&amp;apos;, The error message is incorrect for the provided user details. First Name : J@hn Last Name : D#oe zip Code: 12-345 expected [] but found [Error: Last Name is required],
	User : &amp;apos;problem_user&amp;apos;, Product: &amp;apos;Test.allTheThings() T-Shirt (Red)&amp;apos;, name does not match the expected name. expected [Test.allTheThings() T-Shirt (Red)] but found [Sauce Labs Onesie],
	User : &amp;apos;problem_user&amp;apos;, The error message is incorrect for the provided user details. First Name :  Last Name : Doe zip Code: 67890 expected [Error: First Name is required] but found [Error: Last Name is required],
	User : &amp;apos;problem_user&amp;apos;, The error message is incorrect for the provided user details. First Name : John Last Name : Doe zip Code:  expected [Error: Postal Code is required] but found [Error: Last Name is required],
	User : &amp;apos;problem_user&amp;apos;, The error message is incorrect for the provided user details. First Name : John Last Name : Doe zip Code: 12345 expected [] but found [Error: Last Name is required],
	User : &amp;apos;problem_user&amp;apos;, The error message is incorrect for the provided user details. First Name : J0hn Last Name : D@e zip Code: 123-45 expected [] but found [Error: Last Name is required],
	User : &amp;apos;problem_user&amp;apos;, The error message is incorrect for the provided user details. First Name : J Last Name : D zip Code: 1 expected [] but found [Error: Last Name is required],
	User : &amp;apos;problem_user&amp;apos;, The error message is incorrect for the provided user details. First Name : John@# Last Name : Doe$% zip Code: ABCDE expected [] but found [Error: Last Name is required],
	User : &amp;apos;problem_user&amp;apos;, The error message is incorrect for the provided user details. First Name :     Last Name :     zip Code:     expected [] but found [Error: Last Name is required],
	User : &amp;apos;problem_user&amp;apos;, The error message is incorrect for the provided user details. First Name : John Doe Last Name : Smith zip Code:  12345  expected [] but found [Error: Last Name is required],
	User : &amp;apos;problem_user&amp;apos;, The error message is incorrect for the provided user details. First Name : John123 Last Name : Doe456 zip Code: 001234 expected [] but found [Error: Last Name is required],
	User : &amp;apos;problem_user&amp;apos;, The error message is incorrect for the provided user details. First Name : JohnDoe Last Name : LongLastNameHereThatExceedsNormalLength zip Code: 123456789012345 expected [] but found [Error: Last Name is required],
	User : &amp;apos;problem_user&amp;apos;, The error message is incorrect for the provided user details. First Name : Jo$hn Last Name : Do^e zip Code: 12345! expected [] but found [Error: Last Name is required],
	User : &amp;apos;problem_user&amp;apos;, The error message is incorrect for the provided user details. First Name : J@hn Last Name : D#oe zip Code: 12-345 expected [] but found [Error: Last Name is required]">
      <![CDATA[java.lang.AssertionError: The following asserts failed:
User : 'problem_user', The error message is incorrect for the provided user details. First Name :  Last Name : Doe zip Code: 67890 expected [Error: First Name is required] but found [Error: Last Name is required],
User : 'problem_user', The error message is incorrect for the provided user details. First Name : John Last Name : Doe zip Code:  expected [Error: Postal Code is required] but found [Error: Last Name is required],
User : 'problem_user', The error message is incorrect for the provided user details. First Name : John Last Name : Doe zip Code: 12345 expected [] but found [Error: Last Name is required],
User : 'problem_user', The error message is incorrect for the provided user details. First Name : J0hn Last Name : D@e zip Code: 123-45 expected [] but found [Error: Last Name is required],
User : 'problem_user', The error message is incorrect for the provided user details. First Name : J Last Name : D zip Code: 1 expected [] but found [Error: Last Name is required],
User : 'problem_user', The error message is incorrect for the provided user details. First Name : John@# Last Name : Doe$% zip Code: ABCDE expected [] but found [Error: Last Name is required],
User : 'problem_user', The error message is incorrect for the provided user details. First Name :     Last Name :     zip Code:     expected [] but found [Error: Last Name is required],
User : 'problem_user', The error message is incorrect for the provided user details. First Name : John Doe Last Name : Smith zip Code:  12345  expected [] but found [Error: Last Name is required],
User : 'problem_user', The error message is incorrect for the provided user details. First Name : John123 Last Name : Doe456 zip Code: 001234 expected [] but found [Error: Last Name is required],
User : 'problem_user', The error message is incorrect for the provided user details. First Name : JohnDoe Last Name : LongLastNameHereThatExceedsNormalLength zip Code: 123456789012345 expected [] but found [Error: Last Name is required],
User : 'problem_user', The error message is incorrect for the provided user details. First Name : Jo$hn Last Name : Do^e zip Code: 12345! expected [] but found [Error: Last Name is required],
User : 'problem_user', The error message is incorrect for the provided user details. First Name : J@hn Last Name : D#oe zip Code: 12-345 expected [] but found [Error: Last Name is required],
User : 'problem_user', The error message is incorrect for the provided user details. First Name :  Last Name : Doe zip Code: 67890 expected [Error: First Name is required] but found [Error: Last Name is required],
User : 'problem_user', The error message is incorrect for the provided user details. First Name : John Last Name : Doe zip Code:  expected [Error: Postal Code is required] but found [Error: Last Name is required],
User : 'problem_user', The error message is incorrect for the provided user details. First Name : John Last Name : Doe zip Code: 12345 expected [] but found [Error: Last Name is required],
User : 'problem_user', The error message is incorrect for the provided user details. First Name : J0hn Last Name : D@e zip Code: 123-45 expected [] but found [Error: Last Name is required],
User : 'problem_user', The error message is incorrect for the provided user details. First Name : J Last Name : D zip Code: 1 expected [] but found [Error: Last Name is required],
User : 'problem_user', The error message is incorrect for the provided user details. First Name : John@# Last Name : Doe$% zip Code: ABCDE expected [] but found [Error: Last Name is required],
User : 'problem_user', The error message is incorrect for the provided user details. First Name :     Last Name :     zip Code:     expected [] but found [Error: Last Name is required],
User : 'problem_user', The error message is incorrect for the provided user details. First Name : John Doe Last Name : Smith zip Code:  12345  expected [] but found [Error: Last Name is required],
User : 'problem_user', The error message is incorrect for the provided user details. First Name : John123 Last Name : Doe456 zip Code: 001234 expected [] but found [Error: Last Name is required],
User : 'problem_user', The error message is incorrect for the provided user details. First Name : JohnDoe Last Name : LongLastNameHereThatExceedsNormalLength zip Code: 123456789012345 expected [] but found [Error: Last Name is required],
User : 'problem_user', The error message is incorrect for the provided user details. First Name : Jo$hn Last Name : Do^e zip Code: 12345! expected [] but found [Error: Last Name is required],
User : 'problem_user', The error message is incorrect for the provided user details. First Name : J@hn Last Name : D#oe zip Code: 12-345 expected [] but found [Error: Last Name is required],
User : 'problem_user', Product: 'Sauce Labs Bolt T-Shirt', name does not match the expected name. expected [Sauce Labs Bolt T-Shirt] but found [Sauce Labs Bike Light],
User : 'problem_user', The error message is incorrect for the provided user details. First Name :  Last Name : Doe zip Code: 67890 expected [Error: First Name is required] but found [Error: Last Name is required],
User : 'problem_user', The error message is incorrect for the provided user details. First Name : John Last Name : Doe zip Code:  expected [Error: Postal Code is required] but found [Error: Last Name is required],
User : 'problem_user', The error message is incorrect for the provided user details. First Name : John Last Name : Doe zip Code: 12345 expected [] but found [Error: Last Name is required],
User : 'problem_user', The error message is incorrect for the provided user details. First Name : J0hn Last Name : D@e zip Code: 123-45 expected [] but found [Error: Last Name is required],
User : 'problem_user', The error message is incorrect for the provided user details. First Name : J Last Name : D zip Code: 1 expected [] but found [Error: Last Name is required],
User : 'problem_user', The error message is incorrect for the provided user details. First Name : John@# Last Name : Doe$% zip Code: ABCDE expected [] but found [Error: Last Name is required],
User : 'problem_user', The error message is incorrect for the provided user details. First Name :     Last Name :     zip Code:     expected [] but found [Error: Last Name is required],
User : 'problem_user', The error message is incorrect for the provided user details. First Name : John Doe Last Name : Smith zip Code:  12345  expected [] but found [Error: Last Name is required],
User : 'problem_user', The error message is incorrect for the provided user details. First Name : John123 Last Name : Doe456 zip Code: 001234 expected [] but found [Error: Last Name is required],
User : 'problem_user', The error message is incorrect for the provided user details. First Name : JohnDoe Last Name : LongLastNameHereThatExceedsNormalLength zip Code: 123456789012345 expected [] but found [Error: Last Name is required],
User : 'problem_user', The error message is incorrect for the provided user details. First Name : Jo$hn Last Name : Do^e zip Code: 12345! expected [] but found [Error: Last Name is required],
User : 'problem_user', The error message is incorrect for the provided user details. First Name : J@hn Last Name : D#oe zip Code: 12-345 expected [] but found [Error: Last Name is required],
User : 'problem_user', Product: 'Sauce Labs Fleece Jacket', name does not match the expected name. expected [Sauce Labs Fleece Jacket] but found [Sauce Labs Bike Light],
User : 'problem_user', The error message is incorrect for the provided user details. First Name :  Last Name : Doe zip Code: 67890 expected [Error: First Name is required] but found [Error: Last Name is required],
User : 'problem_user', The error message is incorrect for the provided user details. First Name : John Last Name : Doe zip Code:  expected [Error: Postal Code is required] but found [Error: Last Name is required],
User : 'problem_user', The error message is incorrect for the provided user details. First Name : John Last Name : Doe zip Code: 12345 expected [] but found [Error: Last Name is required],
User : 'problem_user', The error message is incorrect for the provided user details. First Name : J0hn Last Name : D@e zip Code: 123-45 expected [] but found [Error: Last Name is required],
User : 'problem_user', The error message is incorrect for the provided user details. First Name : J Last Name : D zip Code: 1 expected [] but found [Error: Last Name is required],
User : 'problem_user', The error message is incorrect for the provided user details. First Name : John@# Last Name : Doe$% zip Code: ABCDE expected [] but found [Error: Last Name is required],
User : 'problem_user', The error message is incorrect for the provided user details. First Name :     Last Name :     zip Code:     expected [] but found [Error: Last Name is required],
User : 'problem_user', The error message is incorrect for the provided user details. First Name : John Doe Last Name : Smith zip Code:  12345  expected [] but found [Error: Last Name is required],
User : 'problem_user', The error message is incorrect for the provided user details. First Name : John123 Last Name : Doe456 zip Code: 001234 expected [] but found [Error: Last Name is required],
User : 'problem_user', The error message is incorrect for the provided user details. First Name : JohnDoe Last Name : LongLastNameHereThatExceedsNormalLength zip Code: 123456789012345 expected [] but found [Error: Last Name is required],
User : 'problem_user', The error message is incorrect for the provided user details. First Name : Jo$hn Last Name : Do^e zip Code: 12345! expected [] but found [Error: Last Name is required],
User : 'problem_user', The error message is incorrect for the provided user details. First Name : J@hn Last Name : D#oe zip Code: 12-345 expected [] but found [Error: Last Name is required],
User : 'problem_user', The error message is incorrect for the provided user details. First Name :  Last Name : Doe zip Code: 67890 expected [Error: First Name is required] but found [Error: Last Name is required],
User : 'problem_user', The error message is incorrect for the provided user details. First Name : John Last Name : Doe zip Code:  expected [Error: Postal Code is required] but found [Error: Last Name is required],
User : 'problem_user', The error message is incorrect for the provided user details. First Name : John Last Name : Doe zip Code: 12345 expected [] but found [Error: Last Name is required],
User : 'problem_user', The error message is incorrect for the provided user details. First Name : J0hn Last Name : D@e zip Code: 123-45 expected [] but found [Error: Last Name is required],
User : 'problem_user', The error message is incorrect for the provided user details. First Name : J Last Name : D zip Code: 1 expected [] but found [Error: Last Name is required],
User : 'problem_user', The error message is incorrect for the provided user details. First Name : John@# Last Name : Doe$% zip Code: ABCDE expected [] but found [Error: Last Name is required],
User : 'problem_user', The error message is incorrect for the provided user details. First Name :     Last Name :     zip Code:     expected [] but found [Error: Last Name is required],
User : 'problem_user', The error message is incorrect for the provided user details. First Name : John Doe Last Name : Smith zip Code:  12345  expected [] but found [Error: Last Name is required],
User : 'problem_user', The error message is incorrect for the provided user details. First Name : John123 Last Name : Doe456 zip Code: 001234 expected [] but found [Error: Last Name is required],
User : 'problem_user', The error message is incorrect for the provided user details. First Name : JohnDoe Last Name : LongLastNameHereThatExceedsNormalLength zip Code: 123456789012345 expected [] but found [Error: Last Name is required],
User : 'problem_user', The error message is incorrect for the provided user details. First Name : Jo$hn Last Name : Do^e zip Code: 12345! expected [] but found [Error: Last Name is required],
User : 'problem_user', The error message is incorrect for the provided user details. First Name : J@hn Last Name : D#oe zip Code: 12-345 expected [] but found [Error: Last Name is required],
User : 'problem_user', Product: 'Test.allTheThings() T-Shirt (Red)', name does not match the expected name. expected [Test.allTheThings() T-Shirt (Red)] but found [Sauce Labs Onesie],
User : 'problem_user', The error message is incorrect for the provided user details. First Name :  Last Name : Doe zip Code: 67890 expected [Error: First Name is required] but found [Error: Last Name is required],
User : 'problem_user', The error message is incorrect for the provided user details. First Name : John Last Name : Doe zip Code:  expected [Error: Postal Code is required] but found [Error: Last Name is required],
User : 'problem_user', The error message is incorrect for the provided user details. First Name : John Last Name : Doe zip Code: 12345 expected [] but found [Error: Last Name is required],
User : 'problem_user', The error message is incorrect for the provided user details. First Name : J0hn Last Name : D@e zip Code: 123-45 expected [] but found [Error: Last Name is required],
User : 'problem_user', The error message is incorrect for the provided user details. First Name : J Last Name : D zip Code: 1 expected [] but found [Error: Last Name is required],
User : 'problem_user', The error message is incorrect for the provided user details. First Name : John@# Last Name : Doe$% zip Code: ABCDE expected [] but found [Error: Last Name is required],
User : 'problem_user', The error message is incorrect for the provided user details. First Name :     Last Name :     zip Code:     expected [] but found [Error: Last Name is required],
User : 'problem_user', The error message is incorrect for the provided user details. First Name : John Doe Last Name : Smith zip Code:  12345  expected [] but found [Error: Last Name is required],
User : 'problem_user', The error message is incorrect for the provided user details. First Name : John123 Last Name : Doe456 zip Code: 001234 expected [] but found [Error: Last Name is required],
User : 'problem_user', The error message is incorrect for the provided user details. First Name : JohnDoe Last Name : LongLastNameHereThatExceedsNormalLength zip Code: 123456789012345 expected [] but found [Error: Last Name is required],
User : 'problem_user', The error message is incorrect for the provided user details. First Name : Jo$hn Last Name : Do^e zip Code: 12345! expected [] but found [Error: Last Name is required],
User : 'problem_user', The error message is incorrect for the provided user details. First Name : J@hn Last Name : D#oe zip Code: 12-345 expected [] but found [Error: Last Name is required]
at tests.CheckoutInfoTest.testCheckoutPage(CheckoutInfoTest.java:88)
at java.base/java.util.ArrayList.forEach(ArrayList.java:1604)
at java.base/java.util.concurrent.FutureTask.run(FutureTask.java:328)
at java.base/java.util.concurrent.ThreadPoolExecutor.runWorker(ThreadPoolExecutor.java:1090)
at java.base/java.util.concurrent.ThreadPoolExecutor$Worker.run(ThreadPoolExecutor.java:614)
at java.base/java.lang.Thread.run(Thread.java:1474)
... Removed 17 stack frames]]>
    </failure>
  </testcase> <!-- testCheckoutPage -->
  <testcase classname="tests.CheckoutInfoTest" name="testCheckoutPage" time="97.952"/>
  <testcase classname="tests.CheckoutInfoTest" name="testCheckoutPage" time="73.379">
    <failure type="java.lang.AssertionError" message="The following asserts failed:
	User : &amp;apos;error_user&amp;apos;, The error message is incorrect for the provided user details. First Name : John Last Name :  zip Code: 67890 expected [Error: Last Name is required] but found [],
	User : &amp;apos;error_user&amp;apos;, The error message is incorrect for the provided user details. First Name : John Last Name :  zip Code: 67890 expected [Error: Last Name is required] but found [],
	User : &amp;apos;error_user&amp;apos;, Product: &amp;apos;Sauce Labs Bolt T-Shirt&amp;apos;, name does not match the expected name. expected [Sauce Labs Bolt T-Shirt] but found [Sauce Labs Bike Light],
	User : &amp;apos;error_user&amp;apos;, The error message is incorrect for the provided user details. First Name : John Last Name :  zip Code: 67890 expected [Error: Last Name is required] but found [],
	User : &amp;apos;error_user&amp;apos;, Product: &amp;apos;Sauce Labs Fleece Jacket&amp;apos;, name does not match the expected name. expected [Sauce Labs Fleece Jacket] but found [Sauce Labs Bike Light],
	User : &amp;apos;error_user&amp;apos;, The error message is incorrect for the provided user details. First Name : John Last Name :  zip Code: 67890 expected [Error: Last Name is required] but found [],
	User : &amp;apos;error_user&amp;apos;, The error message is incorrect for the provided user details. First Name : John Last Name :  zip Code: 67890 expected [Error: Last Name is required] but found [],
	User : &amp;apos;error_user&amp;apos;, Product: &amp;apos;Test.allTheThings() T-Shirt (Red)&amp;apos;, name does not match the expected name. expected [Test.allTheThings() T-Shirt (Red)] but found [Sauce Labs Onesie],
	User : &amp;apos;error_user&amp;apos;, The error message is incorrect for the provided user details. First Name : John Last Name :  zip Code: 67890 expected [Error: Last Name is required] but found []">
      <![CDATA[java.lang.AssertionError: The following asserts failed:
User : 'error_user', The error message is incorrect for the provided user details. First Name : John Last Name :  zip Code: 67890 expected [Error: Last Name is required] but found [],
User : 'error_user', The error message is incorrect for the provided user details. First Name : John Last Name :  zip Code: 67890 expected [Error: Last Name is required] but found [],
User : 'error_user', Product: 'Sauce Labs Bolt T-Shirt', name does not match the expected name. expected [Sauce Labs Bolt T-Shirt] but found [Sauce Labs Bike Light],
User : 'error_user', The error message is incorrect for the provided user details. First Name : John Last Name :  zip Code: 67890 expected [Error: Last Name is required] but found [],
User : 'error_user', Product: 'Sauce Labs Fleece Jacket', name does not match the expected name. expected [Sauce Labs Fleece Jacket] but found [Sauce Labs Bike Light],
User : 'error_user', The error message is incorrect for the provided user details. First Name : John Last Name :  zip Code: 67890 expected [Error: Last Name is required] but found [],
User : 'error_user', The error message is incorrect for the provided user details. First Name : John Last Name :  zip Code: 67890 expected [Error: Last Name is required] but found [],
User : 'error_user', Product: 'Test.allTheThings() T-Shirt (Red)', name does not match the expected name. expected [Test.allTheThings() T-Shirt (Red)] but found [Sauce Labs Onesie],
User : 'error_user', The error message is incorrect for the provided user details. First Name : John Last Name :  zip Code: 67890 expected [Error: Last Name is required] but found []
at tests.CheckoutInfoTest.testCheckoutPage(CheckoutInfoTest.java:88)
at java.base/java.util.ArrayList.forEach(ArrayList.java:1604)
at java.base/java.util.concurrent.FutureTask.run(FutureTask.java:328)
at java.base/java.util.concurrent.ThreadPoolExecutor.runWorker(ThreadPoolExecutor.java:1090)
at java.base/java.util.concurrent.ThreadPoolExecutor$Worker.run(ThreadPoolExecutor.java:614)
at java.base/java.lang.Thread.run(Thread.java:1474)
... Removed 17 stack frames]]>
    </failure>
  </testcase> <!-- testCheckoutPage -->
  <testcase classname="tests.CheckoutInfoTest" name="testCheckoutPage" time="50.639"/>
</testsuite> <!-- Checkout Tests -->
