<html>
<head>
<title>TestNG:  Inventory Tests</title>
<link href="../testng.css" rel="stylesheet" type="text/css" />
<link href="../my-testng.css" rel="stylesheet" type="text/css" />

<style type="text/css">
.log { display: none;} 
.stack-trace { display: none;} 
</style>
<script type="text/javascript">
<!--
function flip(e) {
  current = e.style.display;
  if (current == 'block') {
    e.style.display = 'none';
    return 0;
  }
  else {
    e.style.display = 'block';
    return 1;
  }
}

function toggleBox(szDivId, elem, msg1, msg2)
{
  var res = -1;  if (document.getElementById) {
    res = flip(document.getElementById(szDivId));
  }
  else if (document.all) {
    // this is the way old msie versions work
    res = flip(document.all[szDivId]);
  }
  if(elem) {
    if(res == 0) elem.innerHTML = msg1; else elem.innerHTML = msg2;
  }

}

function toggleAllBoxes() {
  if (document.getElementsByTagName) {
    d = document.getElementsByTagName('div');
    for (i = 0; i < d.length; i++) {
      if (d[i].className == 'log') {
        flip(d[i]);
      }
    }
  }
}

// -->
</script>

</head>
<body>
<h2 align='center'>Inventory Tests</h2><table border='1' align="center">
<tr>
<td>Tests passed/Failed/Skipped:</td><td>7/3/0</td>
</tr><tr>
<td>Started on:</td><td>Sun Dec 07 13:27:00 EET 2025</td>
</tr>
<tr><td>Total time:</td><td>124 seconds (124206 ms)</td>
</tr><tr>
<td>Included groups:</td><td></td>
</tr><tr>
<td>Excluded groups:</td><td></td>
</tr>
</table><p/>
<small><i>(Hover the method name to see the test class name)</i></small><p/>
<table width='100%' border='1' class='invocation-failed'>
<tr><td colspan='4' align='center'><b>FAILED TESTS</b></td></tr>
<tr><td><b>Test method</b></td>
<td><b>Attribute(s)</b></td>
<td width="30%"><b>Exception</b></td>
<td width="10%"><b>Time (seconds)</b></td>
<td><b>Instance</b></td>
</tr>
<tr>
<td title='tests.InventoryTest.testInventoryItems()'><b>testInventoryItems</b><br>Test class: tests.InventoryTest<br>Parameters: visual_user, secret_sauce</td>
<td><div><pre>java.lang.AssertionError: The following asserts failed:
	User : &apos;visual_user&apos;, The price of the product is incorrect for item 1 : Sauce Labs Backpack expected [$29.99] but found [$47.22],
	User : &apos;visual_user&apos;, The price of the product is incorrect for item 2 : Sauce Labs Bike Light expected [$9.99] but found [$44.12],
	User : &apos;visual_user&apos;, The price of the product is incorrect for item 3 : Sauce Labs Bolt T-Shirt expected [$15.99] but found [$0.06],
	User : &apos;visual_user&apos;, The price of the product is incorrect for item 4 : Sauce Labs Fleece Jacket expected [$49.99] but found [$72.2],
	User : &apos;visual_user&apos;, The price of the product is incorrect for item 5 : Sauce Labs Onesie expected [$7.99] but found [$57.98],
	User : &apos;visual_user&apos;, The price of the product is incorrect for item 6 : Test.allTheThings() T-Shirt (Red) expected [$15.99] but found [$76.83]
	at tests.InventoryTest.testInventoryItems(InventoryTest.java:109)
	at java.base/java.util.ArrayList.forEach(ArrayList.java:1604)
	at java.base/java.util.concurrent.FutureTask.run(FutureTask.java:328)
	at java.base/java.util.concurrent.ThreadPoolExecutor.runWorker(ThreadPoolExecutor.java:1090)
	at java.base/java.util.concurrent.ThreadPoolExecutor$Worker.run(ThreadPoolExecutor.java:614)
	at java.base/java.lang.Thread.run(Thread.java:1474)
... Removed 17 stack frames</pre></div><a href='#' onClick='toggleBox("stack-trace1107948730", this, "Click to show all stack frames", "Click to hide stack frames")'>Click to show all stack frames</a>
<div class='stack-trace' id='stack-trace1107948730'><pre>java.lang.AssertionError: The following asserts failed:
	User : &apos;visual_user&apos;, The price of the product is incorrect for item 1 : Sauce Labs Backpack expected [$29.99] but found [$47.22],
	User : &apos;visual_user&apos;, The price of the product is incorrect for item 2 : Sauce Labs Bike Light expected [$9.99] but found [$44.12],
	User : &apos;visual_user&apos;, The price of the product is incorrect for item 3 : Sauce Labs Bolt T-Shirt expected [$15.99] but found [$0.06],
	User : &apos;visual_user&apos;, The price of the product is incorrect for item 4 : Sauce Labs Fleece Jacket expected [$49.99] but found [$72.2],
	User : &apos;visual_user&apos;, The price of the product is incorrect for item 5 : Sauce Labs Onesie expected [$7.99] but found [$57.98],
	User : &apos;visual_user&apos;, The price of the product is incorrect for item 6 : Test.allTheThings() T-Shirt (Red) expected [$15.99] but found [$76.83]
	at org.testng.asserts.SoftAssert.assertAll(SoftAssert.java:46)
	at org.testng.asserts.SoftAssert.assertAll(SoftAssert.java:30)
	at tests.InventoryTest.testInventoryItems(InventoryTest.java:109)
	at java.base/jdk.internal.reflect.DirectMethodHandleAccessor.invoke(DirectMethodHandleAccessor.java:104)
	at java.base/java.lang.reflect.Method.invoke(Method.java:565)
	at org.testng.internal.invokers.MethodInvocationHelper.invokeMethod(MethodInvocationHelper.java:139)
	at org.testng.internal.invokers.TestInvoker.invokeMethod(TestInvoker.java:677)
	at org.testng.internal.invokers.TestInvoker.invokeTestMethod(TestInvoker.java:221)
	at org.testng.internal.invokers.MethodRunner.runInSequence(MethodRunner.java:50)
	at org.testng.internal.invokers.TestInvoker$MethodInvocationAgent.invoke(TestInvoker.java:969)
	at org.testng.internal.invokers.TestInvoker.invokeTestMethods(TestInvoker.java:194)
	at org.testng.internal.invokers.TestMethodWorker.invokeTestMethods(TestMethodWorker.java:148)
	at org.testng.internal.invokers.TestMethodWorker.run(TestMethodWorker.java:128)
	at java.base/java.util.ArrayList.forEach(ArrayList.java:1604)
	at org.testng.TestRunner.privateRun(TestRunner.java:829)
	at org.testng.TestRunner.run(TestRunner.java:602)
	at org.testng.SuiteRunner.runTest(SuiteRunner.java:437)
	at org.testng.SuiteRunner$SuiteWorker.run(SuiteRunner.java:475)
	at org.testng.internal.thread.ThreadUtil.lambda$execute$0(ThreadUtil.java:58)
	at java.base/java.util.concurrent.FutureTask.run(FutureTask.java:328)
	at java.base/java.util.concurrent.ThreadPoolExecutor.runWorker(ThreadPoolExecutor.java:1090)
	at java.base/java.util.concurrent.ThreadPoolExecutor$Worker.run(ThreadPoolExecutor.java:614)
	at java.base/java.lang.Thread.run(Thread.java:1474)
</pre></div></td>
<td>0</td>
<td>tests.InventoryTest@749c877b</td></tr>
<tr>
<td title='tests.InventoryTest.test_Add_Remove_Item()'><b>test_Add_Remove_Item</b><br>Test class: tests.InventoryTest<br>Parameters: problem_user, secret_sauce</td>
<td><div><pre>java.lang.AssertionError: The following asserts failed:
	User : &apos;problem_user&apos;, Sauce Labs Bolt T-Shirt: remove form cart button unclickable.,
	User : &apos;problem_user&apos;, Sauce Labs Fleece Jacket: remove form cart button unclickable.,
	User : &apos;problem_user&apos;, Test.allTheThings() T-Shirt (Red): remove form cart button unclickable.
	at tests.InventoryTest.test_Add_Remove_Item(InventoryTest.java:65)
	at java.base/java.util.ArrayList.forEach(ArrayList.java:1604)
	at java.base/java.util.concurrent.FutureTask.run(FutureTask.java:328)
	at java.base/java.util.concurrent.ThreadPoolExecutor.runWorker(ThreadPoolExecutor.java:1090)
	at java.base/java.util.concurrent.ThreadPoolExecutor$Worker.run(ThreadPoolExecutor.java:614)
	at java.base/java.lang.Thread.run(Thread.java:1474)
... Removed 17 stack frames</pre></div><a href='#' onClick='toggleBox("stack-trace98966937", this, "Click to show all stack frames", "Click to hide stack frames")'>Click to show all stack frames</a>
<div class='stack-trace' id='stack-trace98966937'><pre>java.lang.AssertionError: The following asserts failed:
	User : &apos;problem_user&apos;, Sauce Labs Bolt T-Shirt: remove form cart button unclickable.,
	User : &apos;problem_user&apos;, Sauce Labs Fleece Jacket: remove form cart button unclickable.,
	User : &apos;problem_user&apos;, Test.allTheThings() T-Shirt (Red): remove form cart button unclickable.
	at org.testng.asserts.SoftAssert.assertAll(SoftAssert.java:46)
	at org.testng.asserts.SoftAssert.assertAll(SoftAssert.java:30)
	at tests.InventoryTest.test_Add_Remove_Item(InventoryTest.java:65)
	at java.base/jdk.internal.reflect.DirectMethodHandleAccessor.invoke(DirectMethodHandleAccessor.java:104)
	at java.base/java.lang.reflect.Method.invoke(Method.java:565)
	at org.testng.internal.invokers.MethodInvocationHelper.invokeMethod(MethodInvocationHelper.java:139)
	at org.testng.internal.invokers.TestInvoker.invokeMethod(TestInvoker.java:677)
	at org.testng.internal.invokers.TestInvoker.invokeTestMethod(TestInvoker.java:221)
	at org.testng.internal.invokers.MethodRunner.runInSequence(MethodRunner.java:50)
	at org.testng.internal.invokers.TestInvoker$MethodInvocationAgent.invoke(TestInvoker.java:969)
	at org.testng.internal.invokers.TestInvoker.invokeTestMethods(TestInvoker.java:194)
	at org.testng.internal.invokers.TestMethodWorker.invokeTestMethods(TestMethodWorker.java:148)
	at org.testng.internal.invokers.TestMethodWorker.run(TestMethodWorker.java:128)
	at java.base/java.util.ArrayList.forEach(ArrayList.java:1604)
	at org.testng.TestRunner.privateRun(TestRunner.java:829)
	at org.testng.TestRunner.run(TestRunner.java:602)
	at org.testng.SuiteRunner.runTest(SuiteRunner.java:437)
	at org.testng.SuiteRunner$SuiteWorker.run(SuiteRunner.java:475)
	at org.testng.internal.thread.ThreadUtil.lambda$execute$0(ThreadUtil.java:58)
	at java.base/java.util.concurrent.FutureTask.run(FutureTask.java:328)
	at java.base/java.util.concurrent.ThreadPoolExecutor.runWorker(ThreadPoolExecutor.java:1090)
	at java.base/java.util.concurrent.ThreadPoolExecutor$Worker.run(ThreadPoolExecutor.java:614)
	at java.base/java.lang.Thread.run(Thread.java:1474)
</pre></div></td>
<td>1</td>
<td>tests.InventoryTest@749c877b</td></tr>
<tr>
<td title='tests.InventoryTest.test_Add_Remove_Item()'><b>test_Add_Remove_Item</b><br>Test class: tests.InventoryTest<br>Parameters: error_user, secret_sauce</td>
<td><div><pre>java.lang.AssertionError: The following asserts failed:
	User : &apos;error_user&apos;, Sauce Labs Bolt T-Shirt: remove form cart button unclickable.,
	User : &apos;error_user&apos;, Sauce Labs Fleece Jacket: remove form cart button unclickable.,
	User : &apos;error_user&apos;, Test.allTheThings() T-Shirt (Red): remove form cart button unclickable.
	at tests.InventoryTest.test_Add_Remove_Item(InventoryTest.java:65)
	at java.base/java.util.ArrayList.forEach(ArrayList.java:1604)
	at java.base/java.util.concurrent.FutureTask.run(FutureTask.java:328)
	at java.base/java.util.concurrent.ThreadPoolExecutor.runWorker(ThreadPoolExecutor.java:1090)
	at java.base/java.util.concurrent.ThreadPoolExecutor$Worker.run(ThreadPoolExecutor.java:614)
	at java.base/java.lang.Thread.run(Thread.java:1474)
... Removed 17 stack frames</pre></div><a href='#' onClick='toggleBox("stack-trace979579004", this, "Click to show all stack frames", "Click to hide stack frames")'>Click to show all stack frames</a>
<div class='stack-trace' id='stack-trace979579004'><pre>java.lang.AssertionError: The following asserts failed:
	User : &apos;error_user&apos;, Sauce Labs Bolt T-Shirt: remove form cart button unclickable.,
	User : &apos;error_user&apos;, Sauce Labs Fleece Jacket: remove form cart button unclickable.,
	User : &apos;error_user&apos;, Test.allTheThings() T-Shirt (Red): remove form cart button unclickable.
	at org.testng.asserts.SoftAssert.assertAll(SoftAssert.java:46)
	at org.testng.asserts.SoftAssert.assertAll(SoftAssert.java:30)
	at tests.InventoryTest.test_Add_Remove_Item(InventoryTest.java:65)
	at java.base/jdk.internal.reflect.DirectMethodHandleAccessor.invoke(DirectMethodHandleAccessor.java:104)
	at java.base/java.lang.reflect.Method.invoke(Method.java:565)
	at org.testng.internal.invokers.MethodInvocationHelper.invokeMethod(MethodInvocationHelper.java:139)
	at org.testng.internal.invokers.TestInvoker.invokeMethod(TestInvoker.java:677)
	at org.testng.internal.invokers.TestInvoker.invokeTestMethod(TestInvoker.java:221)
	at org.testng.internal.invokers.MethodRunner.runInSequence(MethodRunner.java:50)
	at org.testng.internal.invokers.TestInvoker$MethodInvocationAgent.invoke(TestInvoker.java:969)
	at org.testng.internal.invokers.TestInvoker.invokeTestMethods(TestInvoker.java:194)
	at org.testng.internal.invokers.TestMethodWorker.invokeTestMethods(TestMethodWorker.java:148)
	at org.testng.internal.invokers.TestMethodWorker.run(TestMethodWorker.java:128)
	at java.base/java.util.ArrayList.forEach(ArrayList.java:1604)
	at org.testng.TestRunner.privateRun(TestRunner.java:829)
	at org.testng.TestRunner.run(TestRunner.java:602)
	at org.testng.SuiteRunner.runTest(SuiteRunner.java:437)
	at org.testng.SuiteRunner$SuiteWorker.run(SuiteRunner.java:475)
	at org.testng.internal.thread.ThreadUtil.lambda$execute$0(ThreadUtil.java:58)
	at java.base/java.util.concurrent.FutureTask.run(FutureTask.java:328)
	at java.base/java.util.concurrent.ThreadPoolExecutor.runWorker(ThreadPoolExecutor.java:1090)
	at java.base/java.util.concurrent.ThreadPoolExecutor$Worker.run(ThreadPoolExecutor.java:614)
	at java.base/java.lang.Thread.run(Thread.java:1474)
</pre></div></td>
<td>2</td>
<td>tests.InventoryTest@749c877b</td></tr>
</table><p>
<table width='100%' border='1' class='invocation-passed'>
<tr><td colspan='4' align='center'><b>PASSED TESTS</b></td></tr>
<tr><td><b>Test method</b></td>
<td><b>Attribute(s)</b></td>
<td width="30%"><b>Exception</b></td>
<td width="10%"><b>Time (seconds)</b></td>
<td><b>Instance</b></td>
</tr>
<tr>
<td title='tests.InventoryTest.test_Add_Remove_Item()'><b>test_Add_Remove_Item</b><br>Test class: tests.InventoryTest<br>Parameters: performance_glitch_user, secret_sauce</td>
<td></td>
<td>6</td>
<td>tests.InventoryTest@749c877b</td></tr>
<tr>
<td title='tests.InventoryTest.testInventoryItems()'><b>testInventoryItems</b><br>Test class: tests.InventoryTest<br>Parameters: error_user, secret_sauce</td>
<td></td>
<td>1</td>
<td>tests.InventoryTest@749c877b</td></tr>
<tr>
<td title='tests.InventoryTest.testInventoryItems()'><b>testInventoryItems</b><br>Test class: tests.InventoryTest<br>Parameters: standard_user, secret_sauce</td>
<td></td>
<td>3</td>
<td>tests.InventoryTest@749c877b</td></tr>
<tr>
<td title='tests.InventoryTest.test_Add_Remove_Item()'><b>test_Add_Remove_Item</b><br>Test class: tests.InventoryTest<br>Parameters: visual_user, secret_sauce</td>
<td></td>
<td>1</td>
<td>tests.InventoryTest@749c877b</td></tr>
<tr>
<td title='tests.InventoryTest.testInventoryItems()'><b>testInventoryItems</b><br>Test class: tests.InventoryTest<br>Parameters: problem_user, secret_sauce</td>
<td></td>
<td>1</td>
<td>tests.InventoryTest@749c877b</td></tr>
<tr>
<td title='tests.InventoryTest.test_Add_Remove_Item()'><b>test_Add_Remove_Item</b><br>Test class: tests.InventoryTest<br>Parameters: standard_user, secret_sauce</td>
<td></td>
<td>2</td>
<td>tests.InventoryTest@749c877b</td></tr>
<tr>
<td title='tests.InventoryTest.testInventoryItems()'><b>testInventoryItems</b><br>Test class: tests.InventoryTest<br>Parameters: performance_glitch_user, secret_sauce</td>
<td></td>
<td>6</td>
<td>tests.InventoryTest@749c877b</td></tr>
</table><p>
</body>
</html>