<?xml version="1.0" encoding="UTF-8"?>
<!-- Generated by org.testng.reporters.JUnitXMLReporter -->
<testsuite ignored="0" hostname="archroot" failures="3" tests="10" name="Inventory Tests" time="124.206" errors="0" timestamp="2025-12-07T13:29:04 EET">
  <testcase classname="tests.InventoryTest" name="testInventoryItems" time="3.06"/>
  <testcase classname="tests.InventoryTest" name="testInventoryItems" time="1.913"/>
  <testcase classname="tests.InventoryTest" name="testInventoryItems" time="6.646"/>
  <testcase classname="tests.InventoryTest" name="testInventoryItems" time="1.113"/>
  <testcase classname="tests.InventoryTest" name="testInventoryItems" time="0.896">
    <failure type="java.lang.AssertionError" message="The following asserts failed:
	User : &amp;apos;visual_user&amp;apos;, The price of the product is incorrect for item 1 : Sauce Labs Backpack expected [$29.99] but found [$47.22],
	User : &amp;apos;visual_user&amp;apos;, The price of the product is incorrect for item 2 : Sauce Labs Bike Light expected [$9.99] but found [$44.12],
	User : &amp;apos;visual_user&amp;apos;, The price of the product is incorrect for item 3 : Sauce Labs Bolt T-Shirt expected [$15.99] but found [$0.06],
	User : &amp;apos;visual_user&amp;apos;, The price of the product is incorrect for item 4 : Sauce Labs Fleece Jacket expected [$49.99] but found [$72.2],
	User : &amp;apos;visual_user&amp;apos;, The price of the product is incorrect for item 5 : Sauce Labs Onesie expected [$7.99] but found [$57.98],
	User : &amp;apos;visual_user&amp;apos;, The price of the product is incorrect for item 6 : Test.allTheThings() T-Shirt (Red) expected [$15.99] but found [$76.83]">
      <![CDATA[java.lang.AssertionError: The following asserts failed:
User : 'visual_user', The price of the product is incorrect for item 1 : Sauce Labs Backpack expected [$29.99] but found [$47.22],
User : 'visual_user', The price of the product is incorrect for item 2 : Sauce Labs Bike Light expected [$9.99] but found [$44.12],
User : 'visual_user', The price of the product is incorrect for item 3 : Sauce Labs Bolt T-Shirt expected [$15.99] but found [$0.06],
User : 'visual_user', The price of the product is incorrect for item 4 : Sauce Labs Fleece Jacket expected [$49.99] but found [$72.2],
User : 'visual_user', The price of the product is incorrect for item 5 : Sauce Labs Onesie expected [$7.99] but found [$57.98],
User : 'visual_user', The price of the product is incorrect for item 6 : Test.allTheThings() T-Shirt (Red) expected [$15.99] but found [$76.83]
at tests.InventoryTest.testInventoryItems(InventoryTest.java:109)
at java.base/java.util.ArrayList.forEach(ArrayList.java:1604)
at java.base/java.util.concurrent.FutureTask.run(FutureTask.java:328)
at java.base/java.util.concurrent.ThreadPoolExecutor.runWorker(ThreadPoolExecutor.java:1090)
at java.base/java.util.concurrent.ThreadPoolExecutor$Worker.run(ThreadPoolExecutor.java:614)
at java.base/java.lang.Thread.run(Thread.java:1474)
... Removed 17 stack frames]]>
    </failure>
  </testcase> <!-- testInventoryItems -->
  <testcase classname="tests.InventoryTest" name="test_Add_Remove_Item" time="2.384"/>
  <testcase classname="tests.InventoryTest" name="test_Add_Remove_Item" time="1.256">
    <failure type="java.lang.AssertionError" message="The following asserts failed:
	User : &amp;apos;problem_user&amp;apos;, Sauce Labs Bolt T-Shirt: remove form cart button unclickable.,
	User : &amp;apos;problem_user&amp;apos;, Sauce Labs Fleece Jacket: remove form cart button unclickable.,
	User : &amp;apos;problem_user&amp;apos;, Test.allTheThings() T-Shirt (Red): remove form cart button unclickable.">
      <![CDATA[java.lang.AssertionError: The following asserts failed:
User : 'problem_user', Sauce Labs Bolt T-Shirt: remove form cart button unclickable.,
User : 'problem_user', Sauce Labs Fleece Jacket: remove form cart button unclickable.,
User : 'problem_user', Test.allTheThings() T-Shirt (Red): remove form cart button unclickable.
at tests.InventoryTest.test_Add_Remove_Item(InventoryTest.java:65)
at java.base/java.util.ArrayList.forEach(ArrayList.java:1604)
at java.base/java.util.concurrent.FutureTask.run(FutureTask.java:328)
at java.base/java.util.concurrent.ThreadPoolExecutor.runWorker(ThreadPoolExecutor.java:1090)
at java.base/java.util.concurrent.ThreadPoolExecutor$Worker.run(ThreadPoolExecutor.java:614)
at java.base/java.lang.Thread.run(Thread.java:1474)
... Removed 17 stack frames]]>
    </failure>
  </testcase> <!-- test_Add_Remove_Item -->
  <testcase classname="tests.InventoryTest" name="test_Add_Remove_Item" time="6.499"/>
  <testcase classname="tests.InventoryTest" name="test_Add_Remove_Item" time="2.0">
    <failure type="java.lang.AssertionError" message="The following asserts failed:
	User : &amp;apos;error_user&amp;apos;, Sauce Labs Bolt T-Shirt: remove form cart button unclickable.,
	User : &amp;apos;error_user&amp;apos;, Sauce Labs Fleece Jacket: remove form cart button unclickable.,
	User : &amp;apos;error_user&amp;apos;, Test.allTheThings() T-Shirt (Red): remove form cart button unclickable.">
      <![CDATA[java.lang.AssertionError: The following asserts failed:
User : 'error_user', Sauce Labs Bolt T-Shirt: remove form cart button unclickable.,
User : 'error_user', Sauce Labs Fleece Jacket: remove form cart button unclickable.,
User : 'error_user', Test.allTheThings() T-Shirt (Red): remove form cart button unclickable.
at tests.InventoryTest.test_Add_Remove_Item(InventoryTest.java:65)
at java.base/java.util.ArrayList.forEach(ArrayList.java:1604)
at java.base/java.util.concurrent.FutureTask.run(FutureTask.java:328)
at java.base/java.util.concurrent.ThreadPoolExecutor.runWorker(ThreadPoolExecutor.java:1090)
at java.base/java.util.concurrent.ThreadPoolExecutor$Worker.run(ThreadPoolExecutor.java:614)
at java.base/java.lang.Thread.run(Thread.java:1474)
... Removed 17 stack frames]]>
    </failure>
  </testcase> <!-- test_Add_Remove_Item -->
  <testcase classname="tests.InventoryTest" name="test_Add_Remove_Item" time="1.644"/>
</testsuite> <!-- Inventory Tests -->
