<?xml version="1.0" encoding="UTF-8"?>
<!-- Generated by org.testng.reporters.JUnitXMLReporter -->
<testsuite ignored="0" hostname="archroot" failures="6" tests="15" name="Overview Tests" time="295.863" errors="0" timestamp="2025-12-07T13:36:05 EET">
  <testcase classname="tests.OverviewTest" name="testFinishProcess" time="9.083"/>
  <testcase classname="tests.OverviewTest" name="testFinishProcess" time="1.927">
    <failure type="java.lang.AssertionError" message="checkout failed Error: Last Name is required expected [] but found [Error: Last Name is required]">
      <![CDATA[java.lang.AssertionError: checkout failed Error: Last Name is required expected [] but found [Error: Last Name is required]
at tests.OverviewTest.fillValidInfo(OverviewTest.java:29)
at tests.OverviewTest.testFinishProcess(OverviewTest.java:216)
at java.base/java.util.ArrayList.forEach(ArrayList.java:1604)
at java.base/java.util.concurrent.FutureTask.run(FutureTask.java:328)
at java.base/java.util.concurrent.ThreadPoolExecutor.runWorker(ThreadPoolExecutor.java:1090)
at java.base/java.util.concurrent.ThreadPoolExecutor$Worker.run(ThreadPoolExecutor.java:614)
at java.base/java.lang.Thread.run(Thread.java:1474)
... Removed 20 stack frames]]>
    </failure>
  </testcase> <!-- testFinishProcess -->
  <testcase classname="tests.OverviewTest" name="testFinishProcess" time="40.841"/>
  <testcase classname="tests.OverviewTest" name="testFinishProcess" time="0.809">
    <failure type="java.lang.AssertionError" message="expected [https://www.saucedemo.com/checkout-complete.html] but found [https://www.saucedemo.com/checkout-step-two.html]">
      <![CDATA[java.lang.AssertionError: expected [https://www.saucedemo.com/checkout-complete.html] but found [https://www.saucedemo.com/checkout-step-two.html]
at tests.OverviewTest.testFinishProcess(OverviewTest.java:223)
at java.base/java.util.ArrayList.forEach(ArrayList.java:1604)
at java.base/java.util.concurrent.FutureTask.run(FutureTask.java:328)
at java.base/java.util.concurrent.ThreadPoolExecutor.runWorker(ThreadPoolExecutor.java:1090)
at java.base/java.util.concurrent.ThreadPoolExecutor$Worker.run(ThreadPoolExecutor.java:614)
at java.base/java.lang.Thread.run(Thread.java:1474)
... Removed 21 stack frames]]>
    </failure>
  </testcase> <!-- testFinishProcess -->
  <testcase classname="tests.OverviewTest" name="testFinishProcess" time="5.035"/>
  <testcase classname="tests.OverviewTest" name="testOverviewPage" time="6.576"/>
  <testcase classname="tests.OverviewTest" name="testOverviewPage" time="0.8">
    <failure type="java.lang.AssertionError" message="checkout failed Error: Last Name is required expected [] but found [Error: Last Name is required]">
      <![CDATA[java.lang.AssertionError: checkout failed Error: Last Name is required expected [] but found [Error: Last Name is required]
at tests.OverviewTest.fillValidInfo(OverviewTest.java:29)
at tests.OverviewTest.testOverviewPage(OverviewTest.java:74)
at java.base/java.util.ArrayList.forEach(ArrayList.java:1604)
at java.base/java.util.concurrent.FutureTask.run(FutureTask.java:328)
at java.base/java.util.concurrent.ThreadPoolExecutor.runWorker(ThreadPoolExecutor.java:1090)
at java.base/java.util.concurrent.ThreadPoolExecutor$Worker.run(ThreadPoolExecutor.java:614)
at java.base/java.lang.Thread.run(Thread.java:1474)
... Removed 20 stack frames]]>
    </failure>
  </testcase> <!-- testOverviewPage -->
  <testcase classname="tests.OverviewTest" name="testOverviewPage" time="41.373"/>
  <testcase classname="tests.OverviewTest" name="testOverviewPage" time="7.973">
    <failure type="java.lang.AssertionError" message="The following asserts failed:
	The product: Sauce Labs Bike Light name does not match the expected name. expected [Sauce Labs Bolt T-Shirt] but found [Sauce Labs Bike Light],
	The product: Sauce Labs Bike Light name does not match the expected name. expected [Sauce Labs Fleece Jacket] but found [Sauce Labs Bike Light],
	The product: Sauce Labs Onesie name does not match the expected name. expected [Test.allTheThings() T-Shirt (Red)] but found [Sauce Labs Onesie]">
      <![CDATA[java.lang.AssertionError: The following asserts failed:
The product: Sauce Labs Bike Light name does not match the expected name. expected [Sauce Labs Bolt T-Shirt] but found [Sauce Labs Bike Light],
The product: Sauce Labs Bike Light name does not match the expected name. expected [Sauce Labs Fleece Jacket] but found [Sauce Labs Bike Light],
The product: Sauce Labs Onesie name does not match the expected name. expected [Test.allTheThings() T-Shirt (Red)] but found [Sauce Labs Onesie]
at tests.OverviewTest.testOverviewPage(OverviewTest.java:111)
at java.base/java.util.ArrayList.forEach(ArrayList.java:1604)
at java.base/java.util.concurrent.FutureTask.run(FutureTask.java:328)
at java.base/java.util.concurrent.ThreadPoolExecutor.runWorker(ThreadPoolExecutor.java:1090)
at java.base/java.util.concurrent.ThreadPoolExecutor$Worker.run(ThreadPoolExecutor.java:614)
at java.base/java.lang.Thread.run(Thread.java:1474)
... Removed 17 stack frames]]>
    </failure>
  </testcase> <!-- testOverviewPage -->
  <testcase classname="tests.OverviewTest" name="testOverviewPage" time="7.658"/>
  <testcase classname="tests.OverviewTest" name="testTotalPrice" time="7.333"/>
  <testcase classname="tests.OverviewTest" name="testTotalPrice" time="1.087">
    <failure type="java.lang.AssertionError" message="checkout failed Error: Last Name is required expected [] but found [Error: Last Name is required]">
      <![CDATA[java.lang.AssertionError: checkout failed Error: Last Name is required expected [] but found [Error: Last Name is required]
at tests.OverviewTest.fillValidInfo(OverviewTest.java:29)
at tests.OverviewTest.testTotalPrice(OverviewTest.java:158)
at java.base/java.util.ArrayList.forEach(ArrayList.java:1604)
at java.base/java.util.concurrent.FutureTask.run(FutureTask.java:328)
at java.base/java.util.concurrent.ThreadPoolExecutor.runWorker(ThreadPoolExecutor.java:1090)
at java.base/java.util.concurrent.ThreadPoolExecutor$Worker.run(ThreadPoolExecutor.java:614)
at java.base/java.lang.Thread.run(Thread.java:1474)
... Removed 20 stack frames]]>
    </failure>
  </testcase> <!-- testTotalPrice -->
  <testcase classname="tests.OverviewTest" name="testTotalPrice" time="41.798"/>
  <testcase classname="tests.OverviewTest" name="testTotalPrice" time="7.314">
    <failure type="java.lang.AssertionError" message="The following asserts failed:
	The total price calculation is incorrect! expected [59.17] but found [43.18],
	The total price calculation is incorrect! expected [109.16000000000001] but found [43.18],
	The total price calculation is incorrect! expected [117.79] but found [51.81],
	The total price calculation is incorrect! expected [133.78] but found [51.81]">
      <![CDATA[java.lang.AssertionError: The following asserts failed:
The total price calculation is incorrect! expected [59.17] but found [43.18],
The total price calculation is incorrect! expected [109.16000000000001] but found [43.18],
The total price calculation is incorrect! expected [117.79] but found [51.81],
The total price calculation is incorrect! expected [133.78] but found [51.81]
at tests.OverviewTest.testTotalPrice(OverviewTest.java:177)
at java.base/java.util.ArrayList.forEach(ArrayList.java:1604)
at java.base/java.util.concurrent.FutureTask.run(FutureTask.java:328)
at java.base/java.util.concurrent.ThreadPoolExecutor.runWorker(ThreadPoolExecutor.java:1090)
at java.base/java.util.concurrent.ThreadPoolExecutor$Worker.run(ThreadPoolExecutor.java:614)
at java.base/java.lang.Thread.run(Thread.java:1474)
... Removed 17 stack frames]]>
    </failure>
  </testcase> <!-- testTotalPrice -->
  <testcase classname="tests.OverviewTest" name="testTotalPrice" time="6.024"/>
</testsuite> <!-- Overview Tests -->
