<html>
<head>
<title>TestNG:  ProductPage Tests</title>
<link href="../testng.css" rel="stylesheet" type="text/css" />
<link href="../my-testng.css" rel="stylesheet" type="text/css" />

<style type="text/css">
.log { display: none;} 
.stack-trace { display: none;} 
</style>
<script type="text/javascript">
<!--
function flip(e) {
  current = e.style.display;
  if (current == 'block') {
    e.style.display = 'none';
    return 0;
  }
  else {
    e.style.display = 'block';
    return 1;
  }
}

function toggleBox(szDivId, elem, msg1, msg2)
{
  var res = -1;  if (document.getElementById) {
    res = flip(document.getElementById(szDivId));
  }
  else if (document.all) {
    // this is the way old msie versions work
    res = flip(document.all[szDivId]);
  }
  if(elem) {
    if(res == 0) elem.innerHTML = msg1; else elem.innerHTML = msg2;
  }

}

function toggleAllBoxes() {
  if (document.getElementsByTagName) {
    d = document.getElementsByTagName('div');
    for (i = 0; i < d.length; i++) {
      if (d[i].className == 'log') {
        flip(d[i]);
      }
    }
  }
}

// -->
</script>

</head>
<body>
<h2 align='center'>ProductPage Tests</h2><table border='1' align="center">
<tr>
<td>Tests passed/Failed/Skipped:</td><td>12/3/0</td>
</tr><tr>
<td>Started on:</td><td>Sun Dec 07 13:27:00 EET 2025</td>
</tr>
<tr><td>Total time:</td><td>286 seconds (286769 ms)</td>
</tr><tr>
<td>Included groups:</td><td></td>
</tr><tr>
<td>Excluded groups:</td><td></td>
</tr>
</table><p/>
<small><i>(Hover the method name to see the test class name)</i></small><p/>
<table width='100%' border='1' class='invocation-failed'>
<tr><td colspan='4' align='center'><b>FAILED TESTS</b></td></tr>
<tr><td><b>Test method</b></td>
<td><b>Attribute(s)</b></td>
<td width="30%"><b>Exception</b></td>
<td width="10%"><b>Time (seconds)</b></td>
<td><b>Instance</b></td>
</tr>
<tr>
<td title='tests.ProductPageTest.validateProduct_Name_Price_Description()'><b>validateProduct_Name_Price_Description</b><br>Test class: tests.ProductPageTest<br>Parameters: error_user, secret_sauce</td>
<td><div><pre>java.lang.AssertionError: The following asserts failed:
	User : &apos;error_user&apos;, Product: &apos;Sauce Labs Backpack&apos;, Product description mismatch expected [carry.allTheThings() with the sleek, streamlined Sly Pack that melds uncompromising style with unequaled laptop and tablet protection.] but found [A description should be here, but it failed to render! This error has been reported to Backtrace.],
	User : &apos;error_user&apos;, Product: &apos;Sauce Labs Bike Light&apos;, Product description mismatch expected [A red light isn&apos;t the desired state in testing but it sure helps when riding your bike at night. Water-resistant with 3 lighting modes, 1 AAA battery included.] but found [A description should be here, but it failed to render! This error has been reported to Backtrace.],
	User : &apos;error_user&apos;, Product: &apos;Sauce Labs Bolt T-Shirt&apos;, Product description mismatch expected [Get your testing superhero on with the Sauce Labs bolt T-shirt. From American Apparel, 100% ringspun combed cotton, heather gray with red bolt.] but found [A description should be here, but it failed to render! This error has been reported to Backtrace.],
	User : &apos;error_user&apos;, Product: &apos;Sauce Labs Fleece Jacket&apos;, Product description mismatch expected [It&apos;s not every day that you come across a midweight quarter-zip fleece jacket capable of handling everything from a relaxing day outdoors to a busy day at the office.] but found [A description should be here, but it failed to render! This error has been reported to Backtrace.],
	User : &apos;error_user&apos;, Product: &apos;Sauce Labs Onesie&apos;, Product description mismatch expected [Rib snap infant onesie for the junior automation engineer in development. Reinforced 3-snap bottom closure, two-needle hemmed sleeved and bottom won&apos;t unravel.] but found [A description should be here, but it failed to render! This error has been reported to Backtrace.],
	User : &apos;error_user&apos;, Product: &apos;Test.allTheThings() T-Shirt (Red)&apos;, Product description mismatch expected [This classic Sauce Labs t-shirt is perfect to wear when cozying up to your keyboard to automate a few tests. Super-soft and comfy ringspun combed cotton.] but found [A description should be here, but it failed to render! This error has been reported to Backtrace.]
	at tests.ProductPageTest.validateProduct_Name_Price_Description(ProductPageTest.java:73)
	at java.base/java.util.ArrayList.forEach(ArrayList.java:1604)
	at java.base/java.util.concurrent.FutureTask.run(FutureTask.java:328)
	at java.base/java.util.concurrent.ThreadPoolExecutor.runWorker(ThreadPoolExecutor.java:1090)
	at java.base/java.util.concurrent.ThreadPoolExecutor$Worker.run(ThreadPoolExecutor.java:614)
	at java.base/java.lang.Thread.run(Thread.java:1474)
... Removed 17 stack frames</pre></div><a href='#' onClick='toggleBox("stack-trace578109587", this, "Click to show all stack frames", "Click to hide stack frames")'>Click to show all stack frames</a>
<div class='stack-trace' id='stack-trace578109587'><pre>java.lang.AssertionError: The following asserts failed:
	User : &apos;error_user&apos;, Product: &apos;Sauce Labs Backpack&apos;, Product description mismatch expected [carry.allTheThings() with the sleek, streamlined Sly Pack that melds uncompromising style with unequaled laptop and tablet protection.] but found [A description should be here, but it failed to render! This error has been reported to Backtrace.],
	User : &apos;error_user&apos;, Product: &apos;Sauce Labs Bike Light&apos;, Product description mismatch expected [A red light isn&apos;t the desired state in testing but it sure helps when riding your bike at night. Water-resistant with 3 lighting modes, 1 AAA battery included.] but found [A description should be here, but it failed to render! This error has been reported to Backtrace.],
	User : &apos;error_user&apos;, Product: &apos;Sauce Labs Bolt T-Shirt&apos;, Product description mismatch expected [Get your testing superhero on with the Sauce Labs bolt T-shirt. From American Apparel, 100% ringspun combed cotton, heather gray with red bolt.] but found [A description should be here, but it failed to render! This error has been reported to Backtrace.],
	User : &apos;error_user&apos;, Product: &apos;Sauce Labs Fleece Jacket&apos;, Product description mismatch expected [It&apos;s not every day that you come across a midweight quarter-zip fleece jacket capable of handling everything from a relaxing day outdoors to a busy day at the office.] but found [A description should be here, but it failed to render! This error has been reported to Backtrace.],
	User : &apos;error_user&apos;, Product: &apos;Sauce Labs Onesie&apos;, Product description mismatch expected [Rib snap infant onesie for the junior automation engineer in development. Reinforced 3-snap bottom closure, two-needle hemmed sleeved and bottom won&apos;t unravel.] but found [A description should be here, but it failed to render! This error has been reported to Backtrace.],
	User : &apos;error_user&apos;, Product: &apos;Test.allTheThings() T-Shirt (Red)&apos;, Product description mismatch expected [This classic Sauce Labs t-shirt is perfect to wear when cozying up to your keyboard to automate a few tests. Super-soft and comfy ringspun combed cotton.] but found [A description should be here, but it failed to render! This error has been reported to Backtrace.]
	at org.testng.asserts.SoftAssert.assertAll(SoftAssert.java:46)
	at org.testng.asserts.SoftAssert.assertAll(SoftAssert.java:30)
	at tests.ProductPageTest.validateProduct_Name_Price_Description(ProductPageTest.java:73)
	at java.base/jdk.internal.reflect.DirectMethodHandleAccessor.invoke(DirectMethodHandleAccessor.java:104)
	at java.base/java.lang.reflect.Method.invoke(Method.java:565)
	at org.testng.internal.invokers.MethodInvocationHelper.invokeMethod(MethodInvocationHelper.java:139)
	at org.testng.internal.invokers.TestInvoker.invokeMethod(TestInvoker.java:677)
	at org.testng.internal.invokers.TestInvoker.invokeTestMethod(TestInvoker.java:221)
	at org.testng.internal.invokers.MethodRunner.runInSequence(MethodRunner.java:50)
	at org.testng.internal.invokers.TestInvoker$MethodInvocationAgent.invoke(TestInvoker.java:969)
	at org.testng.internal.invokers.TestInvoker.invokeTestMethods(TestInvoker.java:194)
	at org.testng.internal.invokers.TestMethodWorker.invokeTestMethods(TestMethodWorker.java:148)
	at org.testng.internal.invokers.TestMethodWorker.run(TestMethodWorker.java:128)
	at java.base/java.util.ArrayList.forEach(ArrayList.java:1604)
	at org.testng.TestRunner.privateRun(TestRunner.java:829)
	at org.testng.TestRunner.run(TestRunner.java:602)
	at org.testng.SuiteRunner.runTest(SuiteRunner.java:437)
	at org.testng.SuiteRunner$SuiteWorker.run(SuiteRunner.java:475)
	at org.testng.internal.thread.ThreadUtil.lambda$execute$0(ThreadUtil.java:58)
	at java.base/java.util.concurrent.FutureTask.run(FutureTask.java:328)
	at java.base/java.util.concurrent.ThreadPoolExecutor.runWorker(ThreadPoolExecutor.java:1090)
	at java.base/java.util.concurrent.ThreadPoolExecutor$Worker.run(ThreadPoolExecutor.java:614)
	at java.base/java.lang.Thread.run(Thread.java:1474)
</pre></div></td>
<td>6</td>
<td>tests.ProductPageTest@160ac7fb</td></tr>
<tr>
<td title='tests.ProductPageTest.test_Add_Remove_Item()'><b>test_Add_Remove_Item</b><br>Test class: tests.ProductPageTest<br>Parameters: problem_user, secret_sauce</td>
<td><div><pre>java.lang.AssertionError: The following asserts failed:
	expected [true] but found [false],
	User : &apos;problem_user&apos;, Product ID: item_1&apos;,Test failed: Product not added to cart.,
	User : &apos;problem_user&apos;, Product ID: item_1&apos;, Test failed: Cart badge still visible.,
	User : &apos;problem_user&apos;, Product ID: item_5&apos;,Test failed: Product not added to cart.,
	User : &apos;problem_user&apos;, Product ID: item_5&apos;, Test failed: Cart badge still visible.,
	expected [true] but found [false],
	User : &apos;problem_user&apos;, Product ID: item_3&apos;,Test failed: Product not added to cart.,
	User : &apos;problem_user&apos;, Product ID: item_3&apos;, Test failed: Cart badge still visible.
	at tests.ProductPageTest.test_Add_Remove_Item(ProductPageTest.java:180)
	at java.base/java.util.ArrayList.forEach(ArrayList.java:1604)
	at java.base/java.util.concurrent.FutureTask.run(FutureTask.java:328)
	at java.base/java.util.concurrent.ThreadPoolExecutor.runWorker(ThreadPoolExecutor.java:1090)
	at java.base/java.util.concurrent.ThreadPoolExecutor$Worker.run(ThreadPoolExecutor.java:614)
	at java.base/java.lang.Thread.run(Thread.java:1474)
... Removed 17 stack frames</pre></div><a href='#' onClick='toggleBox("stack-trace1267198285", this, "Click to show all stack frames", "Click to hide stack frames")'>Click to show all stack frames</a>
<div class='stack-trace' id='stack-trace1267198285'><pre>java.lang.AssertionError: The following asserts failed:
	expected [true] but found [false],
	User : &apos;problem_user&apos;, Product ID: item_1&apos;,Test failed: Product not added to cart.,
	User : &apos;problem_user&apos;, Product ID: item_1&apos;, Test failed: Cart badge still visible.,
	User : &apos;problem_user&apos;, Product ID: item_5&apos;,Test failed: Product not added to cart.,
	User : &apos;problem_user&apos;, Product ID: item_5&apos;, Test failed: Cart badge still visible.,
	expected [true] but found [false],
	User : &apos;problem_user&apos;, Product ID: item_3&apos;,Test failed: Product not added to cart.,
	User : &apos;problem_user&apos;, Product ID: item_3&apos;, Test failed: Cart badge still visible.
	at org.testng.asserts.SoftAssert.assertAll(SoftAssert.java:46)
	at org.testng.asserts.SoftAssert.assertAll(SoftAssert.java:30)
	at tests.ProductPageTest.test_Add_Remove_Item(ProductPageTest.java:180)
	at java.base/jdk.internal.reflect.DirectMethodHandleAccessor.invoke(DirectMethodHandleAccessor.java:104)
	at java.base/java.lang.reflect.Method.invoke(Method.java:565)
	at org.testng.internal.invokers.MethodInvocationHelper.invokeMethod(MethodInvocationHelper.java:139)
	at org.testng.internal.invokers.TestInvoker.invokeMethod(TestInvoker.java:677)
	at org.testng.internal.invokers.TestInvoker.invokeTestMethod(TestInvoker.java:221)
	at org.testng.internal.invokers.MethodRunner.runInSequence(MethodRunner.java:50)
	at org.testng.internal.invokers.TestInvoker$MethodInvocationAgent.invoke(TestInvoker.java:969)
	at org.testng.internal.invokers.TestInvoker.invokeTestMethods(TestInvoker.java:194)
	at org.testng.internal.invokers.TestMethodWorker.invokeTestMethods(TestMethodWorker.java:148)
	at org.testng.internal.invokers.TestMethodWorker.run(TestMethodWorker.java:128)
	at java.base/java.util.ArrayList.forEach(ArrayList.java:1604)
	at org.testng.TestRunner.privateRun(TestRunner.java:829)
	at org.testng.TestRunner.run(TestRunner.java:602)
	at org.testng.SuiteRunner.runTest(SuiteRunner.java:437)
	at org.testng.SuiteRunner$SuiteWorker.run(SuiteRunner.java:475)
	at org.testng.internal.thread.ThreadUtil.lambda$execute$0(ThreadUtil.java:58)
	at java.base/java.util.concurrent.FutureTask.run(FutureTask.java:328)
	at java.base/java.util.concurrent.ThreadPoolExecutor.runWorker(ThreadPoolExecutor.java:1090)
	at java.base/java.util.concurrent.ThreadPoolExecutor$Worker.run(ThreadPoolExecutor.java:614)
	at java.base/java.lang.Thread.run(Thread.java:1474)
</pre></div></td>
<td>7</td>
<td>tests.ProductPageTest@160ac7fb</td></tr>
<tr>
<td title='tests.ProductPageTest.test_Add_Remove_Item()'><b>test_Add_Remove_Item</b><br>Test class: tests.ProductPageTest<br>Parameters: error_user, secret_sauce</td>
<td><div><pre>java.lang.AssertionError: The following asserts failed:
	expected [true] but found [false],
	User : &apos;error_user&apos;, Product ID: item_1&apos;,Test failed: Product not added to cart.,
	User : &apos;error_user&apos;, Product ID: item_1&apos;, Test failed: Cart badge still visible.,
	User : &apos;error_user&apos;, Product ID: item_5&apos;,Test failed: Product not added to cart.,
	User : &apos;error_user&apos;, Product ID: item_5&apos;, Test failed: Cart badge still visible.,
	expected [true] but found [false],
	User : &apos;error_user&apos;, Product ID: item_3&apos;,Test failed: Product not added to cart.,
	User : &apos;error_user&apos;, Product ID: item_3&apos;, Test failed: Cart badge still visible.
	at tests.ProductPageTest.test_Add_Remove_Item(ProductPageTest.java:180)
	at java.base/java.util.ArrayList.forEach(ArrayList.java:1604)
	at java.base/java.util.concurrent.FutureTask.run(FutureTask.java:328)
	at java.base/java.util.concurrent.ThreadPoolExecutor.runWorker(ThreadPoolExecutor.java:1090)
	at java.base/java.util.concurrent.ThreadPoolExecutor$Worker.run(ThreadPoolExecutor.java:614)
	at java.base/java.lang.Thread.run(Thread.java:1474)
... Removed 17 stack frames</pre></div><a href='#' onClick='toggleBox("stack-trace428862308", this, "Click to show all stack frames", "Click to hide stack frames")'>Click to show all stack frames</a>
<div class='stack-trace' id='stack-trace428862308'><pre>java.lang.AssertionError: The following asserts failed:
	expected [true] but found [false],
	User : &apos;error_user&apos;, Product ID: item_1&apos;,Test failed: Product not added to cart.,
	User : &apos;error_user&apos;, Product ID: item_1&apos;, Test failed: Cart badge still visible.,
	User : &apos;error_user&apos;, Product ID: item_5&apos;,Test failed: Product not added to cart.,
	User : &apos;error_user&apos;, Product ID: item_5&apos;, Test failed: Cart badge still visible.,
	expected [true] but found [false],
	User : &apos;error_user&apos;, Product ID: item_3&apos;,Test failed: Product not added to cart.,
	User : &apos;error_user&apos;, Product ID: item_3&apos;, Test failed: Cart badge still visible.
	at org.testng.asserts.SoftAssert.assertAll(SoftAssert.java:46)
	at org.testng.asserts.SoftAssert.assertAll(SoftAssert.java:30)
	at tests.ProductPageTest.test_Add_Remove_Item(ProductPageTest.java:180)
	at java.base/jdk.internal.reflect.DirectMethodHandleAccessor.invoke(DirectMethodHandleAccessor.java:104)
	at java.base/java.lang.reflect.Method.invoke(Method.java:565)
	at org.testng.internal.invokers.MethodInvocationHelper.invokeMethod(MethodInvocationHelper.java:139)
	at org.testng.internal.invokers.TestInvoker.invokeMethod(TestInvoker.java:677)
	at org.testng.internal.invokers.TestInvoker.invokeTestMethod(TestInvoker.java:221)
	at org.testng.internal.invokers.MethodRunner.runInSequence(MethodRunner.java:50)
	at org.testng.internal.invokers.TestInvoker$MethodInvocationAgent.invoke(TestInvoker.java:969)
	at org.testng.internal.invokers.TestInvoker.invokeTestMethods(TestInvoker.java:194)
	at org.testng.internal.invokers.TestMethodWorker.invokeTestMethods(TestMethodWorker.java:148)
	at org.testng.internal.invokers.TestMethodWorker.run(TestMethodWorker.java:128)
	at java.base/java.util.ArrayList.forEach(ArrayList.java:1604)
	at org.testng.TestRunner.privateRun(TestRunner.java:829)
	at org.testng.TestRunner.run(TestRunner.java:602)
	at org.testng.SuiteRunner.runTest(SuiteRunner.java:437)
	at org.testng.SuiteRunner$SuiteWorker.run(SuiteRunner.java:475)
	at org.testng.internal.thread.ThreadUtil.lambda$execute$0(ThreadUtil.java:58)
	at java.base/java.util.concurrent.FutureTask.run(FutureTask.java:328)
	at java.base/java.util.concurrent.ThreadPoolExecutor.runWorker(ThreadPoolExecutor.java:1090)
	at java.base/java.util.concurrent.ThreadPoolExecutor$Worker.run(ThreadPoolExecutor.java:614)
	at java.base/java.lang.Thread.run(Thread.java:1474)
</pre></div></td>
<td>7</td>
<td>tests.ProductPageTest@160ac7fb</td></tr>
</table><p>
<table width='100%' border='1' class='invocation-passed'>
<tr><td colspan='4' align='center'><b>PASSED TESTS</b></td></tr>
<tr><td><b>Test method</b></td>
<td><b>Attribute(s)</b></td>
<td width="30%"><b>Exception</b></td>
<td width="10%"><b>Time (seconds)</b></td>
<td><b>Instance</b></td>
</tr>
<tr>
<td title='tests.ProductPageTest.validateProduct_Name_Price_Description()'><b>validateProduct_Name_Price_Description</b><br>Test class: tests.ProductPageTest<br>Parameters: standard_user, secret_sauce</td>
<td></td>
<td>6</td>
<td>tests.ProductPageTest@160ac7fb</td></tr>
<tr>
<td title='tests.ProductPageTest.test_Add_Remove_Item()'><b>test_Add_Remove_Item</b><br>Test class: tests.ProductPageTest<br>Parameters: performance_glitch_user, secret_sauce</td>
<td></td>
<td>10</td>
<td>tests.ProductPageTest@160ac7fb</td></tr>
<tr>
<td title='tests.ProductPageTest.validateProductImages()'><b>validateProductImages</b><br>Test class: tests.ProductPageTest<br>Parameters: problem_user, secret_sauce</td>
<td></td>
<td>3</td>
<td>tests.ProductPageTest@160ac7fb</td></tr>
<tr>
<td title='tests.ProductPageTest.validateProductImages()'><b>validateProductImages</b><br>Test class: tests.ProductPageTest<br>Parameters: standard_user, secret_sauce</td>
<td></td>
<td>4</td>
<td>tests.ProductPageTest@160ac7fb</td></tr>
<tr>
<td title='tests.ProductPageTest.validateProduct_Name_Price_Description()'><b>validateProduct_Name_Price_Description</b><br>Test class: tests.ProductPageTest<br>Parameters: visual_user, secret_sauce</td>
<td></td>
<td>7</td>
<td>tests.ProductPageTest@160ac7fb</td></tr>
<tr>
<td title='tests.ProductPageTest.validateProductImages()'><b>validateProductImages</b><br>Test class: tests.ProductPageTest<br>Parameters: performance_glitch_user, secret_sauce</td>
<td></td>
<td>10</td>
<td>tests.ProductPageTest@160ac7fb</td></tr>
<tr>
<td title='tests.ProductPageTest.validateProduct_Name_Price_Description()'><b>validateProduct_Name_Price_Description</b><br>Test class: tests.ProductPageTest<br>Parameters: performance_glitch_user, secret_sauce</td>
<td></td>
<td>41</td>
<td>tests.ProductPageTest@160ac7fb</td></tr>
<tr>
<td title='tests.ProductPageTest.validateProductImages()'><b>validateProductImages</b><br>Test class: tests.ProductPageTest<br>Parameters: error_user, secret_sauce</td>
<td></td>
<td>4</td>
<td>tests.ProductPageTest@160ac7fb</td></tr>
<tr>
<td title='tests.ProductPageTest.validateProductImages()'><b>validateProductImages</b><br>Test class: tests.ProductPageTest<br>Parameters: visual_user, secret_sauce</td>
<td></td>
<td>5</td>
<td>tests.ProductPageTest@160ac7fb</td></tr>
<tr>
<td title='tests.ProductPageTest.validateProduct_Name_Price_Description()'><b>validateProduct_Name_Price_Description</b><br>Test class: tests.ProductPageTest<br>Parameters: problem_user, secret_sauce</td>
<td></td>
<td>7</td>
<td>tests.ProductPageTest@160ac7fb</td></tr>
<tr>
<td title='tests.ProductPageTest.test_Add_Remove_Item()'><b>test_Add_Remove_Item</b><br>Test class: tests.ProductPageTest<br>Parameters: visual_user, secret_sauce</td>
<td></td>
<td>5</td>
<td>tests.ProductPageTest@160ac7fb</td></tr>
<tr>
<td title='tests.ProductPageTest.test_Add_Remove_Item()'><b>test_Add_Remove_Item</b><br>Test class: tests.ProductPageTest<br>Parameters: standard_user, secret_sauce</td>
<td></td>
<td>6</td>
<td>tests.ProductPageTest@160ac7fb</td></tr>
</table><p>
</body>
</html>