<?xml version="1.0" encoding="UTF-8"?>
<!-- Generated by org.testng.reporters.JUnitXMLReporter -->
<testsuite ignored="0" hostname="archroot" failures="3" tests="15" name="ProductPage Tests" time="286.769" errors="0" timestamp="2025-12-07T13:31:47 EET">
  <testcase classname="tests.ProductPageTest" name="test_Add_Remove_Item" time="6.618"/>
  <testcase classname="tests.ProductPageTest" name="test_Add_Remove_Item" time="7.691">
    <failure type="java.lang.AssertionError" message="The following asserts failed:
	expected [true] but found [false],
	User : &amp;apos;problem_user&amp;apos;, Product ID: item_1&amp;apos;,Test failed: Product not added to cart.,
	User : &amp;apos;problem_user&amp;apos;, Product ID: item_1&amp;apos;, Test failed: Cart badge still visible.,
	User : &amp;apos;problem_user&amp;apos;, Product ID: item_5&amp;apos;,Test failed: Product not added to cart.,
	User : &amp;apos;problem_user&amp;apos;, Product ID: item_5&amp;apos;, Test failed: Cart badge still visible.,
	expected [true] but found [false],
	User : &amp;apos;problem_user&amp;apos;, Product ID: item_3&amp;apos;,Test failed: Product not added to cart.,
	User : &amp;apos;problem_user&amp;apos;, Product ID: item_3&amp;apos;, Test failed: Cart badge still visible.">
      <![CDATA[java.lang.AssertionError: The following asserts failed:
expected [true] but found [false],
User : 'problem_user', Product ID: item_1',Test failed: Product not added to cart.,
User : 'problem_user', Product ID: item_1', Test failed: Cart badge still visible.,
User : 'problem_user', Product ID: item_5',Test failed: Product not added to cart.,
User : 'problem_user', Product ID: item_5', Test failed: Cart badge still visible.,
expected [true] but found [false],
User : 'problem_user', Product ID: item_3',Test failed: Product not added to cart.,
User : 'problem_user', Product ID: item_3', Test failed: Cart badge still visible.
at tests.ProductPageTest.test_Add_Remove_Item(ProductPageTest.java:180)
at java.base/java.util.ArrayList.forEach(ArrayList.java:1604)
at java.base/java.util.concurrent.FutureTask.run(FutureTask.java:328)
at java.base/java.util.concurrent.ThreadPoolExecutor.runWorker(ThreadPoolExecutor.java:1090)
at java.base/java.util.concurrent.ThreadPoolExecutor$Worker.run(ThreadPoolExecutor.java:614)
at java.base/java.lang.Thread.run(Thread.java:1474)
... Removed 17 stack frames]]>
    </failure>
  </testcase> <!-- test_Add_Remove_Item -->
  <testcase classname="tests.ProductPageTest" name="test_Add_Remove_Item" time="10.476"/>
  <testcase classname="tests.ProductPageTest" name="test_Add_Remove_Item" time="7.86">
    <failure type="java.lang.AssertionError" message="The following asserts failed:
	expected [true] but found [false],
	User : &amp;apos;error_user&amp;apos;, Product ID: item_1&amp;apos;,Test failed: Product not added to cart.,
	User : &amp;apos;error_user&amp;apos;, Product ID: item_1&amp;apos;, Test failed: Cart badge still visible.,
	User : &amp;apos;error_user&amp;apos;, Product ID: item_5&amp;apos;,Test failed: Product not added to cart.,
	User : &amp;apos;error_user&amp;apos;, Product ID: item_5&amp;apos;, Test failed: Cart badge still visible.,
	expected [true] but found [false],
	User : &amp;apos;error_user&amp;apos;, Product ID: item_3&amp;apos;,Test failed: Product not added to cart.,
	User : &amp;apos;error_user&amp;apos;, Product ID: item_3&amp;apos;, Test failed: Cart badge still visible.">
      <![CDATA[java.lang.AssertionError: The following asserts failed:
expected [true] but found [false],
User : 'error_user', Product ID: item_1',Test failed: Product not added to cart.,
User : 'error_user', Product ID: item_1', Test failed: Cart badge still visible.,
User : 'error_user', Product ID: item_5',Test failed: Product not added to cart.,
User : 'error_user', Product ID: item_5', Test failed: Cart badge still visible.,
expected [true] but found [false],
User : 'error_user', Product ID: item_3',Test failed: Product not added to cart.,
User : 'error_user', Product ID: item_3', Test failed: Cart badge still visible.
at tests.ProductPageTest.test_Add_Remove_Item(ProductPageTest.java:180)
at java.base/java.util.ArrayList.forEach(ArrayList.java:1604)
at java.base/java.util.concurrent.FutureTask.run(FutureTask.java:328)
at java.base/java.util.concurrent.ThreadPoolExecutor.runWorker(ThreadPoolExecutor.java:1090)
at java.base/java.util.concurrent.ThreadPoolExecutor$Worker.run(ThreadPoolExecutor.java:614)
at java.base/java.lang.Thread.run(Thread.java:1474)
... Removed 17 stack frames]]>
    </failure>
  </testcase> <!-- test_Add_Remove_Item -->
  <testcase classname="tests.ProductPageTest" name="test_Add_Remove_Item" time="5.863"/>
  <testcase classname="tests.ProductPageTest" name="validateProductImages" time="4.192"/>
  <testcase classname="tests.ProductPageTest" name="validateProductImages" time="3.653"/>
  <testcase classname="tests.ProductPageTest" name="validateProductImages" time="10.19"/>
  <testcase classname="tests.ProductPageTest" name="validateProductImages" time="4.716"/>
  <testcase classname="tests.ProductPageTest" name="validateProductImages" time="5.091"/>
  <testcase classname="tests.ProductPageTest" name="validateProduct_Name_Price_Description" time="6.192"/>
  <testcase classname="tests.ProductPageTest" name="validateProduct_Name_Price_Description" time="7.377"/>
  <testcase classname="tests.ProductPageTest" name="validateProduct_Name_Price_Description" time="41.679"/>
  <testcase classname="tests.ProductPageTest" name="validateProduct_Name_Price_Description" time="6.597">
    <failure type="java.lang.AssertionError" message="The following asserts failed:
	User : &amp;apos;error_user&amp;apos;, Product: &amp;apos;Sauce Labs Backpack&amp;apos;, Product description mismatch expected [carry.allTheThings() with the sleek, streamlined Sly Pack that melds uncompromising style with unequaled laptop and tablet protection.] but found [A description should be here, but it failed to render! This error has been reported to Backtrace.],
	User : &amp;apos;error_user&amp;apos;, Product: &amp;apos;Sauce Labs Bike Light&amp;apos;, Product description mismatch expected [A red light isn&amp;apos;t the desired state in testing but it sure helps when riding your bike at night. Water-resistant with 3 lighting modes, 1 AAA battery included.] but found [A description should be here, but it failed to render! This error has been reported to Backtrace.],
	User : &amp;apos;error_user&amp;apos;, Product: &amp;apos;Sauce Labs Bolt T-Shirt&amp;apos;, Product description mismatch expected [Get your testing superhero on with the Sauce Labs bolt T-shirt. From American Apparel, 100% ringspun combed cotton, heather gray with red bolt.] but found [A description should be here, but it failed to render! This error has been reported to Backtrace.],
	User : &amp;apos;error_user&amp;apos;, Product: &amp;apos;Sauce Labs Fleece Jacket&amp;apos;, Product description mismatch expected [It&amp;apos;s not every day that you come across a midweight quarter-zip fleece jacket capable of handling everything from a relaxing day outdoors to a busy day at the office.] but found [A description should be here, but it failed to render! This error has been reported to Backtrace.],
	User : &amp;apos;error_user&amp;apos;, Product: &amp;apos;Sauce Labs Onesie&amp;apos;, Product description mismatch expected [Rib snap infant onesie for the junior automation engineer in development. Reinforced 3-snap bottom closure, two-needle hemmed sleeved and bottom won&amp;apos;t unravel.] but found [A description should be here, but it failed to render! This error has been reported to Backtrace.],
	User : &amp;apos;error_user&amp;apos;, Product: &amp;apos;Test.allTheThings() T-Shirt (Red)&amp;apos;, Product description mismatch expected [This classic Sauce Labs t-shirt is perfect to wear when cozying up to your keyboard to automate a few tests. Super-soft and comfy ringspun combed cotton.] but found [A description should be here, but it failed to render! This error has been reported to Backtrace.]">
      <![CDATA[java.lang.AssertionError: The following asserts failed:
User : 'error_user', Product: 'Sauce Labs Backpack', Product description mismatch expected [carry.allTheThings() with the sleek, streamlined Sly Pack that melds uncompromising style with unequaled laptop and tablet protection.] but found [A description should be here, but it failed to render! This error has been reported to Backtrace.],
User : 'error_user', Product: 'Sauce Labs Bike Light', Product description mismatch expected [A red light isn't the desired state in testing but it sure helps when riding your bike at night. Water-resistant with 3 lighting modes, 1 AAA battery included.] but found [A description should be here, but it failed to render! This error has been reported to Backtrace.],
User : 'error_user', Product: 'Sauce Labs Bolt T-Shirt', Product description mismatch expected [Get your testing superhero on with the Sauce Labs bolt T-shirt. From American Apparel, 100% ringspun combed cotton, heather gray with red bolt.] but found [A description should be here, but it failed to render! This error has been reported to Backtrace.],
User : 'error_user', Product: 'Sauce Labs Fleece Jacket', Product description mismatch expected [It's not every day that you come across a midweight quarter-zip fleece jacket capable of handling everything from a relaxing day outdoors to a busy day at the office.] but found [A description should be here, but it failed to render! This error has been reported to Backtrace.],
User : 'error_user', Product: 'Sauce Labs Onesie', Product description mismatch expected [Rib snap infant onesie for the junior automation engineer in development. Reinforced 3-snap bottom closure, two-needle hemmed sleeved and bottom won't unravel.] but found [A description should be here, but it failed to render! This error has been reported to Backtrace.],
User : 'error_user', Product: 'Test.allTheThings() T-Shirt (Red)', Product description mismatch expected [This classic Sauce Labs t-shirt is perfect to wear when cozying up to your keyboard to automate a few tests. Super-soft and comfy ringspun combed cotton.] but found [A description should be here, but it failed to render! This error has been reported to Backtrace.]
at tests.ProductPageTest.validateProduct_Name_Price_Description(ProductPageTest.java:73)
at java.base/java.util.ArrayList.forEach(ArrayList.java:1604)
at java.base/java.util.concurrent.FutureTask.run(FutureTask.java:328)
at java.base/java.util.concurrent.ThreadPoolExecutor.runWorker(ThreadPoolExecutor.java:1090)
at java.base/java.util.concurrent.ThreadPoolExecutor$Worker.run(ThreadPoolExecutor.java:614)
at java.base/java.lang.Thread.run(Thread.java:1474)
... Removed 17 stack frames]]>
    </failure>
  </testcase> <!-- validateProduct_Name_Price_Description -->
  <testcase classname="tests.ProductPageTest" name="validateProduct_Name_Price_Description" time="7.035"/>
</testsuite> <!-- ProductPage Tests -->
