<?xml version="1.0" encoding="UTF-8"?>
<!-- Generated by org.testng.reporters.JUnitReportReporter -->
<testsuite hostname="archroot" failures="3" tests="10" name="tests.InventoryTest" time="123.455" errors="0" timestamp="2025-12-07T13:36:10 EET" skipped="0">
  <testcase classname="tests.InventoryTest" name="test_Add_Remove_Item" time="16.204"/>
  <system-out/>
  <testcase classname="tests.InventoryTest" name="testInventoryItems" time="10.630"/>
  <system-out/>
  <testcase classname="tests.InventoryTest" name="testInventoryItems" time="11.134">
    <failure message="The following asserts failed:
	User : &#039;visual_user&#039;, The price of the product is incorrect for item 1 : Sauce Labs Backpack expected [$29.99] but found [$47.22],
	User : &#039;visual_user&#039;, The price of the product is incorrect for item 2 : Sauce Labs Bike Light expected [$9.99] but found [$44.12],
	User : &#039;visual_user&#039;, The price of the product is incorrect for item 3 : Sauce Labs Bolt T-Shirt expected [$15.99] but found [$0.06],
	User : &#039;visual_user&#039;, The price of the product is incorrect for item 4 : Sauce Labs Fleece Jacket expected [$49.99] but found [$72.2],
	User : &#039;visual_user&#039;, The price of the product is incorrect for item 5 : Sauce Labs Onesie expected [$7.99] but found [$57.98],
	User : &#039;visual_user&#039;, The price of the product is incorrect for item 6 : Test.allTheThings() T-Shirt (Red) expected [$15.99] but found [$76.83]" type="java.lang.AssertionError">
      <![CDATA[java.lang.AssertionError: The following asserts failed:
User : 'visual_user', The price of the product is incorrect for item 1 : Sauce Labs Backpack expected [$29.99] but found [$47.22],
User : 'visual_user', The price of the product is incorrect for item 2 : Sauce Labs Bike Light expected [$9.99] but found [$44.12],
User : 'visual_user', The price of the product is incorrect for item 3 : Sauce Labs Bolt T-Shirt expected [$15.99] but found [$0.06],
User : 'visual_user', The price of the product is incorrect for item 4 : Sauce Labs Fleece Jacket expected [$49.99] but found [$72.2],
User : 'visual_user', The price of the product is incorrect for item 5 : Sauce Labs Onesie expected [$7.99] but found [$57.98],
User : 'visual_user', The price of the product is incorrect for item 6 : Test.allTheThings() T-Shirt (Red) expected [$15.99] but found [$76.83]
at org.testng.asserts.SoftAssert.assertAll(SoftAssert.java:46)
at org.testng.asserts.SoftAssert.assertAll(SoftAssert.java:30)
at tests.InventoryTest.testInventoryItems(InventoryTest.java:109)
at java.base/jdk.internal.reflect.DirectMethodHandleAccessor.invoke(DirectMethodHandleAccessor.java:104)
at java.base/java.lang.reflect.Method.invoke(Method.java:565)
at org.testng.internal.invokers.MethodInvocationHelper.invokeMethod(MethodInvocationHelper.java:139)
at org.testng.internal.invokers.TestInvoker.invokeMethod(TestInvoker.java:677)
at org.testng.internal.invokers.TestInvoker.invokeTestMethod(TestInvoker.java:221)
at org.testng.internal.invokers.MethodRunner.runInSequence(MethodRunner.java:50)
at org.testng.internal.invokers.TestInvoker$MethodInvocationAgent.invoke(TestInvoker.java:969)
at org.testng.internal.invokers.TestInvoker.invokeTestMethods(TestInvoker.java:194)
at org.testng.internal.invokers.TestMethodWorker.invokeTestMethods(TestMethodWorker.java:148)
at org.testng.internal.invokers.TestMethodWorker.run(TestMethodWorker.java:128)
at java.base/java.util.ArrayList.forEach(ArrayList.java:1604)
at org.testng.TestRunner.privateRun(TestRunner.java:829)
at org.testng.TestRunner.run(TestRunner.java:602)
at org.testng.SuiteRunner.runTest(SuiteRunner.java:437)
at org.testng.SuiteRunner$SuiteWorker.run(SuiteRunner.java:475)
at org.testng.internal.thread.ThreadUtil.lambda$execute$0(ThreadUtil.java:58)
at java.base/java.util.concurrent.FutureTask.run(FutureTask.java:328)
at java.base/java.util.concurrent.ThreadPoolExecutor.runWorker(ThreadPoolExecutor.java:1090)
at java.base/java.util.concurrent.ThreadPoolExecutor$Worker.run(ThreadPoolExecutor.java:614)
at java.base/java.lang.Thread.run(Thread.java:1474)
]]>
    </failure>
  </testcase> <!-- testInventoryItems -->
  <system-out/>
  <testcase classname="tests.InventoryTest" name="testInventoryItems" time="11.223"/>
  <system-out/>
  <testcase classname="tests.InventoryTest" name="test_Add_Remove_Item" time="10.117"/>
  <system-out/>
  <testcase classname="tests.InventoryTest" name="testInventoryItems" time="11.374"/>
  <system-out/>
  <testcase classname="tests.InventoryTest" name="test_Add_Remove_Item" time="14.666"/>
  <system-out/>
  <testcase classname="tests.InventoryTest" name="testInventoryItems" time="16.871"/>
  <system-out/>
  <testcase classname="tests.InventoryTest" name="test_Add_Remove_Item" time="11.012">
    <failure message="The following asserts failed:
	User : &#039;problem_user&#039;, Sauce Labs Bolt T-Shirt: remove form cart button unclickable.,
	User : &#039;problem_user&#039;, Sauce Labs Fleece Jacket: remove form cart button unclickable.,
	User : &#039;problem_user&#039;, Test.allTheThings() T-Shirt (Red): remove form cart button unclickable." type="java.lang.AssertionError">
      <![CDATA[java.lang.AssertionError: The following asserts failed:
User : 'problem_user', Sauce Labs Bolt T-Shirt: remove form cart button unclickable.,
User : 'problem_user', Sauce Labs Fleece Jacket: remove form cart button unclickable.,
User : 'problem_user', Test.allTheThings() T-Shirt (Red): remove form cart button unclickable.
at org.testng.asserts.SoftAssert.assertAll(SoftAssert.java:46)
at org.testng.asserts.SoftAssert.assertAll(SoftAssert.java:30)
at tests.InventoryTest.test_Add_Remove_Item(InventoryTest.java:65)
at java.base/jdk.internal.reflect.DirectMethodHandleAccessor.invoke(DirectMethodHandleAccessor.java:104)
at java.base/java.lang.reflect.Method.invoke(Method.java:565)
at org.testng.internal.invokers.MethodInvocationHelper.invokeMethod(MethodInvocationHelper.java:139)
at org.testng.internal.invokers.TestInvoker.invokeMethod(TestInvoker.java:677)
at org.testng.internal.invokers.TestInvoker.invokeTestMethod(TestInvoker.java:221)
at org.testng.internal.invokers.MethodRunner.runInSequence(MethodRunner.java:50)
at org.testng.internal.invokers.TestInvoker$MethodInvocationAgent.invoke(TestInvoker.java:969)
at org.testng.internal.invokers.TestInvoker.invokeTestMethods(TestInvoker.java:194)
at org.testng.internal.invokers.TestMethodWorker.invokeTestMethods(TestMethodWorker.java:148)
at org.testng.internal.invokers.TestMethodWorker.run(TestMethodWorker.java:128)
at java.base/java.util.ArrayList.forEach(ArrayList.java:1604)
at org.testng.TestRunner.privateRun(TestRunner.java:829)
at org.testng.TestRunner.run(TestRunner.java:602)
at org.testng.SuiteRunner.runTest(SuiteRunner.java:437)
at org.testng.SuiteRunner$SuiteWorker.run(SuiteRunner.java:475)
at org.testng.internal.thread.ThreadUtil.lambda$execute$0(ThreadUtil.java:58)
at java.base/java.util.concurrent.FutureTask.run(FutureTask.java:328)
at java.base/java.util.concurrent.ThreadPoolExecutor.runWorker(ThreadPoolExecutor.java:1090)
at java.base/java.util.concurrent.ThreadPoolExecutor$Worker.run(ThreadPoolExecutor.java:614)
at java.base/java.lang.Thread.run(Thread.java:1474)
]]>
    </failure>
  </testcase> <!-- test_Add_Remove_Item -->
  <system-out/>
  <testcase classname="tests.InventoryTest" name="test_Add_Remove_Item" time="10.224">
    <failure message="The following asserts failed:
	User : &#039;error_user&#039;, Sauce Labs Bolt T-Shirt: remove form cart button unclickable.,
	User : &#039;error_user&#039;, Sauce Labs Fleece Jacket: remove form cart button unclickable.,
	User : &#039;error_user&#039;, Test.allTheThings() T-Shirt (Red): remove form cart button unclickable." type="java.lang.AssertionError">
      <![CDATA[java.lang.AssertionError: The following asserts failed:
User : 'error_user', Sauce Labs Bolt T-Shirt: remove form cart button unclickable.,
User : 'error_user', Sauce Labs Fleece Jacket: remove form cart button unclickable.,
User : 'error_user', Test.allTheThings() T-Shirt (Red): remove form cart button unclickable.
at org.testng.asserts.SoftAssert.assertAll(SoftAssert.java:46)
at org.testng.asserts.SoftAssert.assertAll(SoftAssert.java:30)
at tests.InventoryTest.test_Add_Remove_Item(InventoryTest.java:65)
at java.base/jdk.internal.reflect.DirectMethodHandleAccessor.invoke(DirectMethodHandleAccessor.java:104)
at java.base/java.lang.reflect.Method.invoke(Method.java:565)
at org.testng.internal.invokers.MethodInvocationHelper.invokeMethod(MethodInvocationHelper.java:139)
at org.testng.internal.invokers.TestInvoker.invokeMethod(TestInvoker.java:677)
at org.testng.internal.invokers.TestInvoker.invokeTestMethod(TestInvoker.java:221)
at org.testng.internal.invokers.MethodRunner.runInSequence(MethodRunner.java:50)
at org.testng.internal.invokers.TestInvoker$MethodInvocationAgent.invoke(TestInvoker.java:969)
at org.testng.internal.invokers.TestInvoker.invokeTestMethods(TestInvoker.java:194)
at org.testng.internal.invokers.TestMethodWorker.invokeTestMethods(TestMethodWorker.java:148)
at org.testng.internal.invokers.TestMethodWorker.run(TestMethodWorker.java:128)
at java.base/java.util.ArrayList.forEach(ArrayList.java:1604)
at org.testng.TestRunner.privateRun(TestRunner.java:829)
at org.testng.TestRunner.run(TestRunner.java:602)
at org.testng.SuiteRunner.runTest(SuiteRunner.java:437)
at org.testng.SuiteRunner$SuiteWorker.run(SuiteRunner.java:475)
at org.testng.internal.thread.ThreadUtil.lambda$execute$0(ThreadUtil.java:58)
at java.base/java.util.concurrent.FutureTask.run(FutureTask.java:328)
at java.base/java.util.concurrent.ThreadPoolExecutor.runWorker(ThreadPoolExecutor.java:1090)
at java.base/java.util.concurrent.ThreadPoolExecutor$Worker.run(ThreadPoolExecutor.java:614)
at java.base/java.lang.Thread.run(Thread.java:1474)
]]>
    </failure>
  </testcase> <!-- test_Add_Remove_Item -->
  <system-out/>
</testsuite> <!-- tests.InventoryTest -->
