<?xml version="1.0" encoding="UTF-8"?>
<!-- Generated by org.testng.reporters.JUnitReportReporter -->
<testsuite hostname="archroot" failures="2" tests="5" name="tests.CheckoutInfoTest" time="425.256" errors="0" timestamp="2025-12-07T13:36:10 EET" skipped="0">
  <testcase classname="tests.CheckoutInfoTest" name="testCheckoutPage" time="81.330">
    <failure message="The following asserts failed:
	User : &#039;error_user&#039;, The error message is incorrect for the provided user details. First Name : John Last Name :  zip Code: 67890 expected [Error: Last Name is required] but found [],
	User : &#039;error_user&#039;, The error message is incorrect for the provided user details. First Name : John Last Name :  zip Code: 67890 expected [Error: Last Name is required] but found [],
	User : &#039;error_user&#039;, Product: &#039;Sauce Labs Bolt T-Shirt&#039;, name does not match the expected name. expected [Sauce Labs Bolt T-Shirt] but found [Sauce Labs Bike Light],
	User : &#039;error_user&#039;, The error message is incorrect for the provided user details. First Name : John Last Name :  zip Code: 67890 expected [Error: Last Name is required] but found [],
	User : &#039;error_user&#039;, Product: &#039;Sauce Labs Fleece Jacket&#039;, name does not match the expected name. expected [Sauce Labs Fleece Jacket] but found [Sauce Labs Bike Light],
	User : &#039;error_user&#039;, The error message is incorrect for the provided user details. First Name : John Last Name :  zip Code: 67890 expected [Error: Last Name is required] but found [],
	User : &#039;error_user&#039;, The error message is incorrect for the provided user details. First Name : John Last Name :  zip Code: 67890 expected [Error: Last Name is required] but found [],
	User : &#039;error_user&#039;, Product: &#039;Test.allTheThings() T-Shirt (Red)&#039;, name does not match the expected name. expected [Test.allTheThings() T-Shirt (Red)] but found [Sauce Labs Onesie],
	User : &#039;error_user&#039;, The error message is incorrect for the provided user details. First Name : John Last Name :  zip Code: 67890 expected [Error: Last Name is required] but found []" type="java.lang.AssertionError">
      <![CDATA[java.lang.AssertionError: The following asserts failed:
User : 'error_user', The error message is incorrect for the provided user details. First Name : John Last Name :  zip Code: 67890 expected [Error: Last Name is required] but found [],
User : 'error_user', The error message is incorrect for the provided user details. First Name : John Last Name :  zip Code: 67890 expected [Error: Last Name is required] but found [],
User : 'error_user', Product: 'Sauce Labs Bolt T-Shirt', name does not match the expected name. expected [Sauce Labs Bolt T-Shirt] but found [Sauce Labs Bike Light],
User : 'error_user', The error message is incorrect for the provided user details. First Name : John Last Name :  zip Code: 67890 expected [Error: Last Name is required] but found [],
User : 'error_user', Product: 'Sauce Labs Fleece Jacket', name does not match the expected name. expected [Sauce Labs Fleece Jacket] but found [Sauce Labs Bike Light],
User : 'error_user', The error message is incorrect for the provided user details. First Name : John Last Name :  zip Code: 67890 expected [Error: Last Name is required] but found [],
User : 'error_user', The error message is incorrect for the provided user details. First Name : John Last Name :  zip Code: 67890 expected [Error: Last Name is required] but found [],
User : 'error_user', Product: 'Test.allTheThings() T-Shirt (Red)', name does not match the expected name. expected [Test.allTheThings() T-Shirt (Red)] but found [Sauce Labs Onesie],
User : 'error_user', The error message is incorrect for the provided user details. First Name : John Last Name :  zip Code: 67890 expected [Error: Last Name is required] but found []
at org.testng.asserts.SoftAssert.assertAll(SoftAssert.java:46)
at org.testng.asserts.SoftAssert.assertAll(SoftAssert.java:30)
at tests.CheckoutInfoTest.testCheckoutPage(CheckoutInfoTest.java:88)
at java.base/jdk.internal.reflect.DirectMethodHandleAccessor.invoke(DirectMethodHandleAccessor.java:104)
at java.base/java.lang.reflect.Method.invoke(Method.java:565)
at org.testng.internal.invokers.MethodInvocationHelper.invokeMethod(MethodInvocationHelper.java:139)
at org.testng.internal.invokers.TestInvoker.invokeMethod(TestInvoker.java:677)
at org.testng.internal.invokers.TestInvoker.invokeTestMethod(TestInvoker.java:221)
at org.testng.internal.invokers.MethodRunner.runInSequence(MethodRunner.java:50)
at org.testng.internal.invokers.TestInvoker$MethodInvocationAgent.invoke(TestInvoker.java:969)
at org.testng.internal.invokers.TestInvoker.invokeTestMethods(TestInvoker.java:194)
at org.testng.internal.invokers.TestMethodWorker.invokeTestMethods(TestMethodWorker.java:148)
at org.testng.internal.invokers.TestMethodWorker.run(TestMethodWorker.java:128)
at java.base/java.util.ArrayList.forEach(ArrayList.java:1604)
at org.testng.TestRunner.privateRun(TestRunner.java:829)
at org.testng.TestRunner.run(TestRunner.java:602)
at org.testng.SuiteRunner.runTest(SuiteRunner.java:437)
at org.testng.SuiteRunner$SuiteWorker.run(SuiteRunner.java:475)
at org.testng.internal.thread.ThreadUtil.lambda$execute$0(ThreadUtil.java:58)
at java.base/java.util.concurrent.FutureTask.run(FutureTask.java:328)
at java.base/java.util.concurrent.ThreadPoolExecutor.runWorker(ThreadPoolExecutor.java:1090)
at java.base/java.util.concurrent.ThreadPoolExecutor$Worker.run(ThreadPoolExecutor.java:614)
at java.base/java.lang.Thread.run(Thread.java:1474)
]]>
    </failure>
  </testcase> <!-- testCheckoutPage -->
  <system-out/>
  <testcase classname="tests.CheckoutInfoTest" name="testCheckoutPage" time="57.218"/>
  <system-out/>
  <testcase classname="tests.CheckoutInfoTest" name="testCheckoutPage" time="81.552"/>
  <system-out/>
  <testcase classname="tests.CheckoutInfoTest" name="testCheckoutPage" time="98.015">
    <failure message="The following asserts failed:
	User : &#039;problem_user&#039;, The error message is incorrect for the provided user details. First Name :  Last Name : Doe zip Code: 67890 expected [Error: First Name is required] but found [Error: Last Name is required],
	User : &#039;problem_user&#039;, The error message is incorrect for the provided user details. First Name : John Last Name : Doe zip Code:  expected [Error: Postal Code is required] but found [Error: Last Name is required],
	User : &#039;problem_user&#039;, The error message is incorrect for the provided user details. First Name : John Last Name : Doe zip Code: 12345 expected [] but found [Error: Last Name is required],
	User : &#039;problem_user&#039;, The error message is incorrect for the provided user details. First Name : J0hn Last Name : D@e zip Code: 123-45 expected [] but found [Error: Last Name is required],
	User : &#039;problem_user&#039;, The error message is incorrect for the provided user details. First Name : J Last Name : D zip Code: 1 expected [] but found [Error: Last Name is required],
	User : &#039;problem_user&#039;, The error message is incorrect for the provided user details. First Name : John@# Last Name : Doe$% zip Code: ABCDE expected [] but found [Error: Last Name is required],
	User : &#039;problem_user&#039;, The error message is incorrect for the provided user details. First Name :     Last Name :     zip Code:     expected [] but found [Error: Last Name is required],
	User : &#039;problem_user&#039;, The error message is incorrect for the provided user details. First Name : John Doe Last Name : Smith zip Code:  12345  expected [] but found [Error: Last Name is required],
	User : &#039;problem_user&#039;, The error message is incorrect for the provided user details. First Name : John123 Last Name : Doe456 zip Code: 001234 expected [] but found [Error: Last Name is required],
	User : &#039;problem_user&#039;, The error message is incorrect for the provided user details. First Name : JohnDoe Last Name : LongLastNameHereThatExceedsNormalLength zip Code: 123456789012345 expected [] but found [Error: Last Name is required],
	User : &#039;problem_user&#039;, The error message is incorrect for the provided user details. First Name : Jo$hn Last Name : Do^e zip Code: 12345! expected [] but found [Error: Last Name is required],
	User : &#039;problem_user&#039;, The error message is incorrect for the provided user details. First Name : J@hn Last Name : D#oe zip Code: 12-345 expected [] but found [Error: Last Name is required],
	User : &#039;problem_user&#039;, The error message is incorrect for the provided user details. First Name :  Last Name : Doe zip Code: 67890 expected [Error: First Name is required] but found [Error: Last Name is required],
	User : &#039;problem_user&#039;, The error message is incorrect for the provided user details. First Name : John Last Name : Doe zip Code:  expected [Error: Postal Code is required] but found [Error: Last Name is required],
	User : &#039;problem_user&#039;, The error message is incorrect for the provided user details. First Name : John Last Name : Doe zip Code: 12345 expected [] but found [Error: Last Name is required],
	User : &#039;problem_user&#039;, The error message is incorrect for the provided user details. First Name : J0hn Last Name : D@e zip Code: 123-45 expected [] but found [Error: Last Name is required],
	User : &#039;problem_user&#039;, The error message is incorrect for the provided user details. First Name : J Last Name : D zip Code: 1 expected [] but found [Error: Last Name is required],
	User : &#039;problem_user&#039;, The error message is incorrect for the provided user details. First Name : John@# Last Name : Doe$% zip Code: ABCDE expected [] but found [Error: Last Name is required],
	User : &#039;problem_user&#039;, The error message is incorrect for the provided user details. First Name :     Last Name :     zip Code:     expected [] but found [Error: Last Name is required],
	User : &#039;problem_user&#039;, The error message is incorrect for the provided user details. First Name : John Doe Last Name : Smith zip Code:  12345  expected [] but found [Error: Last Name is required],
	User : &#039;problem_user&#039;, The error message is incorrect for the provided user details. First Name : John123 Last Name : Doe456 zip Code: 001234 expected [] but found [Error: Last Name is required],
	User : &#039;problem_user&#039;, The error message is incorrect for the provided user details. First Name : JohnDoe Last Name : LongLastNameHereThatExceedsNormalLength zip Code: 123456789012345 expected [] but found [Error: Last Name is required],
	User : &#039;problem_user&#039;, The error message is incorrect for the provided user details. First Name : Jo$hn Last Name : Do^e zip Code: 12345! expected [] but found [Error: Last Name is required],
	User : &#039;problem_user&#039;, The error message is incorrect for the provided user details. First Name : J@hn Last Name : D#oe zip Code: 12-345 expected [] but found [Error: Last Name is required],
	User : &#039;problem_user&#039;, Product: &#039;Sauce Labs Bolt T-Shirt&#039;, name does not match the expected name. expected [Sauce Labs Bolt T-Shirt] but found [Sauce Labs Bike Light],
	User : &#039;problem_user&#039;, The error message is incorrect for the provided user details. First Name :  Last Name : Doe zip Code: 67890 expected [Error: First Name is required] but found [Error: Last Name is required],
	User : &#039;problem_user&#039;, The error message is incorrect for the provided user details. First Name : John Last Name : Doe zip Code:  expected [Error: Postal Code is required] but found [Error: Last Name is required],
	User : &#039;problem_user&#039;, The error message is incorrect for the provided user details. First Name : John Last Name : Doe zip Code: 12345 expected [] but found [Error: Last Name is required],
	User : &#039;problem_user&#039;, The error message is incorrect for the provided user details. First Name : J0hn Last Name : D@e zip Code: 123-45 expected [] but found [Error: Last Name is required],
	User : &#039;problem_user&#039;, The error message is incorrect for the provided user details. First Name : J Last Name : D zip Code: 1 expected [] but found [Error: Last Name is required],
	User : &#039;problem_user&#039;, The error message is incorrect for the provided user details. First Name : John@# Last Name : Doe$% zip Code: ABCDE expected [] but found [Error: Last Name is required],
	User : &#039;problem_user&#039;, The error message is incorrect for the provided user details. First Name :     Last Name :     zip Code:     expected [] but found [Error: Last Name is required],
	User : &#039;problem_user&#039;, The error message is incorrect for the provided user details. First Name : John Doe Last Name : Smith zip Code:  12345  expected [] but found [Error: Last Name is required],
	User : &#039;problem_user&#039;, The error message is incorrect for the provided user details. First Name : John123 Last Name : Doe456 zip Code: 001234 expected [] but found [Error: Last Name is required],
	User : &#039;problem_user&#039;, The error message is incorrect for the provided user details. First Name : JohnDoe Last Name : LongLastNameHereThatExceedsNormalLength zip Code: 123456789012345 expected [] but found [Error: Last Name is required],
	User : &#039;problem_user&#039;, The error message is incorrect for the provided user details. First Name : Jo$hn Last Name : Do^e zip Code: 12345! expected [] but found [Error: Last Name is required],
	User : &#039;problem_user&#039;, The error message is incorrect for the provided user details. First Name : J@hn Last Name : D#oe zip Code: 12-345 expected [] but found [Error: Last Name is required],
	User : &#039;problem_user&#039;, Product: &#039;Sauce Labs Fleece Jacket&#039;, name does not match the expected name. expected [Sauce Labs Fleece Jacket] but found [Sauce Labs Bike Light],
	User : &#039;problem_user&#039;, The error message is incorrect for the provided user details. First Name :  Last Name : Doe zip Code: 67890 expected [Error: First Name is required] but found [Error: Last Name is required],
	User : &#039;problem_user&#039;, The error message is incorrect for the provided user details. First Name : John Last Name : Doe zip Code:  expected [Error: Postal Code is required] but found [Error: Last Name is required],
	User : &#039;problem_user&#039;, The error message is incorrect for the provided user details. First Name : John Last Name : Doe zip Code: 12345 expected [] but found [Error: Last Name is required],
	User : &#039;problem_user&#039;, The error message is incorrect for the provided user details. First Name : J0hn Last Name : D@e zip Code: 123-45 expected [] but found [Error: Last Name is required],
	User : &#039;problem_user&#039;, The error message is incorrect for the provided user details. First Name : J Last Name : D zip Code: 1 expected [] but found [Error: Last Name is required],
	User : &#039;problem_user&#039;, The error message is incorrect for the provided user details. First Name : John@# Last Name : Doe$% zip Code: ABCDE expected [] but found [Error: Last Name is required],
	User : &#039;problem_user&#039;, The error message is incorrect for the provided user details. First Name :     Last Name :     zip Code:     expected [] but found [Error: Last Name is required],
	User : &#039;problem_user&#039;, The error message is incorrect for the provided user details. First Name : John Doe Last Name : Smith zip Code:  12345  expected [] but found [Error: Last Name is required],
	User : &#039;problem_user&#039;, The error message is incorrect for the provided user details. First Name : John123 Last Name : Doe456 zip Code: 001234 expected [] but found [Error: Last Name is required],
	User : &#039;problem_user&#039;, The error message is incorrect for the provided user details. First Name : JohnDoe Last Name : LongLastNameHereThatExceedsNormalLength zip Code: 123456789012345 expected [] but found [Error: Last Name is required],
	User : &#039;problem_user&#039;, The error message is incorrect for the provided user details. First Name : Jo$hn Last Name : Do^e zip Code: 12345! expected [] but found [Error: Last Name is required],
	User : &#039;problem_user&#039;, The error message is incorrect for the provided user details. First Name : J@hn Last Name : D#oe zip Code: 12-345 expected [] but found [Error: Last Name is required],
	User : &#039;problem_user&#039;, The error message is incorrect for the provided user details. First Name :  Last Name : Doe zip Code: 67890 expected [Error: First Name is required] but found [Error: Last Name is required],
	User : &#039;problem_user&#039;, The error message is incorrect for the provided user details. First Name : John Last Name : Doe zip Code:  expected [Error: Postal Code is required] but found [Error: Last Name is required],
	User : &#039;problem_user&#039;, The error message is incorrect for the provided user details. First Name : John Last Name : Doe zip Code: 12345 expected [] but found [Error: Last Name is required],
	User : &#039;problem_user&#039;, The error message is incorrect for the provided user details. First Name : J0hn Last Name : D@e zip Code: 123-45 expected [] but found [Error: Last Name is required],
	User : &#039;problem_user&#039;, The error message is incorrect for the provided user details. First Name : J Last Name : D zip Code: 1 expected [] but found [Error: Last Name is required],
	User : &#039;problem_user&#039;, The error message is incorrect for the provided user details. First Name : John@# Last Name : Doe$% zip Code: ABCDE expected [] but found [Error: Last Name is required],
	User : &#039;problem_user&#039;, The error message is incorrect for the provided user details. First Name :     Last Name :     zip Code:     expected [] but found [Error: Last Name is required],
	User : &#039;problem_user&#039;, The error message is incorrect for the provided user details. First Name : John Doe Last Name : Smith zip Code:  12345  expected [] but found [Error: Last Name is required],
	User : &#039;problem_user&#039;, The error message is incorrect for the provided user details. First Name : John123 Last Name : Doe456 zip Code: 001234 expected [] but found [Error: Last Name is required],
	User : &#039;problem_user&#039;, The error message is incorrect for the provided user details. First Name : JohnDoe Last Name : LongLastNameHereThatExceedsNormalLength zip Code: 123456789012345 expected [] but found [Error: Last Name is required],
	User : &#039;problem_user&#039;, The error message is incorrect for the provided user details. First Name : Jo$hn Last Name : Do^e zip Code: 12345! expected [] but found [Error: Last Name is required],
	User : &#039;problem_user&#039;, The error message is incorrect for the provided user details. First Name : J@hn Last Name : D#oe zip Code: 12-345 expected [] but found [Error: Last Name is required],
	User : &#039;problem_user&#039;, Product: &#039;Test.allTheThings() T-Shirt (Red)&#039;, name does not match the expected name. expected [Test.allTheThings() T-Shirt (Red)] but found [Sauce Labs Onesie],
	User : &#039;problem_user&#039;, The error message is incorrect for the provided user details. First Name :  Last Name : Doe zip Code: 67890 expected [Error: First Name is required] but found [Error: Last Name is required],
	User : &#039;problem_user&#039;, The error message is incorrect for the provided user details. First Name : John Last Name : Doe zip Code:  expected [Error: Postal Code is required] but found [Error: Last Name is required],
	User : &#039;problem_user&#039;, The error message is incorrect for the provided user details. First Name : John Last Name : Doe zip Code: 12345 expected [] but found [Error: Last Name is required],
	User : &#039;problem_user&#039;, The error message is incorrect for the provided user details. First Name : J0hn Last Name : D@e zip Code: 123-45 expected [] but found [Error: Last Name is required],
	User : &#039;problem_user&#039;, The error message is incorrect for the provided user details. First Name : J Last Name : D zip Code: 1 expected [] but found [Error: Last Name is required],
	User : &#039;problem_user&#039;, The error message is incorrect for the provided user details. First Name : John@# Last Name : Doe$% zip Code: ABCDE expected [] but found [Error: Last Name is required],
	User : &#039;problem_user&#039;, The error message is incorrect for the provided user details. First Name :     Last Name :     zip Code:     expected [] but found [Error: Last Name is required],
	User : &#039;problem_user&#039;, The error message is incorrect for the provided user details. First Name : John Doe Last Name : Smith zip Code:  12345  expected [] but found [Error: Last Name is required],
	User : &#039;problem_user&#039;, The error message is incorrect for the provided user details. First Name : John123 Last Name : Doe456 zip Code: 001234 expected [] but found [Error: Last Name is required],
	User : &#039;problem_user&#039;, The error message is incorrect for the provided user details. First Name : JohnDoe Last Name : LongLastNameHereThatExceedsNormalLength zip Code: 123456789012345 expected [] but found [Error: Last Name is required],
	User : &#039;problem_user&#039;, The error message is incorrect for the provided user details. First Name : Jo$hn Last Name : Do^e zip Code: 12345! expected [] but found [Error: Last Name is required],
	User : &#039;problem_user&#039;, The error message is incorrect for the provided user details. First Name : J@hn Last Name : D#oe zip Code: 12-345 expected [] but found [Error: Last Name is required]" type="java.lang.AssertionError">
      <![CDATA[java.lang.AssertionError: The following asserts failed:
User : 'problem_user', The error message is incorrect for the provided user details. First Name :  Last Name : Doe zip Code: 67890 expected [Error: First Name is required] but found [Error: Last Name is required],
User : 'problem_user', The error message is incorrect for the provided user details. First Name : John Last Name : Doe zip Code:  expected [Error: Postal Code is required] but found [Error: Last Name is required],
User : 'problem_user', The error message is incorrect for the provided user details. First Name : John Last Name : Doe zip Code: 12345 expected [] but found [Error: Last Name is required],
User : 'problem_user', The error message is incorrect for the provided user details. First Name : J0hn Last Name : D@e zip Code: 123-45 expected [] but found [Error: Last Name is required],
User : 'problem_user', The error message is incorrect for the provided user details. First Name : J Last Name : D zip Code: 1 expected [] but found [Error: Last Name is required],
User : 'problem_user', The error message is incorrect for the provided user details. First Name : John@# Last Name : Doe$% zip Code: ABCDE expected [] but found [Error: Last Name is required],
User : 'problem_user', The error message is incorrect for the provided user details. First Name :     Last Name :     zip Code:     expected [] but found [Error: Last Name is required],
User : 'problem_user', The error message is incorrect for the provided user details. First Name : John Doe Last Name : Smith zip Code:  12345  expected [] but found [Error: Last Name is required],
User : 'problem_user', The error message is incorrect for the provided user details. First Name : John123 Last Name : Doe456 zip Code: 001234 expected [] but found [Error: Last Name is required],
User : 'problem_user', The error message is incorrect for the provided user details. First Name : JohnDoe Last Name : LongLastNameHereThatExceedsNormalLength zip Code: 123456789012345 expected [] but found [Error: Last Name is required],
User : 'problem_user', The error message is incorrect for the provided user details. First Name : Jo$hn Last Name : Do^e zip Code: 12345! expected [] but found [Error: Last Name is required],
User : 'problem_user', The error message is incorrect for the provided user details. First Name : J@hn Last Name : D#oe zip Code: 12-345 expected [] but found [Error: Last Name is required],
User : 'problem_user', The error message is incorrect for the provided user details. First Name :  Last Name : Doe zip Code: 67890 expected [Error: First Name is required] but found [Error: Last Name is required],
User : 'problem_user', The error message is incorrect for the provided user details. First Name : John Last Name : Doe zip Code:  expected [Error: Postal Code is required] but found [Error: Last Name is required],
User : 'problem_user', The error message is incorrect for the provided user details. First Name : John Last Name : Doe zip Code: 12345 expected [] but found [Error: Last Name is required],
User : 'problem_user', The error message is incorrect for the provided user details. First Name : J0hn Last Name : D@e zip Code: 123-45 expected [] but found [Error: Last Name is required],
User : 'problem_user', The error message is incorrect for the provided user details. First Name : J Last Name : D zip Code: 1 expected [] but found [Error: Last Name is required],
User : 'problem_user', The error message is incorrect for the provided user details. First Name : John@# Last Name : Doe$% zip Code: ABCDE expected [] but found [Error: Last Name is required],
User : 'problem_user', The error message is incorrect for the provided user details. First Name :     Last Name :     zip Code:     expected [] but found [Error: Last Name is required],
User : 'problem_user', The error message is incorrect for the provided user details. First Name : John Doe Last Name : Smith zip Code:  12345  expected [] but found [Error: Last Name is required],
User : 'problem_user', The error message is incorrect for the provided user details. First Name : John123 Last Name : Doe456 zip Code: 001234 expected [] but found [Error: Last Name is required],
User : 'problem_user', The error message is incorrect for the provided user details. First Name : JohnDoe Last Name : LongLastNameHereThatExceedsNormalLength zip Code: 123456789012345 expected [] but found [Error: Last Name is required],
User : 'problem_user', The error message is incorrect for the provided user details. First Name : Jo$hn Last Name : Do^e zip Code: 12345! expected [] but found [Error: Last Name is required],
User : 'problem_user', The error message is incorrect for the provided user details. First Name : J@hn Last Name : D#oe zip Code: 12-345 expected [] but found [Error: Last Name is required],
User : 'problem_user', Product: 'Sauce Labs Bolt T-Shirt', name does not match the expected name. expected [Sauce Labs Bolt T-Shirt] but found [Sauce Labs Bike Light],
User : 'problem_user', The error message is incorrect for the provided user details. First Name :  Last Name : Doe zip Code: 67890 expected [Error: First Name is required] but found [Error: Last Name is required],
User : 'problem_user', The error message is incorrect for the provided user details. First Name : John Last Name : Doe zip Code:  expected [Error: Postal Code is required] but found [Error: Last Name is required],
User : 'problem_user', The error message is incorrect for the provided user details. First Name : John Last Name : Doe zip Code: 12345 expected [] but found [Error: Last Name is required],
User : 'problem_user', The error message is incorrect for the provided user details. First Name : J0hn Last Name : D@e zip Code: 123-45 expected [] but found [Error: Last Name is required],
User : 'problem_user', The error message is incorrect for the provided user details. First Name : J Last Name : D zip Code: 1 expected [] but found [Error: Last Name is required],
User : 'problem_user', The error message is incorrect for the provided user details. First Name : John@# Last Name : Doe$% zip Code: ABCDE expected [] but found [Error: Last Name is required],
User : 'problem_user', The error message is incorrect for the provided user details. First Name :     Last Name :     zip Code:     expected [] but found [Error: Last Name is required],
User : 'problem_user', The error message is incorrect for the provided user details. First Name : John Doe Last Name : Smith zip Code:  12345  expected [] but found [Error: Last Name is required],
User : 'problem_user', The error message is incorrect for the provided user details. First Name : John123 Last Name : Doe456 zip Code: 001234 expected [] but found [Error: Last Name is required],
User : 'problem_user', The error message is incorrect for the provided user details. First Name : JohnDoe Last Name : LongLastNameHereThatExceedsNormalLength zip Code: 123456789012345 expected [] but found [Error: Last Name is required],
User : 'problem_user', The error message is incorrect for the provided user details. First Name : Jo$hn Last Name : Do^e zip Code: 12345! expected [] but found [Error: Last Name is required],
User : 'problem_user', The error message is incorrect for the provided user details. First Name : J@hn Last Name : D#oe zip Code: 12-345 expected [] but found [Error: Last Name is required],
User : 'problem_user', Product: 'Sauce Labs Fleece Jacket', name does not match the expected name. expected [Sauce Labs Fleece Jacket] but found [Sauce Labs Bike Light],
User : 'problem_user', The error message is incorrect for the provided user details. First Name :  Last Name : Doe zip Code: 67890 expected [Error: First Name is required] but found [Error: Last Name is required],
User : 'problem_user', The error message is incorrect for the provided user details. First Name : John Last Name : Doe zip Code:  expected [Error: Postal Code is required] but found [Error: Last Name is required],
User : 'problem_user', The error message is incorrect for the provided user details. First Name : John Last Name : Doe zip Code: 12345 expected [] but found [Error: Last Name is required],
User : 'problem_user', The error message is incorrect for the provided user details. First Name : J0hn Last Name : D@e zip Code: 123-45 expected [] but found [Error: Last Name is required],
User : 'problem_user', The error message is incorrect for the provided user details. First Name : J Last Name : D zip Code: 1 expected [] but found [Error: Last Name is required],
User : 'problem_user', The error message is incorrect for the provided user details. First Name : John@# Last Name : Doe$% zip Code: ABCDE expected [] but found [Error: Last Name is required],
User : 'problem_user', The error message is incorrect for the provided user details. First Name :     Last Name :     zip Code:     expected [] but found [Error: Last Name is required],
User : 'problem_user', The error message is incorrect for the provided user details. First Name : John Doe Last Name : Smith zip Code:  12345  expected [] but found [Error: Last Name is required],
User : 'problem_user', The error message is incorrect for the provided user details. First Name : John123 Last Name : Doe456 zip Code: 001234 expected [] but found [Error: Last Name is required],
User : 'problem_user', The error message is incorrect for the provided user details. First Name : JohnDoe Last Name : LongLastNameHereThatExceedsNormalLength zip Code: 123456789012345 expected [] but found [Error: Last Name is required],
User : 'problem_user', The error message is incorrect for the provided user details. First Name : Jo$hn Last Name : Do^e zip Code: 12345! expected [] but found [Error: Last Name is required],
User : 'problem_user', The error message is incorrect for the provided user details. First Name : J@hn Last Name : D#oe zip Code: 12-345 expected [] but found [Error: Last Name is required],
User : 'problem_user', The error message is incorrect for the provided user details. First Name :  Last Name : Doe zip Code: 67890 expected [Error: First Name is required] but found [Error: Last Name is required],
User : 'problem_user', The error message is incorrect for the provided user details. First Name : John Last Name : Doe zip Code:  expected [Error: Postal Code is required] but found [Error: Last Name is required],
User : 'problem_user', The error message is incorrect for the provided user details. First Name : John Last Name : Doe zip Code: 12345 expected [] but found [Error: Last Name is required],
User : 'problem_user', The error message is incorrect for the provided user details. First Name : J0hn Last Name : D@e zip Code: 123-45 expected [] but found [Error: Last Name is required],
User : 'problem_user', The error message is incorrect for the provided user details. First Name : J Last Name : D zip Code: 1 expected [] but found [Error: Last Name is required],
User : 'problem_user', The error message is incorrect for the provided user details. First Name : John@# Last Name : Doe$% zip Code: ABCDE expected [] but found [Error: Last Name is required],
User : 'problem_user', The error message is incorrect for the provided user details. First Name :     Last Name :     zip Code:     expected [] but found [Error: Last Name is required],
User : 'problem_user', The error message is incorrect for the provided user details. First Name : John Doe Last Name : Smith zip Code:  12345  expected [] but found [Error: Last Name is required],
User : 'problem_user', The error message is incorrect for the provided user details. First Name : John123 Last Name : Doe456 zip Code: 001234 expected [] but found [Error: Last Name is required],
User : 'problem_user', The error message is incorrect for the provided user details. First Name : JohnDoe Last Name : LongLastNameHereThatExceedsNormalLength zip Code: 123456789012345 expected [] but found [Error: Last Name is required],
User : 'problem_user', The error message is incorrect for the provided user details. First Name : Jo$hn Last Name : Do^e zip Code: 12345! expected [] but found [Error: Last Name is required],
User : 'problem_user', The error message is incorrect for the provided user details. First Name : J@hn Last Name : D#oe zip Code: 12-345 expected [] but found [Error: Last Name is required],
User : 'problem_user', Product: 'Test.allTheThings() T-Shirt (Red)', name does not match the expected name. expected [Test.allTheThings() T-Shirt (Red)] but found [Sauce Labs Onesie],
User : 'problem_user', The error message is incorrect for the provided user details. First Name :  Last Name : Doe zip Code: 67890 expected [Error: First Name is required] but found [Error: Last Name is required],
User : 'problem_user', The error message is incorrect for the provided user details. First Name : John Last Name : Doe zip Code:  expected [Error: Postal Code is required] but found [Error: Last Name is required],
User : 'problem_user', The error message is incorrect for the provided user details. First Name : John Last Name : Doe zip Code: 12345 expected [] but found [Error: Last Name is required],
User : 'problem_user', The error message is incorrect for the provided user details. First Name : J0hn Last Name : D@e zip Code: 123-45 expected [] but found [Error: Last Name is required],
User : 'problem_user', The error message is incorrect for the provided user details. First Name : J Last Name : D zip Code: 1 expected [] but found [Error: Last Name is required],
User : 'problem_user', The error message is incorrect for the provided user details. First Name : John@# Last Name : Doe$% zip Code: ABCDE expected [] but found [Error: Last Name is required],
User : 'problem_user', The error message is incorrect for the provided user details. First Name :     Last Name :     zip Code:     expected [] but found [Error: Last Name is required],
User : 'problem_user', The error message is incorrect for the provided user details. First Name : John Doe Last Name : Smith zip Code:  12345  expected [] but found [Error: Last Name is required],
User : 'problem_user', The error message is incorrect for the provided user details. First Name : John123 Last Name : Doe456 zip Code: 001234 expected [] but found [Error: Last Name is required],
User : 'problem_user', The error message is incorrect for the provided user details. First Name : JohnDoe Last Name : LongLastNameHereThatExceedsNormalLength zip Code: 123456789012345 expected [] but found [Error: Last Name is required],
User : 'problem_user', The error message is incorrect for the provided user details. First Name : Jo$hn Last Name : Do^e zip Code: 12345! expected [] but found [Error: Last Name is required],
User : 'problem_user', The error message is incorrect for the provided user details. First Name : J@hn Last Name : D#oe zip Code: 12-345 expected [] but found [Error: Last Name is required]
at org.testng.asserts.SoftAssert.assertAll(SoftAssert.java:46)
at org.testng.asserts.SoftAssert.assertAll(SoftAssert.java:30)
at tests.CheckoutInfoTest.testCheckoutPage(CheckoutInfoTest.java:88)
at java.base/jdk.internal.reflect.DirectMethodHandleAccessor.invoke(DirectMethodHandleAccessor.java:104)
at java.base/java.lang.reflect.Method.invoke(Method.java:565)
at org.testng.internal.invokers.MethodInvocationHelper.invokeMethod(MethodInvocationHelper.java:139)
at org.testng.internal.invokers.TestInvoker.invokeMethod(TestInvoker.java:677)
at org.testng.internal.invokers.TestInvoker.invokeTestMethod(TestInvoker.java:221)
at org.testng.internal.invokers.MethodRunner.runInSequence(MethodRunner.java:50)
at org.testng.internal.invokers.TestInvoker$MethodInvocationAgent.invoke(TestInvoker.java:969)
at org.testng.internal.invokers.TestInvoker.invokeTestMethods(TestInvoker.java:194)
at org.testng.internal.invokers.TestMethodWorker.invokeTestMethods(TestMethodWorker.java:148)
at org.testng.internal.invokers.TestMethodWorker.run(TestMethodWorker.java:128)
at java.base/java.util.ArrayList.forEach(ArrayList.java:1604)
at org.testng.TestRunner.privateRun(TestRunner.java:829)
at org.testng.TestRunner.run(TestRunner.java:602)
at org.testng.SuiteRunner.runTest(SuiteRunner.java:437)
at org.testng.SuiteRunner$SuiteWorker.run(SuiteRunner.java:475)
at org.testng.internal.thread.ThreadUtil.lambda$execute$0(ThreadUtil.java:58)
at java.base/java.util.concurrent.FutureTask.run(FutureTask.java:328)
at java.base/java.util.concurrent.ThreadPoolExecutor.runWorker(ThreadPoolExecutor.java:1090)
at java.base/java.util.concurrent.ThreadPoolExecutor$Worker.run(ThreadPoolExecutor.java:614)
at java.base/java.lang.Thread.run(Thread.java:1474)
]]>
    </failure>
  </testcase> <!-- testCheckoutPage -->
  <system-out/>
  <testcase classname="tests.CheckoutInfoTest" name="testCheckoutPage" time="107.141"/>
  <system-out/>
</testsuite> <!-- tests.CheckoutInfoTest -->
