<?xml version="1.0" encoding="UTF-8"?>
<!-- Generated by org.testng.reporters.JUnitReportReporter -->
<testsuite hostname="archroot" failures="3" tests="15" name="tests.ProductPageTest" time="286.551" errors="0" timestamp="2025-12-07T13:36:10 EET" skipped="0">
  <testcase classname="tests.ProductPageTest" name="validateProduct_Name_Price_Description" time="15.744"/>
  <system-out/>
  <testcase classname="tests.ProductPageTest" name="test_Add_Remove_Item" time="19.464"/>
  <system-out/>
  <testcase classname="tests.ProductPageTest" name="validateProductImages" time="14.777"/>
  <system-out/>
  <testcase classname="tests.ProductPageTest" name="validateProduct_Name_Price_Description" time="16.684">
    <failure message="The following asserts failed:
	User : &#039;error_user&#039;, Product: &#039;Sauce Labs Backpack&#039;, Product description mismatch expected [carry.allTheThings() with the sleek, streamlined Sly Pack that melds uncompromising style with unequaled laptop and tablet protection.] but found [A description should be here, but it failed to render! This error has been reported to Backtrace.],
	User : &#039;error_user&#039;, Product: &#039;Sauce Labs Bike Light&#039;, Product description mismatch expected [A red light isn&#039;t the desired state in testing but it sure helps when riding your bike at night. Water-resistant with 3 lighting modes, 1 AAA battery included.] but found [A description should be here, but it failed to render! This error has been reported to Backtrace.],
	User : &#039;error_user&#039;, Product: &#039;Sauce Labs Bolt T-Shirt&#039;, Product description mismatch expected [Get your testing superhero on with the Sauce Labs bolt T-shirt. From American Apparel, 100% ringspun combed cotton, heather gray with red bolt.] but found [A description should be here, but it failed to render! This error has been reported to Backtrace.],
	User : &#039;error_user&#039;, Product: &#039;Sauce Labs Fleece Jacket&#039;, Product description mismatch expected [It&#039;s not every day that you come across a midweight quarter-zip fleece jacket capable of handling everything from a relaxing day outdoors to a busy day at the office.] but found [A description should be here, but it failed to render! This error has been reported to Backtrace.],
	User : &#039;error_user&#039;, Product: &#039;Sauce Labs Onesie&#039;, Product description mismatch expected [Rib snap infant onesie for the junior automation engineer in development. Reinforced 3-snap bottom closure, two-needle hemmed sleeved and bottom won&#039;t unravel.] but found [A description should be here, but it failed to render! This error has been reported to Backtrace.],
	User : &#039;error_user&#039;, Product: &#039;Test.allTheThings() T-Shirt (Red)&#039;, Product description mismatch expected [This classic Sauce Labs t-shirt is perfect to wear when cozying up to your keyboard to automate a few tests. Super-soft and comfy ringspun combed cotton.] but found [A description should be here, but it failed to render! This error has been reported to Backtrace.]" type="java.lang.AssertionError">
      <![CDATA[java.lang.AssertionError: The following asserts failed:
User : 'error_user', Product: 'Sauce Labs Backpack', Product description mismatch expected [carry.allTheThings() with the sleek, streamlined Sly Pack that melds uncompromising style with unequaled laptop and tablet protection.] but found [A description should be here, but it failed to render! This error has been reported to Backtrace.],
User : 'error_user', Product: 'Sauce Labs Bike Light', Product description mismatch expected [A red light isn't the desired state in testing but it sure helps when riding your bike at night. Water-resistant with 3 lighting modes, 1 AAA battery included.] but found [A description should be here, but it failed to render! This error has been reported to Backtrace.],
User : 'error_user', Product: 'Sauce Labs Bolt T-Shirt', Product description mismatch expected [Get your testing superhero on with the Sauce Labs bolt T-shirt. From American Apparel, 100% ringspun combed cotton, heather gray with red bolt.] but found [A description should be here, but it failed to render! This error has been reported to Backtrace.],
User : 'error_user', Product: 'Sauce Labs Fleece Jacket', Product description mismatch expected [It's not every day that you come across a midweight quarter-zip fleece jacket capable of handling everything from a relaxing day outdoors to a busy day at the office.] but found [A description should be here, but it failed to render! This error has been reported to Backtrace.],
User : 'error_user', Product: 'Sauce Labs Onesie', Product description mismatch expected [Rib snap infant onesie for the junior automation engineer in development. Reinforced 3-snap bottom closure, two-needle hemmed sleeved and bottom won't unravel.] but found [A description should be here, but it failed to render! This error has been reported to Backtrace.],
User : 'error_user', Product: 'Test.allTheThings() T-Shirt (Red)', Product description mismatch expected [This classic Sauce Labs t-shirt is perfect to wear when cozying up to your keyboard to automate a few tests. Super-soft and comfy ringspun combed cotton.] but found [A description should be here, but it failed to render! This error has been reported to Backtrace.]
at org.testng.asserts.SoftAssert.assertAll(SoftAssert.java:46)
at org.testng.asserts.SoftAssert.assertAll(SoftAssert.java:30)
at tests.ProductPageTest.validateProduct_Name_Price_Description(ProductPageTest.java:73)
at java.base/jdk.internal.reflect.DirectMethodHandleAccessor.invoke(DirectMethodHandleAccessor.java:104)
at java.base/java.lang.reflect.Method.invoke(Method.java:565)
at org.testng.internal.invokers.MethodInvocationHelper.invokeMethod(MethodInvocationHelper.java:139)
at org.testng.internal.invokers.TestInvoker.invokeMethod(TestInvoker.java:677)
at org.testng.internal.invokers.TestInvoker.invokeTestMethod(TestInvoker.java:221)
at org.testng.internal.invokers.MethodRunner.runInSequence(MethodRunner.java:50)
at org.testng.internal.invokers.TestInvoker$MethodInvocationAgent.invoke(TestInvoker.java:969)
at org.testng.internal.invokers.TestInvoker.invokeTestMethods(TestInvoker.java:194)
at org.testng.internal.invokers.TestMethodWorker.invokeTestMethods(TestMethodWorker.java:148)
at org.testng.internal.invokers.TestMethodWorker.run(TestMethodWorker.java:128)
at java.base/java.util.ArrayList.forEach(ArrayList.java:1604)
at org.testng.TestRunner.privateRun(TestRunner.java:829)
at org.testng.TestRunner.run(TestRunner.java:602)
at org.testng.SuiteRunner.runTest(SuiteRunner.java:437)
at org.testng.SuiteRunner$SuiteWorker.run(SuiteRunner.java:475)
at org.testng.internal.thread.ThreadUtil.lambda$execute$0(ThreadUtil.java:58)
at java.base/java.util.concurrent.FutureTask.run(FutureTask.java:328)
at java.base/java.util.concurrent.ThreadPoolExecutor.runWorker(ThreadPoolExecutor.java:1090)
at java.base/java.util.concurrent.ThreadPoolExecutor$Worker.run(ThreadPoolExecutor.java:614)
at java.base/java.lang.Thread.run(Thread.java:1474)
]]>
    </failure>
  </testcase> <!-- validateProduct_Name_Price_Description -->
  <system-out/>
  <testcase classname="tests.ProductPageTest" name="validateProductImages" time="14.085"/>
  <system-out/>
  <testcase classname="tests.ProductPageTest" name="validateProduct_Name_Price_Description" time="18.064"/>
  <system-out/>
  <testcase classname="tests.ProductPageTest" name="test_Add_Remove_Item" time="17.592">
    <failure message="The following asserts failed:
	expected [true] but found [false],
	User : &#039;problem_user&#039;, Product ID: item_1&#039;,Test failed: Product not added to cart.,
	User : &#039;problem_user&#039;, Product ID: item_1&#039;, Test failed: Cart badge still visible.,
	User : &#039;problem_user&#039;, Product ID: item_5&#039;,Test failed: Product not added to cart.,
	User : &#039;problem_user&#039;, Product ID: item_5&#039;, Test failed: Cart badge still visible.,
	expected [true] but found [false],
	User : &#039;problem_user&#039;, Product ID: item_3&#039;,Test failed: Product not added to cart.,
	User : &#039;problem_user&#039;, Product ID: item_3&#039;, Test failed: Cart badge still visible." type="java.lang.AssertionError">
      <![CDATA[java.lang.AssertionError: The following asserts failed:
expected [true] but found [false],
User : 'problem_user', Product ID: item_1',Test failed: Product not added to cart.,
User : 'problem_user', Product ID: item_1', Test failed: Cart badge still visible.,
User : 'problem_user', Product ID: item_5',Test failed: Product not added to cart.,
User : 'problem_user', Product ID: item_5', Test failed: Cart badge still visible.,
expected [true] but found [false],
User : 'problem_user', Product ID: item_3',Test failed: Product not added to cart.,
User : 'problem_user', Product ID: item_3', Test failed: Cart badge still visible.
at org.testng.asserts.SoftAssert.assertAll(SoftAssert.java:46)
at org.testng.asserts.SoftAssert.assertAll(SoftAssert.java:30)
at tests.ProductPageTest.test_Add_Remove_Item(ProductPageTest.java:180)
at java.base/jdk.internal.reflect.DirectMethodHandleAccessor.invoke(DirectMethodHandleAccessor.java:104)
at java.base/java.lang.reflect.Method.invoke(Method.java:565)
at org.testng.internal.invokers.MethodInvocationHelper.invokeMethod(MethodInvocationHelper.java:139)
at org.testng.internal.invokers.TestInvoker.invokeMethod(TestInvoker.java:677)
at org.testng.internal.invokers.TestInvoker.invokeTestMethod(TestInvoker.java:221)
at org.testng.internal.invokers.MethodRunner.runInSequence(MethodRunner.java:50)
at org.testng.internal.invokers.TestInvoker$MethodInvocationAgent.invoke(TestInvoker.java:969)
at org.testng.internal.invokers.TestInvoker.invokeTestMethods(TestInvoker.java:194)
at org.testng.internal.invokers.TestMethodWorker.invokeTestMethods(TestMethodWorker.java:148)
at org.testng.internal.invokers.TestMethodWorker.run(TestMethodWorker.java:128)
at java.base/java.util.ArrayList.forEach(ArrayList.java:1604)
at org.testng.TestRunner.privateRun(TestRunner.java:829)
at org.testng.TestRunner.run(TestRunner.java:602)
at org.testng.SuiteRunner.runTest(SuiteRunner.java:437)
at org.testng.SuiteRunner$SuiteWorker.run(SuiteRunner.java:475)
at org.testng.internal.thread.ThreadUtil.lambda$execute$0(ThreadUtil.java:58)
at java.base/java.util.concurrent.FutureTask.run(FutureTask.java:328)
at java.base/java.util.concurrent.ThreadPoolExecutor.runWorker(ThreadPoolExecutor.java:1090)
at java.base/java.util.concurrent.ThreadPoolExecutor$Worker.run(ThreadPoolExecutor.java:614)
at java.base/java.lang.Thread.run(Thread.java:1474)
]]>
    </failure>
  </testcase> <!-- test_Add_Remove_Item -->
  <system-out/>
  <testcase classname="tests.ProductPageTest" name="test_Add_Remove_Item" time="18.207">
    <failure message="The following asserts failed:
	expected [true] but found [false],
	User : &#039;error_user&#039;, Product ID: item_1&#039;,Test failed: Product not added to cart.,
	User : &#039;error_user&#039;, Product ID: item_1&#039;, Test failed: Cart badge still visible.,
	User : &#039;error_user&#039;, Product ID: item_5&#039;,Test failed: Product not added to cart.,
	User : &#039;error_user&#039;, Product ID: item_5&#039;, Test failed: Cart badge still visible.,
	expected [true] but found [false],
	User : &#039;error_user&#039;, Product ID: item_3&#039;,Test failed: Product not added to cart.,
	User : &#039;error_user&#039;, Product ID: item_3&#039;, Test failed: Cart badge still visible." type="java.lang.AssertionError">
      <![CDATA[java.lang.AssertionError: The following asserts failed:
expected [true] but found [false],
User : 'error_user', Product ID: item_1',Test failed: Product not added to cart.,
User : 'error_user', Product ID: item_1', Test failed: Cart badge still visible.,
User : 'error_user', Product ID: item_5',Test failed: Product not added to cart.,
User : 'error_user', Product ID: item_5', Test failed: Cart badge still visible.,
expected [true] but found [false],
User : 'error_user', Product ID: item_3',Test failed: Product not added to cart.,
User : 'error_user', Product ID: item_3', Test failed: Cart badge still visible.
at org.testng.asserts.SoftAssert.assertAll(SoftAssert.java:46)
at org.testng.asserts.SoftAssert.assertAll(SoftAssert.java:30)
at tests.ProductPageTest.test_Add_Remove_Item(ProductPageTest.java:180)
at java.base/jdk.internal.reflect.DirectMethodHandleAccessor.invoke(DirectMethodHandleAccessor.java:104)
at java.base/java.lang.reflect.Method.invoke(Method.java:565)
at org.testng.internal.invokers.MethodInvocationHelper.invokeMethod(MethodInvocationHelper.java:139)
at org.testng.internal.invokers.TestInvoker.invokeMethod(TestInvoker.java:677)
at org.testng.internal.invokers.TestInvoker.invokeTestMethod(TestInvoker.java:221)
at org.testng.internal.invokers.MethodRunner.runInSequence(MethodRunner.java:50)
at org.testng.internal.invokers.TestInvoker$MethodInvocationAgent.invoke(TestInvoker.java:969)
at org.testng.internal.invokers.TestInvoker.invokeTestMethods(TestInvoker.java:194)
at org.testng.internal.invokers.TestMethodWorker.invokeTestMethods(TestMethodWorker.java:148)
at org.testng.internal.invokers.TestMethodWorker.run(TestMethodWorker.java:128)
at java.base/java.util.ArrayList.forEach(ArrayList.java:1604)
at org.testng.TestRunner.privateRun(TestRunner.java:829)
at org.testng.TestRunner.run(TestRunner.java:602)
at org.testng.SuiteRunner.runTest(SuiteRunner.java:437)
at org.testng.SuiteRunner$SuiteWorker.run(SuiteRunner.java:475)
at org.testng.internal.thread.ThreadUtil.lambda$execute$0(ThreadUtil.java:58)
at java.base/java.util.concurrent.FutureTask.run(FutureTask.java:328)
at java.base/java.util.concurrent.ThreadPoolExecutor.runWorker(ThreadPoolExecutor.java:1090)
at java.base/java.util.concurrent.ThreadPoolExecutor$Worker.run(ThreadPoolExecutor.java:614)
at java.base/java.lang.Thread.run(Thread.java:1474)
]]>
    </failure>
  </testcase> <!-- test_Add_Remove_Item -->
  <system-out/>
  <testcase classname="tests.ProductPageTest" name="validateProductImages" time="21.135"/>
  <system-out/>
  <testcase classname="tests.ProductPageTest" name="validateProduct_Name_Price_Description" time="57.666"/>
  <system-out/>
  <testcase classname="tests.ProductPageTest" name="validateProductImages" time="13.567"/>
  <system-out/>
  <testcase classname="tests.ProductPageTest" name="validateProductImages" time="13.038"/>
  <system-out/>
  <testcase classname="tests.ProductPageTest" name="validateProduct_Name_Price_Description" time="16.497"/>
  <system-out/>
  <testcase classname="tests.ProductPageTest" name="test_Add_Remove_Item" time="13.495"/>
  <system-out/>
  <testcase classname="tests.ProductPageTest" name="test_Add_Remove_Item" time="16.536"/>
  <system-out/>
</testsuite> <!-- tests.ProductPageTest -->
