<?xml version="1.0" encoding="UTF-8"?>
<!-- Generated by org.testng.reporters.JUnitReportReporter -->
<testsuite hostname="archroot" failures="2" tests="5" name="tests.CartTest" time="147.984" errors="0" timestamp="2025-12-07T13:36:10 EET" skipped="0">
  <testcase classname="tests.CartTest" name="verifyAddRemoveItemFromCart" time="17.225"/>
  <system-out/>
  <testcase classname="tests.CartTest" name="verifyAddRemoveItemFromCart" time="82.254"/>
  <system-out/>
  <testcase classname="tests.CartTest" name="verifyAddRemoveItemFromCart" time="13.421">
    <failure message="The following asserts failed:
	User : &#039;problem_user&#039;, The product: Sauce Labs Bolt T-Shirt, Add to Cart test failed: badge count did not decrease expected [true] but found [false],
	User : &#039;problem_user&#039;, The product: Sauce Labs Bolt T-Shirt name does not match the expected name. expected [Sauce Labs Bolt T-Shirt] but found [Sauce Labs Bike Light],
	User : &#039;problem_user&#039;, The product: Sauce Labs Bolt T-Shirt description does not match the expected description. expected [Get your testing superhero on with the Sauce Labs bolt T-shirt. From American Apparel, 100% ringspun combed cotton, heather gray with red bolt.] but found [A red light isn&#039;t the desired state in testing but it sure helps when riding your bike at night. Water-resistant with 3 lighting modes, 1 AAA battery included.],
	User : &#039;problem_user&#039;,The product: Sauce Labs Bolt T-Shirt price does not match the expected price. expected [$15.99] but found [$9.99],
	User : &#039;problem_user&#039;, The product: Sauce Labs Fleece Jacket, Add to Cart test failed: badge count did not decrease expected [true] but found [false],
	User : &#039;problem_user&#039;, The product: Sauce Labs Fleece Jacket name does not match the expected name. expected [Sauce Labs Fleece Jacket] but found [Sauce Labs Bike Light],
	User : &#039;problem_user&#039;, The product: Sauce Labs Fleece Jacket description does not match the expected description. expected [It&#039;s not every day that you come across a midweight quarter-zip fleece jacket capable of handling everything from a relaxing day outdoors to a busy day at the office.] but found [A red light isn&#039;t the desired state in testing but it sure helps when riding your bike at night. Water-resistant with 3 lighting modes, 1 AAA battery included.],
	User : &#039;problem_user&#039;,The product: Sauce Labs Fleece Jacket price does not match the expected price. expected [$49.99] but found [$9.99],
	User : &#039;problem_user&#039;, The product: Test.allTheThings() T-Shirt (Red), Add to Cart test failed: badge count did not decrease expected [true] but found [false],
	User : &#039;problem_user&#039;, The product: Test.allTheThings() T-Shirt (Red) name does not match the expected name. expected [Test.allTheThings() T-Shirt (Red)] but found [Sauce Labs Onesie],
	User : &#039;problem_user&#039;, The product: Test.allTheThings() T-Shirt (Red) description does not match the expected description. expected [This classic Sauce Labs t-shirt is perfect to wear when cozying up to your keyboard to automate a few tests. Super-soft and comfy ringspun combed cotton.] but found [Rib snap infant onesie for the junior automation engineer in development. Reinforced 3-snap bottom closure, two-needle hemmed sleeved and bottom won&#039;t unravel.],
	User : &#039;problem_user&#039;,The product: Test.allTheThings() T-Shirt (Red) price does not match the expected price. expected [$15.99] but found [$7.99],
	User : &#039;problem_user&#039;, The product: Sauce Labs Backpack, Add to Cart test failed: badge count did not decrease expected [true] but found [false],
	User : &#039;problem_user&#039;, The product Sauce Labs Backpack was not removed from the cart. expected [false] but found [true],
	User : &#039;problem_user&#039;, The product: Sauce Labs Bike Light, Add to Cart test failed: badge count did not decrease expected [true] but found [false],
	User : &#039;problem_user&#039;, The product Sauce Labs Bike Light was not removed from the cart. expected [false] but found [true],
	User : &#039;problem_user&#039;, The product: Sauce Labs Bolt T-Shirt, Add to Cart test failed: badge count did not decrease expected [true] but found [false],
	User : &#039;problem_user&#039;, The product: Sauce Labs Fleece Jacket, Add to Cart test failed: badge count did not decrease expected [true] but found [false],
	User : &#039;problem_user&#039;, The product: Sauce Labs Onesie, Add to Cart test failed: badge count did not decrease expected [true] but found [false],
	User : &#039;problem_user&#039;, The product Sauce Labs Onesie was not removed from the cart. expected [false] but found [true],
	User : &#039;problem_user&#039;, The product: Test.allTheThings() T-Shirt (Red), Add to Cart test failed: badge count did not decrease expected [true] but found [false]" type="java.lang.AssertionError">
      <![CDATA[java.lang.AssertionError: The following asserts failed:
User : 'problem_user', The product: Sauce Labs Bolt T-Shirt, Add to Cart test failed: badge count did not decrease expected [true] but found [false],
User : 'problem_user', The product: Sauce Labs Bolt T-Shirt name does not match the expected name. expected [Sauce Labs Bolt T-Shirt] but found [Sauce Labs Bike Light],
User : 'problem_user', The product: Sauce Labs Bolt T-Shirt description does not match the expected description. expected [Get your testing superhero on with the Sauce Labs bolt T-shirt. From American Apparel, 100% ringspun combed cotton, heather gray with red bolt.] but found [A red light isn't the desired state in testing but it sure helps when riding your bike at night. Water-resistant with 3 lighting modes, 1 AAA battery included.],
User : 'problem_user',The product: Sauce Labs Bolt T-Shirt price does not match the expected price. expected [$15.99] but found [$9.99],
User : 'problem_user', The product: Sauce Labs Fleece Jacket, Add to Cart test failed: badge count did not decrease expected [true] but found [false],
User : 'problem_user', The product: Sauce Labs Fleece Jacket name does not match the expected name. expected [Sauce Labs Fleece Jacket] but found [Sauce Labs Bike Light],
User : 'problem_user', The product: Sauce Labs Fleece Jacket description does not match the expected description. expected [It's not every day that you come across a midweight quarter-zip fleece jacket capable of handling everything from a relaxing day outdoors to a busy day at the office.] but found [A red light isn't the desired state in testing but it sure helps when riding your bike at night. Water-resistant with 3 lighting modes, 1 AAA battery included.],
User : 'problem_user',The product: Sauce Labs Fleece Jacket price does not match the expected price. expected [$49.99] but found [$9.99],
User : 'problem_user', The product: Test.allTheThings() T-Shirt (Red), Add to Cart test failed: badge count did not decrease expected [true] but found [false],
User : 'problem_user', The product: Test.allTheThings() T-Shirt (Red) name does not match the expected name. expected [Test.allTheThings() T-Shirt (Red)] but found [Sauce Labs Onesie],
User : 'problem_user', The product: Test.allTheThings() T-Shirt (Red) description does not match the expected description. expected [This classic Sauce Labs t-shirt is perfect to wear when cozying up to your keyboard to automate a few tests. Super-soft and comfy ringspun combed cotton.] but found [Rib snap infant onesie for the junior automation engineer in development. Reinforced 3-snap bottom closure, two-needle hemmed sleeved and bottom won't unravel.],
User : 'problem_user',The product: Test.allTheThings() T-Shirt (Red) price does not match the expected price. expected [$15.99] but found [$7.99],
User : 'problem_user', The product: Sauce Labs Backpack, Add to Cart test failed: badge count did not decrease expected [true] but found [false],
User : 'problem_user', The product Sauce Labs Backpack was not removed from the cart. expected [false] but found [true],
User : 'problem_user', The product: Sauce Labs Bike Light, Add to Cart test failed: badge count did not decrease expected [true] but found [false],
User : 'problem_user', The product Sauce Labs Bike Light was not removed from the cart. expected [false] but found [true],
User : 'problem_user', The product: Sauce Labs Bolt T-Shirt, Add to Cart test failed: badge count did not decrease expected [true] but found [false],
User : 'problem_user', The product: Sauce Labs Fleece Jacket, Add to Cart test failed: badge count did not decrease expected [true] but found [false],
User : 'problem_user', The product: Sauce Labs Onesie, Add to Cart test failed: badge count did not decrease expected [true] but found [false],
User : 'problem_user', The product Sauce Labs Onesie was not removed from the cart. expected [false] but found [true],
User : 'problem_user', The product: Test.allTheThings() T-Shirt (Red), Add to Cart test failed: badge count did not decrease expected [true] but found [false]
at org.testng.asserts.SoftAssert.assertAll(SoftAssert.java:46)
at org.testng.asserts.SoftAssert.assertAll(SoftAssert.java:30)
at tests.CartTest.verifyAddRemoveItemFromCart(CartTest.java:128)
at java.base/jdk.internal.reflect.DirectMethodHandleAccessor.invoke(DirectMethodHandleAccessor.java:104)
at java.base/java.lang.reflect.Method.invoke(Method.java:565)
at org.testng.internal.invokers.MethodInvocationHelper.invokeMethod(MethodInvocationHelper.java:139)
at org.testng.internal.invokers.TestInvoker.invokeMethod(TestInvoker.java:677)
at org.testng.internal.invokers.TestInvoker.invokeTestMethod(TestInvoker.java:221)
at org.testng.internal.invokers.MethodRunner.runInSequence(MethodRunner.java:50)
at org.testng.internal.invokers.TestInvoker$MethodInvocationAgent.invoke(TestInvoker.java:969)
at org.testng.internal.invokers.TestInvoker.invokeTestMethods(TestInvoker.java:194)
at org.testng.internal.invokers.TestMethodWorker.invokeTestMethods(TestMethodWorker.java:148)
at org.testng.internal.invokers.TestMethodWorker.run(TestMethodWorker.java:128)
at java.base/java.util.ArrayList.forEach(ArrayList.java:1604)
at org.testng.TestRunner.privateRun(TestRunner.java:829)
at org.testng.TestRunner.run(TestRunner.java:602)
at org.testng.SuiteRunner.runTest(SuiteRunner.java:437)
at org.testng.SuiteRunner$SuiteWorker.run(SuiteRunner.java:475)
at org.testng.internal.thread.ThreadUtil.lambda$execute$0(ThreadUtil.java:58)
at java.base/java.util.concurrent.FutureTask.run(FutureTask.java:328)
at java.base/java.util.concurrent.ThreadPoolExecutor.runWorker(ThreadPoolExecutor.java:1090)
at java.base/java.util.concurrent.ThreadPoolExecutor$Worker.run(ThreadPoolExecutor.java:614)
at java.base/java.lang.Thread.run(Thread.java:1474)
]]>
    </failure>
  </testcase> <!-- verifyAddRemoveItemFromCart -->
  <system-out/>
  <testcase classname="tests.CartTest" name="verifyAddRemoveItemFromCart" time="16.281"/>
  <system-out/>
  <testcase classname="tests.CartTest" name="verifyAddRemoveItemFromCart" time="18.803">
    <failure message="The following asserts failed:
	User : &#039;error_user&#039;, The product: Sauce Labs Bolt T-Shirt, Add to Cart test failed: badge count did not decrease expected [true] but found [false],
	User : &#039;error_user&#039;, The product: Sauce Labs Bolt T-Shirt name does not match the expected name. expected [Sauce Labs Bolt T-Shirt] but found [Sauce Labs Bike Light],
	User : &#039;error_user&#039;, The product: Sauce Labs Bolt T-Shirt description does not match the expected description. expected [Get your testing superhero on with the Sauce Labs bolt T-shirt. From American Apparel, 100% ringspun combed cotton, heather gray with red bolt.] but found [A red light isn&#039;t the desired state in testing but it sure helps when riding your bike at night. Water-resistant with 3 lighting modes, 1 AAA battery included.],
	User : &#039;error_user&#039;,The product: Sauce Labs Bolt T-Shirt price does not match the expected price. expected [$15.99] but found [$9.99],
	User : &#039;error_user&#039;, The product: Sauce Labs Fleece Jacket, Add to Cart test failed: badge count did not decrease expected [true] but found [false],
	User : &#039;error_user&#039;, The product: Sauce Labs Fleece Jacket name does not match the expected name. expected [Sauce Labs Fleece Jacket] but found [Sauce Labs Bike Light],
	User : &#039;error_user&#039;, The product: Sauce Labs Fleece Jacket description does not match the expected description. expected [It&#039;s not every day that you come across a midweight quarter-zip fleece jacket capable of handling everything from a relaxing day outdoors to a busy day at the office.] but found [A red light isn&#039;t the desired state in testing but it sure helps when riding your bike at night. Water-resistant with 3 lighting modes, 1 AAA battery included.],
	User : &#039;error_user&#039;,The product: Sauce Labs Fleece Jacket price does not match the expected price. expected [$49.99] but found [$9.99],
	User : &#039;error_user&#039;, The product: Test.allTheThings() T-Shirt (Red), Add to Cart test failed: badge count did not decrease expected [true] but found [false],
	User : &#039;error_user&#039;, The product: Test.allTheThings() T-Shirt (Red) name does not match the expected name. expected [Test.allTheThings() T-Shirt (Red)] but found [Sauce Labs Onesie],
	User : &#039;error_user&#039;, The product: Test.allTheThings() T-Shirt (Red) description does not match the expected description. expected [This classic Sauce Labs t-shirt is perfect to wear when cozying up to your keyboard to automate a few tests. Super-soft and comfy ringspun combed cotton.] but found [Rib snap infant onesie for the junior automation engineer in development. Reinforced 3-snap bottom closure, two-needle hemmed sleeved and bottom won&#039;t unravel.],
	User : &#039;error_user&#039;,The product: Test.allTheThings() T-Shirt (Red) price does not match the expected price. expected [$15.99] but found [$7.99],
	User : &#039;error_user&#039;, The product: Sauce Labs Backpack, Add to Cart test failed: badge count did not decrease expected [true] but found [false],
	User : &#039;error_user&#039;, The product Sauce Labs Backpack was not removed from the cart. expected [false] but found [true],
	User : &#039;error_user&#039;, The product: Sauce Labs Bike Light, Add to Cart test failed: badge count did not decrease expected [true] but found [false],
	User : &#039;error_user&#039;, The product Sauce Labs Bike Light was not removed from the cart. expected [false] but found [true],
	User : &#039;error_user&#039;, The product: Sauce Labs Bolt T-Shirt, Add to Cart test failed: badge count did not decrease expected [true] but found [false],
	User : &#039;error_user&#039;, The product: Sauce Labs Fleece Jacket, Add to Cart test failed: badge count did not decrease expected [true] but found [false],
	User : &#039;error_user&#039;, The product: Sauce Labs Onesie, Add to Cart test failed: badge count did not decrease expected [true] but found [false],
	User : &#039;error_user&#039;, The product Sauce Labs Onesie was not removed from the cart. expected [false] but found [true],
	User : &#039;error_user&#039;, The product: Test.allTheThings() T-Shirt (Red), Add to Cart test failed: badge count did not decrease expected [true] but found [false]" type="java.lang.AssertionError">
      <![CDATA[java.lang.AssertionError: The following asserts failed:
User : 'error_user', The product: Sauce Labs Bolt T-Shirt, Add to Cart test failed: badge count did not decrease expected [true] but found [false],
User : 'error_user', The product: Sauce Labs Bolt T-Shirt name does not match the expected name. expected [Sauce Labs Bolt T-Shirt] but found [Sauce Labs Bike Light],
User : 'error_user', The product: Sauce Labs Bolt T-Shirt description does not match the expected description. expected [Get your testing superhero on with the Sauce Labs bolt T-shirt. From American Apparel, 100% ringspun combed cotton, heather gray with red bolt.] but found [A red light isn't the desired state in testing but it sure helps when riding your bike at night. Water-resistant with 3 lighting modes, 1 AAA battery included.],
User : 'error_user',The product: Sauce Labs Bolt T-Shirt price does not match the expected price. expected [$15.99] but found [$9.99],
User : 'error_user', The product: Sauce Labs Fleece Jacket, Add to Cart test failed: badge count did not decrease expected [true] but found [false],
User : 'error_user', The product: Sauce Labs Fleece Jacket name does not match the expected name. expected [Sauce Labs Fleece Jacket] but found [Sauce Labs Bike Light],
User : 'error_user', The product: Sauce Labs Fleece Jacket description does not match the expected description. expected [It's not every day that you come across a midweight quarter-zip fleece jacket capable of handling everything from a relaxing day outdoors to a busy day at the office.] but found [A red light isn't the desired state in testing but it sure helps when riding your bike at night. Water-resistant with 3 lighting modes, 1 AAA battery included.],
User : 'error_user',The product: Sauce Labs Fleece Jacket price does not match the expected price. expected [$49.99] but found [$9.99],
User : 'error_user', The product: Test.allTheThings() T-Shirt (Red), Add to Cart test failed: badge count did not decrease expected [true] but found [false],
User : 'error_user', The product: Test.allTheThings() T-Shirt (Red) name does not match the expected name. expected [Test.allTheThings() T-Shirt (Red)] but found [Sauce Labs Onesie],
User : 'error_user', The product: Test.allTheThings() T-Shirt (Red) description does not match the expected description. expected [This classic Sauce Labs t-shirt is perfect to wear when cozying up to your keyboard to automate a few tests. Super-soft and comfy ringspun combed cotton.] but found [Rib snap infant onesie for the junior automation engineer in development. Reinforced 3-snap bottom closure, two-needle hemmed sleeved and bottom won't unravel.],
User : 'error_user',The product: Test.allTheThings() T-Shirt (Red) price does not match the expected price. expected [$15.99] but found [$7.99],
User : 'error_user', The product: Sauce Labs Backpack, Add to Cart test failed: badge count did not decrease expected [true] but found [false],
User : 'error_user', The product Sauce Labs Backpack was not removed from the cart. expected [false] but found [true],
User : 'error_user', The product: Sauce Labs Bike Light, Add to Cart test failed: badge count did not decrease expected [true] but found [false],
User : 'error_user', The product Sauce Labs Bike Light was not removed from the cart. expected [false] but found [true],
User : 'error_user', The product: Sauce Labs Bolt T-Shirt, Add to Cart test failed: badge count did not decrease expected [true] but found [false],
User : 'error_user', The product: Sauce Labs Fleece Jacket, Add to Cart test failed: badge count did not decrease expected [true] but found [false],
User : 'error_user', The product: Sauce Labs Onesie, Add to Cart test failed: badge count did not decrease expected [true] but found [false],
User : 'error_user', The product Sauce Labs Onesie was not removed from the cart. expected [false] but found [true],
User : 'error_user', The product: Test.allTheThings() T-Shirt (Red), Add to Cart test failed: badge count did not decrease expected [true] but found [false]
at org.testng.asserts.SoftAssert.assertAll(SoftAssert.java:46)
at org.testng.asserts.SoftAssert.assertAll(SoftAssert.java:30)
at tests.CartTest.verifyAddRemoveItemFromCart(CartTest.java:128)
at java.base/jdk.internal.reflect.DirectMethodHandleAccessor.invoke(DirectMethodHandleAccessor.java:104)
at java.base/java.lang.reflect.Method.invoke(Method.java:565)
at org.testng.internal.invokers.MethodInvocationHelper.invokeMethod(MethodInvocationHelper.java:139)
at org.testng.internal.invokers.TestInvoker.invokeMethod(TestInvoker.java:677)
at org.testng.internal.invokers.TestInvoker.invokeTestMethod(TestInvoker.java:221)
at org.testng.internal.invokers.MethodRunner.runInSequence(MethodRunner.java:50)
at org.testng.internal.invokers.TestInvoker$MethodInvocationAgent.invoke(TestInvoker.java:969)
at org.testng.internal.invokers.TestInvoker.invokeTestMethods(TestInvoker.java:194)
at org.testng.internal.invokers.TestMethodWorker.invokeTestMethods(TestMethodWorker.java:148)
at org.testng.internal.invokers.TestMethodWorker.run(TestMethodWorker.java:128)
at java.base/java.util.ArrayList.forEach(ArrayList.java:1604)
at org.testng.TestRunner.privateRun(TestRunner.java:829)
at org.testng.TestRunner.run(TestRunner.java:602)
at org.testng.SuiteRunner.runTest(SuiteRunner.java:437)
at org.testng.SuiteRunner$SuiteWorker.run(SuiteRunner.java:475)
at org.testng.internal.thread.ThreadUtil.lambda$execute$0(ThreadUtil.java:58)
at java.base/java.util.concurrent.FutureTask.run(FutureTask.java:328)
at java.base/java.util.concurrent.ThreadPoolExecutor.runWorker(ThreadPoolExecutor.java:1090)
at java.base/java.util.concurrent.ThreadPoolExecutor$Worker.run(ThreadPoolExecutor.java:614)
at java.base/java.lang.Thread.run(Thread.java:1474)
]]>
    </failure>
  </testcase> <!-- verifyAddRemoveItemFromCart -->
  <system-out/>
</testsuite> <!-- tests.CartTest -->
